#
# A fatal error has been detected by the Java Runtime Environment:
#
#  EXCEPTION_ACCESS_VIOLATION (0xc0000005) at pc=0x00007ff906b5aebe, pid=30324, tid=14628
#
# JRE version: OpenJDK Runtime Environment Temurin-17.0.1+12 (17.0.1+12) (build 17.0.1+12)
# Java VM: OpenJDK 64-Bit Server VM Temurin-17.0.1+12 (17.0.1+12, mixed mode, tiered, compressed oops, compressed class ptrs, g1 gc, windows-amd64)
# Problematic frame:
# C  [nvoglv64.dll+0x126aebe]
#
# No core dump will be written. Minidumps are not enabled by default on client versions of Windows
#
# If you would like to submit a bug report, please visit:
#   https://github.com/adoptium/adoptium-support/issues
# The crash happened outside the Java Virtual Machine in native code.
# See problematic frame for where to report the bug.
#

---------------  S U M M A R Y ------------

Command Line: -Dfile.encoding=Cp1252 -XX:+ShowCodeDetailsInExceptionMessages robatortas.code.files.MainApp

Host: Intel(R) Core(TM) i9-10900KF CPU @ 3.70GHz, 20 cores, 23G,  Windows 10 , 64 bit Build 19041 (10.0.19041.1503)
Time: Sun Feb 13 21:50:46 2022 Pacific Standard Time (Mexico) elapsed time: 0.494254 seconds (0d 0h 0m 0s)

---------------  T H R E A D  ---------------

Current thread (0x00000207cf8e7b90):  JavaThread "main" [_thread_in_native, id=14628, stack(0x0000001223d00000,0x0000001223e00000)]

Stack: [0x0000001223d00000,0x0000001223e00000],  sp=0x0000001223dfec78,  free space=1019k
Native frames: (J=compiled Java code, j=interpreted, Vv=VM code, C=native code)
C  [nvoglv64.dll+0x126aebe]

Java frames: (J=compiled Java code, j=interpreted, Vv=VM code)
j  org.lwjgl.opengl.GL11C.nglTexImage2D(IIIIIIIIJ)V+0
j  org.lwjgl.opengl.GL11C.glTexImage2D(IIIIIIIILjava/nio/ByteBuffer;)V+17
j  org.lwjgl.opengl.GL11.glTexImage2D(IIIIIIIILjava/nio/ByteBuffer;)V+14
j  robatortas.code.files.models.Loader.loadTexture(Ljava/lang/String;)I+301
j  robatortas.code.files.DisplayManager.window()V+999
j  robatortas.code.files.DisplayManager.create()V+1
j  robatortas.code.files.MainApp.main([Ljava/lang/String;)V+13
v  ~StubRoutines::call_stub

siginfo: EXCEPTION_ACCESS_VIOLATION (0xc0000005), reading address 0x00000207fbaa5000


Register to memory mapping:

RIP=0x00007ff906b5aebe nvoglv64.dll
RAX=0x00000207fb767124 points into unknown readable memory: ff 00 ff ff
RBX=0x00000207fb767124 points into unknown readable memory: ff 00 ff ff
RCX=0x000000000001f160 is an unknown value
RDX=0x000000000032d03c is an unknown value
RSP=0x0000001223dfec78 is pointing into the stack for thread: 0x00000207cf8e7b90
RBP=0x00000207fba94160 points into unknown readable memory: 0xffff00ffffff00ff | ff 00 ff ff ff 00 ff ff
RSI=0x00000207fbaa5000 is an unknown value
RDI=0x00000207fb777fc4 points into unknown readable memory: 00 00 00 00
R8 =0x0000000000030000 is an unknown value
R9 =0x0000000000000008 is an unknown value
R10=0x00000207fba94160 points into unknown readable memory: 0xffff00ffffff00ff | ff 00 ff ff ff 00 ff ff
R11=0x00000207fb767124 points into unknown readable memory: ff 00 ff ff
R12=0x0000000000001401 is an unknown value
R13=0x0000000000001907 is an unknown value
R14=0x0000000000000100 is an unknown value
R15=0x0000000000000de1 is an unknown value


Registers:
RAX=0x00000207fb767124, RBX=0x00000207fb767124, RCX=0x000000000001f160, RDX=0x000000000032d03c
RSP=0x0000001223dfec78, RBP=0x00000207fba94160, RSI=0x00000207fbaa5000, RDI=0x00000207fb777fc4
R8 =0x0000000000030000, R9 =0x0000000000000008, R10=0x00000207fba94160, R11=0x00000207fb767124
R12=0x0000000000001401, R13=0x0000000000001907, R14=0x0000000000000100, R15=0x0000000000000de1
RIP=0x00007ff906b5aebe, EFLAGS=0x0000000000010202

Top of Stack: (sp=0x0000001223dfec78)
0x0000001223dfec78:   0000000000030000 00000207f61cb080
0x0000001223dfec88:   00007ff90622cdaf 0000000000000000
0x0000001223dfec98:   0000000000000000 0000000000000000
0x0000001223dfeca8:   00000207d2f98e10 0000000000000000
0x0000001223dfecb8:   0000000000001907 0000020700001401
0x0000001223dfecc8:   00000207fba94160 0000000000030000
0x0000001223dfecd8:   0000000000000000 00000207cf8e7b90
0x0000001223dfece8:   0000001223dfef00 00000207fd0758d0
0x0000001223dfecf8:   0000000000000000 0000000000001907
0x0000001223dfed08:   0000000000000000 0000000000000de1
0x0000001223dfed18:   00007ff99de1601a 0000000000000100
0x0000001223dfed28:   0000006000000000 0000020700001907
0x0000001223dfed38:   0000001223dfef00 0000000000000100
0x0000001223dfed48:   0000000000000000 0000020700001907
0x0000001223dfed58:   0000020700001401 00000207fba94160
0x0000001223dfed68:   00007ff91ec01932 0000000000000942 

Instructions: (pc=0x00007ff906b5aebe)
0x00007ff906b5adbe:   cc cc cc cc cc cc cc cc 66 66 0f 1f 84 00 00 00
0x00007ff906b5adce:   00 00 48 2b d1 49 83 f8 08 72 22 f6 c1 07 74 14
0x00007ff906b5adde:   66 90 8a 01 3a 04 11 75 2c 48 ff c1 49 ff c8 f6
0x00007ff906b5adee:   c1 07 75 ee 4d 8b c8 49 c1 e9 03 75 1f 4d 85 c0
0x00007ff906b5adfe:   74 0f 8a 01 3a 04 11 75 0c 48 ff c1 49 ff c8 75
0x00007ff906b5ae0e:   f1 48 33 c0 c3 1b c0 83 d8 ff c3 90 49 c1 e9 02
0x00007ff906b5ae1e:   74 37 48 8b 01 48 3b 04 11 75 5b 48 8b 41 08 48
0x00007ff906b5ae2e:   3b 44 11 08 75 4c 48 8b 41 10 48 3b 44 11 10 75
0x00007ff906b5ae3e:   3d 48 8b 41 18 48 3b 44 11 18 75 2e 48 83 c1 20
0x00007ff906b5ae4e:   49 ff c9 75 cd 49 83 e0 1f 4d 8b c8 49 c1 e9 03
0x00007ff906b5ae5e:   74 9b 48 8b 01 48 3b 04 11 75 1b 48 83 c1 08 49
0x00007ff906b5ae6e:   ff c9 75 ee 49 83 e0 07 eb 83 48 83 c1 08 48 83
0x00007ff906b5ae7e:   c1 08 48 83 c1 08 48 8b 0c 0a 48 0f c8 48 0f c9
0x00007ff906b5ae8e:   48 3b c1 1b c0 83 d8 ff c3 cc cc cc cc cc cc cc
0x00007ff906b5ae9e:   cc cc cc cc cc cc cc cc 66 66 0f 1f 84 00 00 00
0x00007ff906b5aeae:   00 00 57 56 49 8b c3 48 8b f9 49 8b c8 49 8b f2
0x00007ff906b5aebe:   f3 a4 5e 5f c3 cc cc cc cc cc cc 0f 1f 80 00 00
0x00007ff906b5aece:   00 00 4c 8b d9 4c 8b d2 49 83 f8 10 76 54 49 83
0x00007ff906b5aede:   f8 20 76 2e 48 2b d1 73 0d 4b 8d 04 10 48 3b c8
0x00007ff906b5aeee:   0f 82 dc 02 00 00 49 81 f8 80 00 00 00 0f 86 0f
0x00007ff906b5aefe:   02 00 00 f6 05 28 7b bf 01 02 0f 84 52 01 00 00
0x00007ff906b5af0e:   eb a0 0f 10 02 42 0f 10 4c 02 f0 0f 11 01 42 0f
0x00007ff906b5af1e:   11 4c 01 f0 48 8b c1 c3 66 66 0f 1f 84 00 00 00
0x00007ff906b5af2e:   00 00 48 8b c1 4c 8d 0d c6 50 d9 fe 43 8b 8c 81
0x00007ff906b5af3e:   10 fa fc 02 49 03 c9 ff e1 66 0f 1f 84 00 00 00
0x00007ff906b5af4e:   00 00 c3 0f b7 0a 66 89 08 c3 48 8b 0a 48 89 08
0x00007ff906b5af5e:   c3 0f b7 0a 44 0f b6 42 02 66 89 08 44 88 40 02
0x00007ff906b5af6e:   c3 0f b6 0a 88 08 c3 f3 0f 6f 02 f3 0f 7f 00 c3
0x00007ff906b5af7e:   66 90 4c 8b 02 0f b7 4a 08 44 0f b6 4a 0a 4c 89
0x00007ff906b5af8e:   00 66 89 48 08 44 88 48 0a c3 8b 0a 89 08 c3 0f
0x00007ff906b5af9e:   1f 00 8b 0a 44 0f b6 42 04 89 08 44 88 40 04 c3
0x00007ff906b5afae:   66 90 8b 0a 44 0f b7 42 04 89 08 66 44 89 40 04 


Stack slot to memory mapping:
stack at sp + 0 slots: 0x0000000000030000 is an unknown value
stack at sp + 1 slots: 0x00000207f61cb080 points into unknown readable memory: 0x0000000000000000 | 00 00 00 00 00 00 00 00
stack at sp + 2 slots: 0x00007ff90622cdaf nvoglv64.dll
stack at sp + 3 slots: 0x0 is NULL
stack at sp + 4 slots: 0x0 is NULL
stack at sp + 5 slots: 0x0 is NULL
stack at sp + 6 slots: 0x00000207d2f98e10 is at code_begin+-112 in 
[CodeBlob (0x00000207d2f98e10)]
Framesize: 0
BufferBlob (0x00000207d2f98e10) used for Interpreter
stack at sp + 7 slots: 0x0 is NULL


---------------  P R O C E S S  ---------------

Threads class SMR info:
_java_thread_list=0x00000207f57dc3e0, length=17, elements={
0x00000207cf8e7b90, 0x00000207f4024100, 0x00000207f4c5c680, 0x00000207f4c99010,
0x00000207f4c9b8e0, 0x00000207f4c9c1a0, 0x00000207f4c9da70, 0x00000207f4ca3b70,
0x00000207f4ca6090, 0x00000207f4cb05a0, 0x00000207f4df21c0, 0x00000207f4dfe710,
0x00000207f4e0e2b0, 0x00000207f4e1abb0, 0x00000207fbc5c980, 0x00000207fbae4850,
0x00000207fbae4d60
}

Java Threads: ( => current thread )
=>0x00000207cf8e7b90 JavaThread "main" [_thread_in_native, id=14628, stack(0x0000001223d00000,0x0000001223e00000)]
  0x00000207f4024100 JavaThread "Reference Handler" daemon [_thread_blocked, id=6028, stack(0x0000001224400000,0x0000001224500000)]
  0x00000207f4c5c680 JavaThread "Finalizer" daemon [_thread_blocked, id=23064, stack(0x0000001224500000,0x0000001224600000)]
  0x00000207f4c99010 JavaThread "Signal Dispatcher" daemon [_thread_blocked, id=19036, stack(0x0000001224600000,0x0000001224700000)]
  0x00000207f4c9b8e0 JavaThread "Attach Listener" daemon [_thread_blocked, id=34508, stack(0x0000001224700000,0x0000001224800000)]
  0x00000207f4c9c1a0 JavaThread "Service Thread" daemon [_thread_blocked, id=13316, stack(0x0000001224800000,0x0000001224900000)]
  0x00000207f4c9da70 JavaThread "Monitor Deflation Thread" daemon [_thread_blocked, id=21368, stack(0x0000001224900000,0x0000001224a00000)]
  0x00000207f4ca3b70 JavaThread "C2 CompilerThread0" daemon [_thread_blocked, id=13872, stack(0x0000001224a00000,0x0000001224b00000)]
  0x00000207f4ca6090 JavaThread "C1 CompilerThread0" daemon [_thread_blocked, id=20268, stack(0x0000001224b00000,0x0000001224c00000)]
  0x00000207f4cb05a0 JavaThread "Sweeper thread" daemon [_thread_blocked, id=33140, stack(0x0000001224c00000,0x0000001224d00000)]
  0x00000207f4df21c0 JavaThread "C1 CompilerThread1" daemon [_thread_blocked, id=20972, stack(0x0000001224d00000,0x0000001224e00000)]
  0x00000207f4dfe710 JavaThread "C1 CompilerThread2" daemon [_thread_blocked, id=17440, stack(0x0000001224e00000,0x0000001224f00000)]
  0x00000207f4e0e2b0 JavaThread "Notification Thread" daemon [_thread_blocked, id=35756, stack(0x0000001224f00000,0x0000001225000000)]
  0x00000207f4e1abb0 JavaThread "Common-Cleaner" daemon [_thread_blocked, id=23500, stack(0x0000001225100000,0x0000001225200000)]
  0x00000207fbc5c980 JavaThread "Java2D Disposer" daemon [_thread_blocked, id=29464, stack(0x0000001225800000,0x0000001225900000)]
  0x00000207fbae4850 JavaThread "C2 CompilerThread1" daemon [_thread_blocked, id=9560, stack(0x0000001225900000,0x0000001225a00000)]
  0x00000207fbae4d60 JavaThread "C2 CompilerThread2" daemon [_thread_blocked, id=24500, stack(0x0000001225a00000,0x0000001225b00000)]

Other Threads:
  0x00000207f4049cb0 VMThread "VM Thread" [stack: 0x0000001224300000,0x0000001224400000] [id=16388]
  0x00000207f4e17b50 WatcherThread [stack: 0x0000001225000000,0x0000001225100000] [id=34236]
  0x00000207cf94a2f0 GCTaskThread "GC Thread#0" [stack: 0x0000001223e00000,0x0000001223f00000] [id=13228]
  0x00000207cf974850 ConcurrentGCThread "G1 Main Marker" [stack: 0x0000001223f00000,0x0000001224000000] [id=16560]
  0x00000207cf976180 ConcurrentGCThread "G1 Conc#0" [stack: 0x0000001224000000,0x0000001224100000] [id=28164]
  0x00000207f3eda1f0 ConcurrentGCThread "G1 Refine#0" [stack: 0x0000001224100000,0x0000001224200000] [id=1320]
  0x00000207f3eda8c0 ConcurrentGCThread "G1 Service" [stack: 0x0000001224200000,0x0000001224300000] [id=19248]

Threads with active compile tasks:

VM state: not at safepoint (normal execution)

VM Mutex/Monitor currently owned by a thread: None

Heap address: 0x0000000681800000, size: 6120 MB, Compressed Oops mode: Zero based, Oop shift amount: 3

CDS archive(s) not mapped
Compressed class space mapped at: 0x0000000800000000-0x0000000840000000, reserved size: 1073741824
Narrow klass base: 0x0000000800000000, Narrow klass shift: 0, Narrow klass range: 0x40000000

GC Precious Log:
 CPUs: 20 total, 20 available
 Memory: 24477M
 Large Page Support: Disabled
 NUMA Support: Disabled
 Compressed Oops: Enabled (Zero based)
 Heap Region Size: 4M
 Heap Min Capacity: 8M
 Heap Initial Capacity: 384M
 Heap Max Capacity: 6120M
 Pre-touch: Disabled
 Parallel Workers: 15
 Concurrent Workers: 4
 Concurrent Refinement Workers: 15
 Periodic GC: Disabled

Heap:
 garbage-first heap   total 393216K, used 8192K [0x0000000681800000, 0x0000000800000000)
  region size 4096K, 3 young (12288K), 0 survivors (0K)
 Metaspace       used 12188K, committed 12352K, reserved 1064960K
  class space    used 965K, committed 1024K, reserved 1048576K

Heap Regions: E=young(eden), S=young(survivor), O=old, HS=humongous(starts), HC=humongous(continues), CS=collection set, F=free, OA=open archive, CA=closed archive, TAMS=top-at-mark-start (previous, next)
|   0|0x0000000681800000, 0x0000000681800000, 0x0000000681c00000|  0%| F|  |TAMS 0x0000000681800000, 0x0000000681800000| Untracked 
|   1|0x0000000681c00000, 0x0000000681c00000, 0x0000000682000000|  0%| F|  |TAMS 0x0000000681c00000, 0x0000000681c00000| Untracked 
|   2|0x0000000682000000, 0x0000000682000000, 0x0000000682400000|  0%| F|  |TAMS 0x0000000682000000, 0x0000000682000000| Untracked 
|   3|0x0000000682400000, 0x0000000682400000, 0x0000000682800000|  0%| F|  |TAMS 0x0000000682400000, 0x0000000682400000| Untracked 
|   4|0x0000000682800000, 0x0000000682800000, 0x0000000682c00000|  0%| F|  |TAMS 0x0000000682800000, 0x0000000682800000| Untracked 
|   5|0x0000000682c00000, 0x0000000682c00000, 0x0000000683000000|  0%| F|  |TAMS 0x0000000682c00000, 0x0000000682c00000| Untracked 
|   6|0x0000000683000000, 0x0000000683000000, 0x0000000683400000|  0%| F|  |TAMS 0x0000000683000000, 0x0000000683000000| Untracked 
|   7|0x0000000683400000, 0x0000000683400000, 0x0000000683800000|  0%| F|  |TAMS 0x0000000683400000, 0x0000000683400000| Untracked 
|   8|0x0000000683800000, 0x0000000683800000, 0x0000000683c00000|  0%| F|  |TAMS 0x0000000683800000, 0x0000000683800000| Untracked 
|   9|0x0000000683c00000, 0x0000000683c00000, 0x0000000684000000|  0%| F|  |TAMS 0x0000000683c00000, 0x0000000683c00000| Untracked 
|  10|0x0000000684000000, 0x0000000684000000, 0x0000000684400000|  0%| F|  |TAMS 0x0000000684000000, 0x0000000684000000| Untracked 
|  11|0x0000000684400000, 0x0000000684400000, 0x0000000684800000|  0%| F|  |TAMS 0x0000000684400000, 0x0000000684400000| Untracked 
|  12|0x0000000684800000, 0x0000000684800000, 0x0000000684c00000|  0%| F|  |TAMS 0x0000000684800000, 0x0000000684800000| Untracked 
|  13|0x0000000684c00000, 0x0000000684c00000, 0x0000000685000000|  0%| F|  |TAMS 0x0000000684c00000, 0x0000000684c00000| Untracked 
|  14|0x0000000685000000, 0x0000000685000000, 0x0000000685400000|  0%| F|  |TAMS 0x0000000685000000, 0x0000000685000000| Untracked 
|  15|0x0000000685400000, 0x0000000685400000, 0x0000000685800000|  0%| F|  |TAMS 0x0000000685400000, 0x0000000685400000| Untracked 
|  16|0x0000000685800000, 0x0000000685800000, 0x0000000685c00000|  0%| F|  |TAMS 0x0000000685800000, 0x0000000685800000| Untracked 
|  17|0x0000000685c00000, 0x0000000685c00000, 0x0000000686000000|  0%| F|  |TAMS 0x0000000685c00000, 0x0000000685c00000| Untracked 
|  18|0x0000000686000000, 0x0000000686000000, 0x0000000686400000|  0%| F|  |TAMS 0x0000000686000000, 0x0000000686000000| Untracked 
|  19|0x0000000686400000, 0x0000000686400000, 0x0000000686800000|  0%| F|  |TAMS 0x0000000686400000, 0x0000000686400000| Untracked 
|  20|0x0000000686800000, 0x0000000686800000, 0x0000000686c00000|  0%| F|  |TAMS 0x0000000686800000, 0x0000000686800000| Untracked 
|  21|0x0000000686c00000, 0x0000000686c00000, 0x0000000687000000|  0%| F|  |TAMS 0x0000000686c00000, 0x0000000686c00000| Untracked 
|  22|0x0000000687000000, 0x0000000687000000, 0x0000000687400000|  0%| F|  |TAMS 0x0000000687000000, 0x0000000687000000| Untracked 
|  23|0x0000000687400000, 0x0000000687400000, 0x0000000687800000|  0%| F|  |TAMS 0x0000000687400000, 0x0000000687400000| Untracked 
|  24|0x0000000687800000, 0x0000000687800000, 0x0000000687c00000|  0%| F|  |TAMS 0x0000000687800000, 0x0000000687800000| Untracked 
|  25|0x0000000687c00000, 0x0000000687c00000, 0x0000000688000000|  0%| F|  |TAMS 0x0000000687c00000, 0x0000000687c00000| Untracked 
|  26|0x0000000688000000, 0x0000000688000000, 0x0000000688400000|  0%| F|  |TAMS 0x0000000688000000, 0x0000000688000000| Untracked 
|  27|0x0000000688400000, 0x0000000688400000, 0x0000000688800000|  0%| F|  |TAMS 0x0000000688400000, 0x0000000688400000| Untracked 
|  28|0x0000000688800000, 0x0000000688800000, 0x0000000688c00000|  0%| F|  |TAMS 0x0000000688800000, 0x0000000688800000| Untracked 
|  29|0x0000000688c00000, 0x0000000688c00000, 0x0000000689000000|  0%| F|  |TAMS 0x0000000688c00000, 0x0000000688c00000| Untracked 
|  30|0x0000000689000000, 0x0000000689000000, 0x0000000689400000|  0%| F|  |TAMS 0x0000000689000000, 0x0000000689000000| Untracked 
|  31|0x0000000689400000, 0x0000000689400000, 0x0000000689800000|  0%| F|  |TAMS 0x0000000689400000, 0x0000000689400000| Untracked 
|  32|0x0000000689800000, 0x0000000689800000, 0x0000000689c00000|  0%| F|  |TAMS 0x0000000689800000, 0x0000000689800000| Untracked 
|  33|0x0000000689c00000, 0x0000000689c00000, 0x000000068a000000|  0%| F|  |TAMS 0x0000000689c00000, 0x0000000689c00000| Untracked 
|  34|0x000000068a000000, 0x000000068a000000, 0x000000068a400000|  0%| F|  |TAMS 0x000000068a000000, 0x000000068a000000| Untracked 
|  35|0x000000068a400000, 0x000000068a400000, 0x000000068a800000|  0%| F|  |TAMS 0x000000068a400000, 0x000000068a400000| Untracked 
|  36|0x000000068a800000, 0x000000068a800000, 0x000000068ac00000|  0%| F|  |TAMS 0x000000068a800000, 0x000000068a800000| Untracked 
|  37|0x000000068ac00000, 0x000000068ac00000, 0x000000068b000000|  0%| F|  |TAMS 0x000000068ac00000, 0x000000068ac00000| Untracked 
|  38|0x000000068b000000, 0x000000068b000000, 0x000000068b400000|  0%| F|  |TAMS 0x000000068b000000, 0x000000068b000000| Untracked 
|  39|0x000000068b400000, 0x000000068b400000, 0x000000068b800000|  0%| F|  |TAMS 0x000000068b400000, 0x000000068b400000| Untracked 
|  40|0x000000068b800000, 0x000000068b800000, 0x000000068bc00000|  0%| F|  |TAMS 0x000000068b800000, 0x000000068b800000| Untracked 
|  41|0x000000068bc00000, 0x000000068bc00000, 0x000000068c000000|  0%| F|  |TAMS 0x000000068bc00000, 0x000000068bc00000| Untracked 
|  42|0x000000068c000000, 0x000000068c000000, 0x000000068c400000|  0%| F|  |TAMS 0x000000068c000000, 0x000000068c000000| Untracked 
|  43|0x000000068c400000, 0x000000068c400000, 0x000000068c800000|  0%| F|  |TAMS 0x000000068c400000, 0x000000068c400000| Untracked 
|  44|0x000000068c800000, 0x000000068c800000, 0x000000068cc00000|  0%| F|  |TAMS 0x000000068c800000, 0x000000068c800000| Untracked 
|  45|0x000000068cc00000, 0x000000068cc00000, 0x000000068d000000|  0%| F|  |TAMS 0x000000068cc00000, 0x000000068cc00000| Untracked 
|  46|0x000000068d000000, 0x000000068d000000, 0x000000068d400000|  0%| F|  |TAMS 0x000000068d000000, 0x000000068d000000| Untracked 
|  47|0x000000068d400000, 0x000000068d400000, 0x000000068d800000|  0%| F|  |TAMS 0x000000068d400000, 0x000000068d400000| Untracked 
|  48|0x000000068d800000, 0x000000068d800000, 0x000000068dc00000|  0%| F|  |TAMS 0x000000068d800000, 0x000000068d800000| Untracked 
|  49|0x000000068dc00000, 0x000000068dc00000, 0x000000068e000000|  0%| F|  |TAMS 0x000000068dc00000, 0x000000068dc00000| Untracked 
|  50|0x000000068e000000, 0x000000068e000000, 0x000000068e400000|  0%| F|  |TAMS 0x000000068e000000, 0x000000068e000000| Untracked 
|  51|0x000000068e400000, 0x000000068e400000, 0x000000068e800000|  0%| F|  |TAMS 0x000000068e400000, 0x000000068e400000| Untracked 
|  52|0x000000068e800000, 0x000000068e800000, 0x000000068ec00000|  0%| F|  |TAMS 0x000000068e800000, 0x000000068e800000| Untracked 
|  53|0x000000068ec00000, 0x000000068ec00000, 0x000000068f000000|  0%| F|  |TAMS 0x000000068ec00000, 0x000000068ec00000| Untracked 
|  54|0x000000068f000000, 0x000000068f000000, 0x000000068f400000|  0%| F|  |TAMS 0x000000068f000000, 0x000000068f000000| Untracked 
|  55|0x000000068f400000, 0x000000068f400000, 0x000000068f800000|  0%| F|  |TAMS 0x000000068f400000, 0x000000068f400000| Untracked 
|  56|0x000000068f800000, 0x000000068f800000, 0x000000068fc00000|  0%| F|  |TAMS 0x000000068f800000, 0x000000068f800000| Untracked 
|  57|0x000000068fc00000, 0x000000068fc00000, 0x0000000690000000|  0%| F|  |TAMS 0x000000068fc00000, 0x000000068fc00000| Untracked 
|  58|0x0000000690000000, 0x0000000690000000, 0x0000000690400000|  0%| F|  |TAMS 0x0000000690000000, 0x0000000690000000| Untracked 
|  59|0x0000000690400000, 0x0000000690400000, 0x0000000690800000|  0%| F|  |TAMS 0x0000000690400000, 0x0000000690400000| Untracked 
|  60|0x0000000690800000, 0x0000000690800000, 0x0000000690c00000|  0%| F|  |TAMS 0x0000000690800000, 0x0000000690800000| Untracked 
|  61|0x0000000690c00000, 0x0000000690c00000, 0x0000000691000000|  0%| F|  |TAMS 0x0000000690c00000, 0x0000000690c00000| Untracked 
|  62|0x0000000691000000, 0x0000000691000000, 0x0000000691400000|  0%| F|  |TAMS 0x0000000691000000, 0x0000000691000000| Untracked 
|  63|0x0000000691400000, 0x0000000691400000, 0x0000000691800000|  0%| F|  |TAMS 0x0000000691400000, 0x0000000691400000| Untracked 
|  64|0x0000000691800000, 0x0000000691800000, 0x0000000691c00000|  0%| F|  |TAMS 0x0000000691800000, 0x0000000691800000| Untracked 
|  65|0x0000000691c00000, 0x0000000691c00000, 0x0000000692000000|  0%| F|  |TAMS 0x0000000691c00000, 0x0000000691c00000| Untracked 
|  66|0x0000000692000000, 0x0000000692000000, 0x0000000692400000|  0%| F|  |TAMS 0x0000000692000000, 0x0000000692000000| Untracked 
|  67|0x0000000692400000, 0x0000000692400000, 0x0000000692800000|  0%| F|  |TAMS 0x0000000692400000, 0x0000000692400000| Untracked 
|  68|0x0000000692800000, 0x0000000692800000, 0x0000000692c00000|  0%| F|  |TAMS 0x0000000692800000, 0x0000000692800000| Untracked 
|  69|0x0000000692c00000, 0x0000000692c00000, 0x0000000693000000|  0%| F|  |TAMS 0x0000000692c00000, 0x0000000692c00000| Untracked 
|  70|0x0000000693000000, 0x0000000693000000, 0x0000000693400000|  0%| F|  |TAMS 0x0000000693000000, 0x0000000693000000| Untracked 
|  71|0x0000000693400000, 0x0000000693400000, 0x0000000693800000|  0%| F|  |TAMS 0x0000000693400000, 0x0000000693400000| Untracked 
|  72|0x0000000693800000, 0x0000000693800000, 0x0000000693c00000|  0%| F|  |TAMS 0x0000000693800000, 0x0000000693800000| Untracked 
|  73|0x0000000693c00000, 0x0000000693c00000, 0x0000000694000000|  0%| F|  |TAMS 0x0000000693c00000, 0x0000000693c00000| Untracked 
|  74|0x0000000694000000, 0x0000000694000000, 0x0000000694400000|  0%| F|  |TAMS 0x0000000694000000, 0x0000000694000000| Untracked 
|  75|0x0000000694400000, 0x0000000694400000, 0x0000000694800000|  0%| F|  |TAMS 0x0000000694400000, 0x0000000694400000| Untracked 
|  76|0x0000000694800000, 0x0000000694800000, 0x0000000694c00000|  0%| F|  |TAMS 0x0000000694800000, 0x0000000694800000| Untracked 
|  77|0x0000000694c00000, 0x0000000694c00000, 0x0000000695000000|  0%| F|  |TAMS 0x0000000694c00000, 0x0000000694c00000| Untracked 
|  78|0x0000000695000000, 0x0000000695000000, 0x0000000695400000|  0%| F|  |TAMS 0x0000000695000000, 0x0000000695000000| Untracked 
|  79|0x0000000695400000, 0x0000000695400000, 0x0000000695800000|  0%| F|  |TAMS 0x0000000695400000, 0x0000000695400000| Untracked 
|  80|0x0000000695800000, 0x0000000695800000, 0x0000000695c00000|  0%| F|  |TAMS 0x0000000695800000, 0x0000000695800000| Untracked 
|  81|0x0000000695c00000, 0x0000000695c00000, 0x0000000696000000|  0%| F|  |TAMS 0x0000000695c00000, 0x0000000695c00000| Untracked 
|  82|0x0000000696000000, 0x0000000696000000, 0x0000000696400000|  0%| F|  |TAMS 0x0000000696000000, 0x0000000696000000| Untracked 
|  83|0x0000000696400000, 0x0000000696400000, 0x0000000696800000|  0%| F|  |TAMS 0x0000000696400000, 0x0000000696400000| Untracked 
|  84|0x0000000696800000, 0x0000000696800000, 0x0000000696c00000|  0%| F|  |TAMS 0x0000000696800000, 0x0000000696800000| Untracked 
|  85|0x0000000696c00000, 0x0000000696c00000, 0x0000000697000000|  0%| F|  |TAMS 0x0000000696c00000, 0x0000000696c00000| Untracked 
|  86|0x0000000697000000, 0x0000000697000000, 0x0000000697400000|  0%| F|  |TAMS 0x0000000697000000, 0x0000000697000000| Untracked 
|  87|0x0000000697400000, 0x0000000697400000, 0x0000000697800000|  0%| F|  |TAMS 0x0000000697400000, 0x0000000697400000| Untracked 
|  88|0x0000000697800000, 0x0000000697800000, 0x0000000697c00000|  0%| F|  |TAMS 0x0000000697800000, 0x0000000697800000| Untracked 
|  89|0x0000000697c00000, 0x0000000697c00000, 0x0000000698000000|  0%| F|  |TAMS 0x0000000697c00000, 0x0000000697c00000| Untracked 
|  90|0x0000000698000000, 0x0000000698000000, 0x0000000698400000|  0%| F|  |TAMS 0x0000000698000000, 0x0000000698000000| Untracked 
|  91|0x0000000698400000, 0x0000000698400000, 0x0000000698800000|  0%| F|  |TAMS 0x0000000698400000, 0x0000000698400000| Untracked 
|  92|0x0000000698800000, 0x0000000698800000, 0x0000000698c00000|  0%| F|  |TAMS 0x0000000698800000, 0x0000000698800000| Untracked 
|  93|0x0000000698c00000, 0x0000000698f59ec8, 0x0000000699000000| 83%| E|  |TAMS 0x0000000698c00000, 0x0000000698c00000| Complete 
|  94|0x0000000699000000, 0x0000000699400000, 0x0000000699400000|100%| E|CS|TAMS 0x0000000699000000, 0x0000000699000000| Complete 
|  95|0x0000000699400000, 0x0000000699800000, 0x0000000699800000|100%| E|CS|TAMS 0x0000000699400000, 0x0000000699400000| Complete 

Card table byte_map: [0x00000207e3640000,0x00000207e4240000] _byte_map_base: 0x00000207e0234000

Marking Bits (Prev, Next): (CMBitMap*) 0x00000207cf94a810, (CMBitMap*) 0x00000207cf94a850
 Prev Bits: [0x00000207e4e40000, 0x00000207eade0000)
 Next Bits: [0x00000207eade0000, 0x00000207f0d80000)

Polling page: 0x00000207cf0c0000

Metaspace:

Usage:
  Non-class:     10.96 MB used.
      Class:    965.91 KB used.
       Both:     11.90 MB used.

Virtual space:
  Non-class space:       16.00 MB reserved,      11.06 MB ( 69%) committed,  2 nodes.
      Class space:        1.00 GB reserved,       1.00 MB ( <1%) committed,  1 nodes.
             Both:        1.02 GB reserved,      12.06 MB (  1%) committed. 

Chunk freelists:
   Non-Class:  975.00 KB
       Class:  3.02 MB
        Both:  3.97 MB

MaxMetaspaceSize: unlimited
CompressedClassSpaceSize: 1.00 GB
Initial GC threshold: 21.00 MB
Current GC threshold: 21.00 MB
CDS: off
MetaspaceReclaimPolicy: balanced
 - commit_granule_bytes: 65536.
 - commit_granule_words: 8192.
 - virtual_space_node_default_size: 1048576.
 - enlarge_chunks_in_place: 1.
 - new_chunks_are_fully_committed: 0.
 - uncommit_free_chunks: 1.
 - use_allocation_guard: 0.
 - handle_deallocations: 1.


Internal statistics:

num_allocs_failed_limit: 0.
num_arena_births: 122.
num_arena_deaths: 0.
num_vsnodes_births: 3.
num_vsnodes_deaths: 0.
num_space_committed: 191.
num_space_uncommitted: 0.
num_chunks_returned_to_freelist: 0.
num_chunks_taken_from_freelist: 244.
num_chunk_merges: 0.
num_chunk_splits: 147.
num_chunks_enlarged: 88.
num_purges: 0.
num_inconsistent_stats: 0.

CodeHeap 'non-profiled nmethods': size=119168Kb used=251Kb max_used=251Kb free=118916Kb
 bounds [0x00000207dab30000, 0x00000207dada0000, 0x00000207e1f90000]
CodeHeap 'profiled nmethods': size=119104Kb used=1450Kb max_used=1450Kb free=117653Kb
 bounds [0x00000207d36e0000, 0x00000207d3950000, 0x00000207dab30000]
CodeHeap 'non-nmethods': size=7488Kb used=2699Kb max_used=2718Kb free=4788Kb
 bounds [0x00000207d2f90000, 0x00000207d3240000, 0x00000207d36e0000]
 total_blobs=1884 nmethods=887 adapters=908
 compilation: enabled
              stopped_count=0, restarted_count=0
 full_count=0

Compilation events (20 events):
Event: 0.481 Thread 0x00000207fbae4850  879       4       java.awt.image.ColorModel::getRed (139 bytes)
Event: 0.482 Thread 0x00000207fbae4d60 nmethod 877 0x00000207dab6cb10 code [0x00000207dab6cca0, 0x00000207dab6ce78]
Event: 0.482 Thread 0x00000207fbae4850 nmethod 879 0x00000207dab6d110 code [0x00000207dab6d2a0, 0x00000207dab6d3f8]
Event: 0.482 Thread 0x00000207fbae4d60  880       4       java.awt.image.ColorModel::getGreen (139 bytes)
Event: 0.482 Thread 0x00000207fbae4850  881       4       java.awt.image.ColorModel::getBlue (139 bytes)
Event: 0.482 Thread 0x00000207f4ca3b70 nmethod 876 0x00000207dab6d590 code [0x00000207dab6d720, 0x00000207dab6d9b8]
Event: 0.482 Thread 0x00000207fbae4d60 nmethod 880 0x00000207dab6db90 code [0x00000207dab6dd20, 0x00000207dab6de78]
Event: 0.482 Thread 0x00000207fbae4850 nmethod 881 0x00000207dab6e010 code [0x00000207dab6e1a0, 0x00000207dab6e2f8]
Event: 0.483 Thread 0x00000207f4ca6090  882 %     3       java.awt.image.BufferedImage::getRGB @ 160 (218 bytes)
Event: 0.483 Thread 0x00000207f4ca6090 nmethod 882% 0x00000207d3845a10 code [0x00000207d3845c60, 0x00000207d3846ec8]
Event: 0.485 Thread 0x00000207f4df21c0  883 % !   3       robatortas.code.files.models.Loader::loadTexture @ 92 (346 bytes)
Event: 0.486 Thread 0x00000207f4dfe710  884       1       java.nio.HeapByteBuffer::isDirect (2 bytes)
Event: 0.486 Thread 0x00000207f4dfe710 nmethod 884 0x00000207dab6e490 code [0x00000207dab6e620, 0x00000207dab6e6f8]
Event: 0.486 Thread 0x00000207f4df21c0 nmethod 883% 0x00000207d3847410 code [0x00000207d38478a0, 0x00000207d38495e8]
Event: 0.487 Thread 0x00000207f4dfe710  885       3       java.lang.invoke.MethodType::basicType (8 bytes)
Event: 0.487 Thread 0x00000207f4dfe710 nmethod 885 0x00000207d384a290 code [0x00000207d384a420, 0x00000207d384a558]
Event: 0.487 Thread 0x00000207f4ca3b70  886 %     4       java.lang.StringLatin1::indexOf @ 30 (121 bytes)
Event: 0.490 Thread 0x00000207f4ca3b70 nmethod 886% 0x00000207dab6e790 code [0x00000207dab6e920, 0x00000207dab6ecd8]
Event: 0.490 Thread 0x00000207f4dfe710  887       3       java.nio.ByteBuffer::flip (7 bytes)
Event: 0.490 Thread 0x00000207f4dfe710 nmethod 887 0x00000207d384a610 code [0x00000207d384a7a0, 0x00000207d384a918]

GC Heap History (0 events):
No events

Deoptimization events (8 events):
Event: 0.134 Thread 0x00000207cf8e7b90 DEOPT PACKING pc=0x00000207d36f9d67 sp=0x0000001223dfc790
Event: 0.134 Thread 0x00000207cf8e7b90 DEOPT UNPACKING pc=0x00000207d2fe2b43 sp=0x0000001223dfbbb0 mode 0
Event: 0.137 Thread 0x00000207cf8e7b90 DEOPT PACKING pc=0x00000207d36e7d51 sp=0x0000001223dfcce0
Event: 0.137 Thread 0x00000207cf8e7b90 DEOPT UNPACKING pc=0x00000207d2fe2b43 sp=0x0000001223dfc158 mode 0
Event: 0.357 Thread 0x00000207cf8e7b90 Uncommon trap: trap_request=0xffffff54 fr.pc=0x00000207dab52ae0 relative=0x0000000000000060
Event: 0.357 Thread 0x00000207cf8e7b90 Uncommon trap: reason=speculate_null_assert action=make_not_entrant pc=0x00000207dab52ae0 method=sun.misc.Unsafe.putLong(Ljava/lang/Object;JJ)V @ 7 c2
Event: 0.357 Thread 0x00000207cf8e7b90 DEOPT PACKING pc=0x00000207dab52ae0 sp=0x0000001223dfed70
Event: 0.357 Thread 0x00000207cf8e7b90 DEOPT UNPACKING pc=0x00000207d2fe23a3 sp=0x0000001223dfece8 mode 2

Classes unloaded (0 events):
No events

Classes redefined (0 events):
No events

Internal exceptions (20 events):
Event: 0.146 Thread 0x00000207cf8e7b90 Exception <a 'sun/nio/fs/WindowsException'{0x000000069910c9a0}> (0x000000069910c9a0) 
thrown [e:\jenkins\tmp\workspace\build\src\src\hotspot\share\prims\jni.cpp, line 516]
Event: 0.146 Thread 0x00000207cf8e7b90 Exception <a 'sun/nio/fs/WindowsException'{0x000000069910cd10}> (0x000000069910cd10) 
thrown [e:\jenkins\tmp\workspace\build\src\src\hotspot\share\prims\jni.cpp, line 516]
Event: 0.148 Thread 0x00000207cf8e7b90 Exception <a 'java/lang/NoSuchMethodError'{0x0000000699140860}: 'java.lang.Object java.lang.invoke.DirectMethodHandle$Holder.invokeStaticInit(java.lang.Object)'> (0x0000000699140860) 
thrown [e:\jenkins\tmp\workspace\build\src\src\hotspot\share\interpreter\linkResolver.cpp, line 766]
Event: 0.151 Thread 0x00000207cf8e7b90 Exception <a 'java/lang/NoSuchMethodError'{0x000000069915a108}: 'int java.lang.invoke.DirectMethodHandle$Holder.invokeStaticInit(java.lang.Object, java.lang.Object, int, long)'> (0x000000069915a108) 
thrown [e:\jenkins\tmp\workspace\build\src\src\hotspot\share\interpreter\linkResolver.cpp, line 766]
Event: 0.151 Thread 0x00000207cf8e7b90 Exception <a 'java/lang/NoSuchMethodError'{0x000000069915f9d0}: 'java.lang.Object java.lang.invoke.DirectMethodHandle$Holder.newInvokeSpecial(java.lang.Object, java.lang.Object, int)'> (0x000000069915f9d0) 
thrown [e:\jenkins\tmp\workspace\build\src\src\hotspot\share\interpreter\linkResolver.cpp, line 766]
Event: 0.152 Thread 0x00000207cf8e7b90 Exception <a 'java/lang/NoSuchMethodError'{0x000000069916ea30}: 'int java.lang.invoke.DirectMethodHandle$Holder.invokeStaticInit(java.lang.Object, java.lang.Object, long, long)'> (0x000000069916ea30) 
thrown [e:\jenkins\tmp\workspace\build\src\src\hotspot\share\interpreter\linkResolver.cpp, line 766]
Event: 0.153 Thread 0x00000207cf8e7b90 Exception <a 'java/lang/NoSuchMethodError'{0x0000000699174c98}: 'java.lang.Object java.lang.invoke.DirectMethodHandle$Holder.newInvokeSpecial(java.lang.Object, java.lang.Object, long)'> (0x0000000699174c98) 
thrown [e:\jenkins\tmp\workspace\build\src\src\hotspot\share\interpreter\linkResolver.cpp, line 766]
Event: 0.153 Thread 0x00000207cf8e7b90 Exception <a 'java/lang/NoSuchMethodError'{0x0000000699178f88}: 'java.lang.Object java.lang.invoke.Invokers$Holder.linkToTargetMethod(java.lang.Object, long, java.lang.Object)'> (0x0000000699178f88) 
thrown [e:\jenkins\tmp\workspace\build\src\src\hotspot\share\interpreter\linkResolver.cpp, line 766]
Event: 0.153 Thread 0x00000207cf8e7b90 Exception <a 'java/lang/NoSuchMethodError'{0x00000006991806a0}: 'int java.lang.invoke.DirectMethodHandle$Holder.invokeStaticInit(java.lang.Object, java.lang.Object, java.lang.Object, long)'> (0x00000006991806a0) 
thrown [e:\jenkins\tmp\workspace\build\src\src\hotspot\share\interpreter\linkResolver.cpp, line 766]
Event: 0.352 Thread 0x00000207cf8e7b90 Exception <a 'sun/nio/fs/WindowsException'{0x00000006992107a0}> (0x00000006992107a0) 
thrown [e:\jenkins\tmp\workspace\build\src\src\hotspot\share\prims\jni.cpp, line 516]
Event: 0.352 Thread 0x00000207cf8e7b90 Exception <a 'sun/nio/fs/WindowsException'{0x0000000699210b50}> (0x0000000699210b50) 
thrown [e:\jenkins\tmp\workspace\build\src\src\hotspot\share\prims\jni.cpp, line 516]
Event: 0.354 Thread 0x00000207cf8e7b90 Exception <a 'sun/nio/fs/WindowsException'{0x0000000699219840}> (0x0000000699219840) 
thrown [e:\jenkins\tmp\workspace\build\src\src\hotspot\share\prims\jni.cpp, line 516]
Event: 0.354 Thread 0x00000207cf8e7b90 Exception <a 'sun/nio/fs/WindowsException'{0x0000000699219b28}> (0x0000000699219b28) 
thrown [e:\jenkins\tmp\workspace\build\src\src\hotspot\share\prims\jni.cpp, line 516]
Event: 0.410 Thread 0x00000207cf8e7b90 Exception <a 'java/lang/ClassNotFoundException'{0x0000000698cc5a68}: sun/awt/resources/spi/awtProvider> (0x0000000698cc5a68) 
thrown [e:\jenkins\tmp\workspace\build\src\src\hotspot\share\classfile\systemDictionary.cpp, line 256]
Event: 0.420 Thread 0x00000207cf8e7b90 Exception <a 'java/io/FileNotFoundException'{0x0000000698d178a8}> (0x0000000698d178a8) 
thrown [e:\jenkins\tmp\workspace\build\src\src\hotspot\share\prims\jni.cpp, line 516]
Event: 0.422 Thread 0x00000207cf8e7b90 Exception <a 'java/io/FileNotFoundException'{0x0000000698d44a48}> (0x0000000698d44a48) 
thrown [e:\jenkins\tmp\workspace\build\src\src\hotspot\share\prims\jni.cpp, line 516]
Event: 0.437 Thread 0x00000207cf8e7b90 Exception <a 'java/lang/NoSuchMethodError'{0x0000000698dbc810}: 'java.lang.Object java.lang.invoke.DirectMethodHandle$Holder.invokeStaticInit(java.lang.Object, int, int, int, int)'> (0x0000000698dbc810) 
thrown [e:\jenkins\tmp\workspace\build\src\src\hotspot\share\interpreter\linkResolver.cpp, line 766]
Event: 0.464 Thread 0x00000207cf8e7b90 Exception <a 'java/lang/NoSuchMethodError'{0x0000000698e2fda8}: 'java.lang.Object java.lang.invoke.DirectMethodHandle$Holder.invokeStaticInit(java.lang.Object, java.lang.Object, int, int, int, int)'> (0x0000000698e2fda8) 
thrown [e:\jenkins\tmp\workspace\build\src\src\hotspot\share\interpreter\linkResolver.cpp, line 766]
Event: 0.491 Thread 0x00000207cf8e7b90 Exception <a 'sun/nio/fs/WindowsException'{0x0000000698f09548}> (0x0000000698f09548) 
thrown [e:\jenkins\tmp\workspace\build\src\src\hotspot\share\prims\jni.cpp, line 516]
Event: 0.491 Thread 0x00000207cf8e7b90 Exception <a 'sun/nio/fs/WindowsException'{0x0000000698f098d0}> (0x0000000698f098d0) 
thrown [e:\jenkins\tmp\workspace\build\src\src\hotspot\share\prims\jni.cpp, line 516]

VM Operations (8 events):
Event: 0.079 Executing VM operation: HandshakeAllThreads
Event: 0.079 Executing VM operation: HandshakeAllThreads done
Event: 0.403 Executing VM operation: HandshakeAllThreads
Event: 0.403 Executing VM operation: HandshakeAllThreads done
Event: 0.432 Executing VM operation: HandshakeAllThreads
Event: 0.432 Executing VM operation: HandshakeAllThreads done
Event: 0.446 Executing VM operation: HandshakeAllThreads
Event: 0.446 Executing VM operation: HandshakeAllThreads done

Events (20 events):
Event: 0.478 loading class java/awt/ImageCapabilities done
Event: 0.478 loading class java/awt/Image$1
Event: 0.478 loading class sun/awt/image/SurfaceManager$ImageAccessor
Event: 0.478 loading class sun/awt/image/SurfaceManager$ImageAccessor done
Event: 0.478 loading class java/awt/Image$1 done
Event: 0.478 loading class sun/awt/image/SurfaceManager
Event: 0.478 loading class sun/awt/image/SurfaceManager done
Event: 0.478 loading class java/awt/image/BufferedImage$1
Event: 0.478 loading class java/awt/image/BufferedImage$1 done
Event: 0.478 loading class sun/awt/image/IntegerComponentRaster
Event: 0.478 loading class sun/awt/image/IntegerComponentRaster done
Event: 0.478 loading class sun/awt/image/BytePackedRaster
Event: 0.478 loading class sun/awt/image/BytePackedRaster done
Event: 0.478 loading class com/sun/imageio/plugins/common/ReaderUtil
Event: 0.478 loading class com/sun/imageio/plugins/common/ReaderUtil done
Event: 0.479 loading class java/io/RandomAccessFile$1
Event: 0.479 loading class java/io/RandomAccessFile$1 done
Event: 0.480 Thread 0x00000207fbae4850 Thread added: 0x00000207fbae4850
Event: 0.480 Thread 0x00000207fbae4d60 Thread added: 0x00000207fbae4d60
Event: 0.491 Loaded shared library C:\Users\robat\AppData\Local\Temp\lwjglrobat\3.3.0-build-21\lwjgl_stb.dll


Dynamic libraries:
0x00007ff6b4600000 - 0x00007ff6b460e000 	C:\Users\robat\.p2\pool\plugins\org.eclipse.justj.openjdk.hotspot.jre.full.win32.x86_64_17.0.1.v20211116-1657\jre\bin\javaw.exe
0x00007ff9af110000 - 0x00007ff9af305000 	C:\WINDOWS\SYSTEM32\ntdll.dll
0x00007ff9aed20000 - 0x00007ff9aedde000 	C:\WINDOWS\System32\KERNEL32.DLL
0x00007ff9aca80000 - 0x00007ff9acd48000 	C:\WINDOWS\System32\KERNELBASE.dll
0x00007ff9acec0000 - 0x00007ff9acfc0000 	C:\WINDOWS\System32\ucrtbase.dll
0x00007ff9a75e0000 - 0x00007ff9a75f9000 	C:\Users\robat\.p2\pool\plugins\org.eclipse.justj.openjdk.hotspot.jre.full.win32.x86_64_17.0.1.v20211116-1657\jre\bin\VCRUNTIME140.dll
0x00007ff9a75c0000 - 0x00007ff9a75d8000 	C:\Users\robat\.p2\pool\plugins\org.eclipse.justj.openjdk.hotspot.jre.full.win32.x86_64_17.0.1.v20211116-1657\jre\bin\jli.dll
0x00007ff9ae840000 - 0x00007ff9ae9e0000 	C:\WINDOWS\System32\USER32.dll
0x00007ff9ace90000 - 0x00007ff9aceb2000 	C:\WINDOWS\System32\win32u.dll
0x00007ff9ae4e0000 - 0x00007ff9ae50b000 	C:\WINDOWS\System32\GDI32.dll
0x00007ff99e610000 - 0x00007ff99e8aa000 	C:\WINDOWS\WinSxS\amd64_microsoft.windows.common-controls_6595b64144ccf1df_6.0.19041.1110_none_60b5254171f9507e\COMCTL32.dll
0x00007ff9acfc0000 - 0x00007ff9ad0cd000 	C:\WINDOWS\System32\gdi32full.dll
0x00007ff9af030000 - 0x00007ff9af0ce000 	C:\WINDOWS\System32\msvcrt.dll
0x00007ff9acd50000 - 0x00007ff9acded000 	C:\WINDOWS\System32\msvcp_win.dll
0x00007ff9ae510000 - 0x00007ff9ae540000 	C:\WINDOWS\System32\IMM32.DLL
0x00007ff9a7090000 - 0x00007ff9a709c000 	C:\Users\robat\.p2\pool\plugins\org.eclipse.justj.openjdk.hotspot.jre.full.win32.x86_64_17.0.1.v20211116-1657\jre\bin\vcruntime140_1.dll
0x00007ff99ece0000 - 0x00007ff99ed71000 	C:\Users\robat\.p2\pool\plugins\org.eclipse.justj.openjdk.hotspot.jre.full.win32.x86_64_17.0.1.v20211116-1657\jre\bin\msvcp140.dll
0x00007ff91e880000 - 0x00007ff91f4c6000 	C:\Users\robat\.p2\pool\plugins\org.eclipse.justj.openjdk.hotspot.jre.full.win32.x86_64_17.0.1.v20211116-1657\jre\bin\server\jvm.dll
0x00007ff9ad290000 - 0x00007ff9ad33e000 	C:\WINDOWS\System32\ADVAPI32.dll
0x00007ff9ad340000 - 0x00007ff9ad3dc000 	C:\WINDOWS\System32\sechost.dll
0x00007ff9ad160000 - 0x00007ff9ad285000 	C:\WINDOWS\System32\RPCRT4.dll
0x00007ff9ad5a0000 - 0x00007ff9ad5a8000 	C:\WINDOWS\System32\PSAPI.DLL
0x00007ff994380000 - 0x00007ff994389000 	C:\WINDOWS\SYSTEM32\WSOCK32.dll
0x00007ff99cdc0000 - 0x00007ff99cde7000 	C:\WINDOWS\SYSTEM32\WINMM.dll
0x00007ff9a4ac0000 - 0x00007ff9a4aca000 	C:\WINDOWS\SYSTEM32\VERSION.dll
0x00007ff9aea40000 - 0x00007ff9aeaab000 	C:\WINDOWS\System32\WS2_32.dll
0x00007ff9aa730000 - 0x00007ff9aa742000 	C:\WINDOWS\SYSTEM32\kernel.appcore.dll
0x00007ff9a95b0000 - 0x00007ff9a95ba000 	C:\Users\robat\.p2\pool\plugins\org.eclipse.justj.openjdk.hotspot.jre.full.win32.x86_64_17.0.1.v20211116-1657\jre\bin\jimage.dll
0x00007ff999f00000 - 0x00007ff99a0e4000 	C:\WINDOWS\SYSTEM32\DBGHELP.DLL
0x00007ff98feb0000 - 0x00007ff98fedc000 	C:\WINDOWS\SYSTEM32\dbgcore.DLL
0x00007ff9ad0d0000 - 0x00007ff9ad152000 	C:\WINDOWS\System32\bcryptPrimitives.dll
0x00007ff9a7060000 - 0x00007ff9a7085000 	C:\Users\robat\.p2\pool\plugins\org.eclipse.justj.openjdk.hotspot.jre.full.win32.x86_64_17.0.1.v20211116-1657\jre\bin\java.dll
0x00007ff9a78f0000 - 0x00007ff9a7908000 	C:\Users\robat\.p2\pool\plugins\org.eclipse.justj.openjdk.hotspot.jre.full.win32.x86_64_17.0.1.v20211116-1657\jre\bin\zip.dll
0x00007ff9ad910000 - 0x00007ff9ae054000 	C:\WINDOWS\System32\SHELL32.dll
0x00007ff9aa930000 - 0x00007ff9ab0c4000 	C:\WINDOWS\SYSTEM32\windows.storage.dll
0x00007ff9ad5b0000 - 0x00007ff9ad905000 	C:\WINDOWS\System32\combase.dll
0x00007ff9ac270000 - 0x00007ff9ac29e000 	C:\WINDOWS\SYSTEM32\Wldp.dll
0x00007ff9ae730000 - 0x00007ff9ae7dd000 	C:\WINDOWS\System32\SHCORE.dll
0x00007ff9aeef0000 - 0x00007ff9aef45000 	C:\WINDOWS\System32\shlwapi.dll
0x00007ff9ac760000 - 0x00007ff9ac77f000 	C:\WINDOWS\SYSTEM32\profapi.dll
0x00007ff9a7640000 - 0x00007ff9a7659000 	C:\Users\robat\.p2\pool\plugins\org.eclipse.justj.openjdk.hotspot.jre.full.win32.x86_64_17.0.1.v20211116-1657\jre\bin\net.dll
0x00007ff9a2110000 - 0x00007ff9a221c000 	C:\WINDOWS\SYSTEM32\WINHTTP.dll
0x00007ff9abfd0000 - 0x00007ff9ac03a000 	C:\WINDOWS\system32\mswsock.dll
0x00007ff9a6cd0000 - 0x00007ff9a6ce5000 	C:\Users\robat\.p2\pool\plugins\org.eclipse.justj.openjdk.hotspot.jre.full.win32.x86_64_17.0.1.v20211116-1657\jre\bin\nio.dll
0x00007ff99f8a0000 - 0x00007ff99f911000 	C:\Users\robat\AppData\Local\Temp\lwjglrobat\3.3.0-build-21\lwjgl.dll
0x00007ff99ef60000 - 0x00007ff99efc1000 	C:\Users\robat\AppData\Local\Temp\lwjglrobat\3.3.0-build-21\glfw.dll
0x00007ff99f150000 - 0x00007ff99f195000 	C:\WINDOWS\SYSTEM32\dinput8.dll
0x00007ff97cd80000 - 0x00007ff97cd91000 	C:\WINDOWS\SYSTEM32\xinput1_4.dll
0x00007ff9aca30000 - 0x00007ff9aca7e000 	C:\WINDOWS\System32\cfgmgr32.dll
0x00007ff9ac5c0000 - 0x00007ff9ac5f4000 	C:\WINDOWS\SYSTEM32\DEVOBJ.dll
0x00007ff9aa550000 - 0x00007ff9aa57f000 	C:\WINDOWS\SYSTEM32\dwmapi.dll
0x00007ff99a3c0000 - 0x00007ff99a512000 	C:\WINDOWS\SYSTEM32\inputhost.dll
0x00007ff9ae540000 - 0x00007ff9ae60d000 	C:\WINDOWS\System32\OLEAUT32.dll
0x00007ff9a9160000 - 0x00007ff9a92b4000 	C:\WINDOWS\SYSTEM32\wintypes.dll
0x00007ff9a9e50000 - 0x00007ff9a9f42000 	C:\WINDOWS\SYSTEM32\CoreMessaging.dll
0x00007ff9a7cc0000 - 0x00007ff9a7db6000 	C:\WINDOWS\SYSTEM32\PROPSYS.dll
0x00007ff9a99f0000 - 0x00007ff9a9d4e000 	C:\WINDOWS\SYSTEM32\CoreUIComponents.dll
0x00007ff9ab510000 - 0x00007ff9ab543000 	C:\WINDOWS\SYSTEM32\ntmarta.dll
0x00007ff9aa1b0000 - 0x00007ff9aa24e000 	C:\WINDOWS\system32\uxtheme.dll
0x0000000180000000 - 0x0000000182dd7000 	C:\Program Files (x86)\RivaTuner Statistics Server\RTSSHooks64.dll
0x00007ff9ae060000 - 0x00007ff9ae4d2000 	C:\WINDOWS\System32\SETUPAPI.dll
0x00007ff9acdf0000 - 0x00007ff9ace17000 	C:\WINDOWS\System32\bcrypt.dll
0x00007ff9ae610000 - 0x00007ff9ae726000 	C:\WINDOWS\System32\MSCTF.dll
0x00007ff99ddf0000 - 0x00007ff99df15000 	C:\WINDOWS\SYSTEM32\opengl32.dll
0x00007ff9a6d30000 - 0x00007ff9a6d5c000 	C:\WINDOWS\SYSTEM32\GLU32.dll
0x00007ff9aef80000 - 0x00007ff9af029000 	C:\WINDOWS\System32\clbcatq.dll
0x00007ff9058f0000 - 0x00007ff908917000 	C:\WINDOWS\System32\DriverStore\FileRepository\nv_dispi.inf_amd64_31a2adf8c49e7799\nvoglv64.dll
0x00007ff9aeb90000 - 0x00007ff9aecba000 	C:\WINDOWS\System32\ole32.dll
0x00007ff9a8110000 - 0x00007ff9a8124000 	C:\WINDOWS\SYSTEM32\WTSAPI32.dll
0x00007ff9ac1e0000 - 0x00007ff9ac1ec000 	C:\WINDOWS\SYSTEM32\CRYPTBASE.DLL
0x00007ff9ac400000 - 0x00007ff9ac412000 	C:\WINDOWS\SYSTEM32\msasn1.dll
0x00007ff9a5130000 - 0x00007ff9a5161000 	C:\WINDOWS\SYSTEM32\cryptnet.dll
0x00007ff9ac8d0000 - 0x00007ff9aca26000 	C:\WINDOWS\System32\CRYPT32.dll
0x00007ff9a31c0000 - 0x00007ff9a330a000 	C:\WINDOWS\SYSTEM32\drvstore.dll
0x00007ff9ace20000 - 0x00007ff9ace89000 	C:\WINDOWS\System32\WINTRUST.dll
0x00007ff9a0f20000 - 0x00007ff9a0f5b000 	C:\WINDOWS\SYSTEM32\dxcore.dll
0x00007ff926210000 - 0x00007ff9264d7000 	C:\WINDOWS\system32\nvspcap64.dll
0x00007ff9abd90000 - 0x00007ff9abddb000 	C:\WINDOWS\SYSTEM32\powrprof.dll
0x00007ff9abc50000 - 0x00007ff9abc62000 	C:\WINDOWS\SYSTEM32\UMPDC.dll
0x00007ff9ab5c0000 - 0x00007ff9ab61a000 	C:\WINDOWS\SYSTEM32\WINSTA.dll
0x00007ff99d350000 - 0x00007ff99d449000 	C:\WINDOWS\SYSTEM32\textinputframework.dll
0x00007ff99eed0000 - 0x00007ff99ef2d000 	C:\Users\robat\AppData\Local\Temp\lwjglrobat\3.3.0-build-21\lwjgl_opengl.dll
0x00007ff9782f0000 - 0x00007ff97847e000 	C:\Users\robat\.p2\pool\plugins\org.eclipse.justj.openjdk.hotspot.jre.full.win32.x86_64_17.0.1.v20211116-1657\jre\bin\awt.dll
0x00007ff9aa070000 - 0x00007ff9aa100000 	C:\WINDOWS\SYSTEM32\apphelp.dll
0x00007ff9ac1c0000 - 0x00007ff9ac1d8000 	C:\WINDOWS\SYSTEM32\CRYPTSP.dll
0x00007ff9ab8e0000 - 0x00007ff9ab914000 	C:\WINDOWS\system32\rsaenh.dll
0x00007ff9ac720000 - 0x00007ff9ac74e000 	C:\WINDOWS\SYSTEM32\USERENV.dll
0x00007ff9abc70000 - 0x00007ff9abcab000 	C:\WINDOWS\SYSTEM32\IPHLPAPI.DLL
0x00007ff9aef70000 - 0x00007ff9aef78000 	C:\WINDOWS\System32\NSI.dll
0x00007ff9a65e0000 - 0x00007ff9a65f7000 	C:\WINDOWS\SYSTEM32\dhcpcsvc6.DLL
0x00007ff9a6300000 - 0x00007ff9a631d000 	C:\WINDOWS\SYSTEM32\dhcpcsvc.DLL
0x00007ff9abcc0000 - 0x00007ff9abd8b000 	C:\WINDOWS\SYSTEM32\DNSAPI.dll
0x00007ff994ba0000 - 0x00007ff994c21000 	C:\Users\robat\AppData\Local\Temp\lwjglrobat\3.3.0-build-21\lwjgl_stb.dll

dbghelp: loaded successfully - version: 4.0.5 - missing functions: none
symbol engine: initialized successfully - sym options: 0x614 - pdb path: .;C:\Users\robat\.p2\pool\plugins\org.eclipse.justj.openjdk.hotspot.jre.full.win32.x86_64_17.0.1.v20211116-1657\jre\bin;C:\WINDOWS\SYSTEM32;C:\WINDOWS\WinSxS\amd64_microsoft.windows.common-controls_6595b64144ccf1df_6.0.19041.1110_none_60b5254171f9507e;C:\Users\robat\.p2\pool\plugins\org.eclipse.justj.openjdk.hotspot.jre.full.win32.x86_64_17.0.1.v20211116-1657\jre\bin\server;C:\Users\robat\AppData\Local\Temp\lwjglrobat\3.3.0-build-21;C:\Program Files (x86)\RivaTuner Statistics Server;C:\WINDOWS\System32\DriverStore\FileRepository\nv_dispi.inf_amd64_31a2adf8c49e7799

VM Arguments:
jvm_args: -Dfile.encoding=Cp1252 -XX:+ShowCodeDetailsInExceptionMessages 
java_command: robatortas.code.files.MainApp
java_class_path (initial): C:\Users\robat\Documents\Programming\Java\General-Workspace\OpenGL3D\bin;C:\Users\robat\Documents\Programming\Java\General-Workspace\OpenGL\lib\lwjgl 3.3.0\lwjgl.jar;C:\Users\robat\Documents\Programming\Java\General-Workspace\OpenGL\lib\lwjgl 3.3.0\lwjgl-glfw.jar;C:\Users\robat\Documents\Programming\Java\General-Workspace\OpenGL\lib\lwjgl 3.3.0\lwjgl-glfw-javadoc.jar;C:\Users\robat\Documents\Programming\Java\General-Workspace\OpenGL\lib\lwjgl 3.3.0\lwjgl-glfw-natives-windows.jar;C:\Users\robat\Documents\Programming\Java\General-Workspace\OpenGL\lib\lwjgl 3.3.0\lwjgl-glfw-sources.jar;C:\Users\robat\Documents\Programming\Java\General-Workspace\OpenGL\lib\lwjgl 3.3.0\lwjgl-javadoc.jar;C:\Users\robat\Documents\Programming\Java\General-Workspace\OpenGL\lib\lwjgl 3.3.0\lwjgl-jawt.jar;C:\Users\robat\Documents\Programming\Java\General-Workspace\OpenGL\lib\lwjgl 3.3.0\lwjgl-jawt-javadoc.jar;C:\Users\robat\Documents\Programming\Java\General-Workspace\OpenGL\lib\lwjgl 3.3.0\lwjgl-jawt-sources.jar;C:\Users\robat\Documents\Programming\Java\General-Workspace\OpenGL\lib\lwjgl 3.3.0\lwjgl-natives-windows.jar;C:\Users\robat\Documents\Programming\Java\General-Workspace\OpenGL\lib\lwjgl 3.3.0\lwjgl-nfd.jar;C:\Users\robat\Documents\Programming\Java\General-Workspace\OpenGL\lib\lwjgl 3.3.0\lwjgl-nfd-javadoc.jar;C:\Users\robat\Documents\Programming\Java\General-Workspace\OpenGL\lib\lwjgl 3.3.0\lwjgl-nfd-natives-windows.jar;C:\Users\robat\Documents\Programming\Java\General-Workspace\OpenGL\lib\lwjgl 3.3.0\lwjgl-nfd-sources.jar;C:\Users\robat\Documents\Programming\Java\General-Workspace\OpenGL\lib\lwjgl 3.3.0\lwjgl-openal.jar;C:\Users\robat\Documents\Programming\Java\General-Workspace\OpenGL\lib\lwjgl 3.3.0\lwjgl-openal-javadoc.jar;C:\Users\robat\Documents\Programming\Java\General-Workspace\OpenGL\lib\lwjgl 3.3.0\lwjgl-openal-natives-windows.jar;C:\Users\robat\Documents\Programming\Java\General-Workspace\OpenGL\lib\lwjgl 3.3.0\lwjgl-openal-sources.jar;C:\Users\
Launcher Type: SUN_STANDARD

[Global flags]
     intx CICompilerCount                          = 12                                        {product} {ergonomic}
     uint ConcGCThreads                            = 4                                         {product} {ergonomic}
     uint G1ConcRefinementThreads                  = 15                                        {product} {ergonomic}
   size_t G1HeapRegionSize                         = 4194304                                   {product} {ergonomic}
    uintx GCDrainStackTargetSize                   = 64                                        {product} {ergonomic}
   size_t InitialHeapSize                          = 402653184                                 {product} {ergonomic}
   size_t MarkStackSize                            = 4194304                                   {product} {ergonomic}
   size_t MaxHeapSize                              = 6417285120                                {product} {ergonomic}
   size_t MaxNewSize                               = 3850371072                                {product} {ergonomic}
   size_t MinHeapDeltaBytes                        = 4194304                                   {product} {ergonomic}
   size_t MinHeapSize                              = 8388608                                   {product} {ergonomic}
    uintx NonNMethodCodeHeapSize                   = 7602480                                {pd product} {ergonomic}
    uintx NonProfiledCodeHeapSize                  = 122027880                              {pd product} {ergonomic}
    uintx ProfiledCodeHeapSize                     = 122027880                              {pd product} {ergonomic}
    uintx ReservedCodeCacheSize                    = 251658240                              {pd product} {ergonomic}
     bool SegmentedCodeCache                       = true                                      {product} {ergonomic}
     bool ShowCodeDetailsInExceptionMessages       = true                                   {manageable} {command line}
   size_t SoftMaxHeapSize                          = 6417285120                             {manageable} {ergonomic}
     bool UseCompressedClassPointers               = true                           {product lp64_product} {ergonomic}
     bool UseCompressedOops                        = true                           {product lp64_product} {ergonomic}
     bool UseG1GC                                  = true                                      {product} {ergonomic}
     bool UseLargePagesIndividualAllocation        = false                                  {pd product} {ergonomic}

Logging:
Log output configuration:
 #0: stdout all=warning uptime,level,tags
 #1: stderr all=off uptime,level,tags

Environment Variables:
PATH=C:/Users/robat/.p2/pool/plugins/org.eclipse.justj.openjdk.hotspot.jre.full.win32.x86_64_17.0.1.v20211116-1657/jre/bin/server;C:/Users/robat/.p2/pool/plugins/org.eclipse.justj.openjdk.hotspot.jre.full.win32.x86_64_17.0.1.v20211116-1657/jre/bin;C:\Program Files (x86)\Razer Chroma SDK\bin;C:\Program Files\Razer Chroma SDK\bin;C:\Program Files (x86)\Razer\ChromaBroadcast\bin;C:\Program Files\Razer\ChromaBroadcast\bin;C:\Program Files (x86)\Common Files\Intel\Shared Libraries\redist\intel64\compiler;C:\Program Files (x86)\Common Files\Oracle\Java\javapath;C:\WINDOWS\system32;C:\WINDOWS;C:\WINDOWS\System32\Wbem;C:\WINDOWS\System32\WindowsPowerShell\v1.0\;C:\WINDOWS\System32\OpenSSH\;C:\Program Files\NVIDIA Corporation\NVIDIA NvDLISR;C:\Program Files\Git\cmd;C:\Program Files\Gource\cmd;C:\Program Files (x86)\NVIDIA Corporation\PhysX\Common;C:\Program Files\dotnet\;C:\Users\robat\AppData\Local\Microsoft\WindowsApps;C:\Users\robat\AppData\Local\Programs\Microsoft VS Code\bin;C:\Users\robat\.dotnet\tools;C:\WINDOWS\system32\config\systemprofile\AppData\Local\Microsoft\WindowsApps;C:\Program Files\nodejs\;C:\Users\robat\AppData\Local\Microsoft\WindowsApps;;C:\Users\robat\AppData\Local\Programs\Microsoft VS Code\bin;C:\Users\robat\.dotnet\tools;C:\Users\robat\AppData\Roaming\npm;C:\WINDOWS\System32;
USERNAME=robat
OS=Windows_NT
PROCESSOR_IDENTIFIER=Intel64 Family 6 Model 165 Stepping 5, GenuineIntel



---------------  S Y S T E M  ---------------

OS:
 Windows 10 , 64 bit Build 19041 (10.0.19041.1503)
OS uptime: 1 days 11:04 hours

CPU: total 20 (initial active 20) (10 cores per cpu, 2 threads per core) family 6 model 165 stepping 5 microcode 0xe2, cx8, cmov, fxsr, ht, mmx, 3dnowpref, sse, sse2, sse3, ssse3, sse4.1, sse4.2, popcnt, lzcnt, tsc, tscinvbit, avx, avx2, aes, erms, clmul, bmi1, bmi2, adx, fma, vzeroupper, clflush, clflushopt

Memory: 4k page, system-wide physical 24477M (13459M free)
TotalPageFile size 28061M (AvailPageFile size 9059M)
current process WorkingSet (physical memory assigned to process): 102M, peak: 102M
current process commit charge ("private bytes"): 598M, peak: 598M

vm_info: OpenJDK 64-Bit Server VM (17.0.1+12) for windows-amd64 JRE (17.0.1+12), built on Oct 20 2021 07:42:55 by "" with MS VC++ 16.7 (VS2019)

END.
