#
# A fatal error has been detected by the Java Runtime Environment:
#
#  EXCEPTION_ACCESS_VIOLATION (0xc0000005) at pc=0x00007ff95c6caf10, pid=22348, tid=18436
#
# JRE version: OpenJDK Runtime Environment Temurin-17.0.1+12 (17.0.1+12) (build 17.0.1+12)
# Java VM: OpenJDK 64-Bit Server VM Temurin-17.0.1+12 (17.0.1+12, mixed mode, tiered, compressed oops, compressed class ptrs, g1 gc, windows-amd64)
# Problematic frame:
# C  [nvoglv64.dll+0x126af10]
#
# No core dump will be written. Minidumps are not enabled by default on client versions of Windows
#
# If you would like to submit a bug report, please visit:
#   https://github.com/adoptium/adoptium-support/issues
# The crash happened outside the Java Virtual Machine in native code.
# See problematic frame for where to report the bug.
#

---------------  S U M M A R Y ------------

Command Line: -Dfile.encoding=Cp1252 -XX:+ShowCodeDetailsInExceptionMessages robatortas.code.files.MainApp

Host: Intel(R) Core(TM) i9-10900KF CPU @ 3.70GHz, 20 cores, 23G,  Windows 10 , 64 bit Build 19041 (10.0.19041.1503)
Time: Sat Feb 12 17:22:26 2022 Pacific Standard Time (Mexico) elapsed time: 0.551314 seconds (0d 0h 0m 0s)

---------------  T H R E A D  ---------------

Current thread (0x000001b3a2871a20):  JavaThread "main" [_thread_in_native, id=18436, stack(0x0000005869000000,0x0000005869100000)]

Stack: [0x0000005869000000,0x0000005869100000],  sp=0x00000058690ff028,  free space=1020k
Native frames: (J=compiled Java code, j=interpreted, Vv=VM code, C=native code)
C  [nvoglv64.dll+0x126af10]

Java frames: (J=compiled Java code, j=interpreted, Vv=VM code)
j  org.lwjgl.opengl.GL11C.nglDrawElements(IIIJ)V+0
j  org.lwjgl.opengl.GL11C.glDrawElements(IIIJ)V+4
j  org.lwjgl.opengl.GL11.glDrawElements(IIIJ)V+4
j  robatortas.code.files.Renderer.render(Lrobatortas/code/files/models/TexturedModel;)V+47
j  robatortas.code.files.DisplayManager.window()V+325
j  robatortas.code.files.DisplayManager.create()V+1
j  robatortas.code.files.MainApp.main([Ljava/lang/String;)V+13
v  ~StubRoutines::call_stub

siginfo: EXCEPTION_ACCESS_VIOLATION (0xc0000005), reading address 0x0000000000000000


Register to memory mapping:

RIP=0x00007ff95c6caf10 nvoglv64.dll
RAX=0x0000000000022006 is an unknown value
RBX=0x000001b3ce6d11d8 points into unknown readable memory: 0x0000000400022006 | 06 20 02 00 04 00 00 00
RCX=0x000001b3ce6d11f4 points into unknown readable memory: 00 00 00 00
RDX=0x0 is NULL
RSP=0x00000058690ff028 is pointing into the stack for thread: 0x000001b3a2871a20
RBP=0x0000000000000044 is an unknown value
RSI=0x0000000000000006 is an unknown value
RDI=0x000001b3c912a080 points into unknown readable memory: 0x0000000000000000 | 00 00 00 00 00 00 00 00
R8 =0x0000000000000018 is an unknown value
R9 =0x000001b3ce6d11d8 points into unknown readable memory: 0x0000000400022006 | 06 20 02 00 04 00 00 00
R10=0x0 is NULL
R11=0x000001b3ce6d11f4 points into unknown readable memory: 00 00 00 00
R12=0x0000000000000004 is an unknown value
R13=0x0000000000001405 is an unknown value
R14=0x0000000000000018 is an unknown value
R15=0x0 is NULL


Registers:
RAX=0x0000000000022006, RBX=0x000001b3ce6d11d8, RCX=0x000001b3ce6d11f4, RDX=0x0000000000000000
RSP=0x00000058690ff028, RBP=0x0000000000000044, RSI=0x0000000000000006, RDI=0x000001b3c912a080
R8 =0x0000000000000018, R9 =0x000001b3ce6d11d8, R10=0x0000000000000000, R11=0x000001b3ce6d11f4
R12=0x0000000000000004, R13=0x0000000000001405, R14=0x0000000000000018, R15=0x0000000000000000
RIP=0x00007ff95c6caf10, EFLAGS=0x0000000000010283

Top of Stack: (sp=0x00000058690ff028)
0x00000058690ff028:   00007ff95bd7750c 0000000000000110
0x00000058690ff038:   000001b3cf8683b0 00000058690ff158
0x00000058690ff048:   00007ff961d51932 000000000017555d
0x00000058690ff058:   000001b3a5f473fb 000001b3a2871a20
0x00000058690ff068:   000001b3a2871a20 000001b3cf8683b0
0x00000058690ff078:   000001b3a2871a20 000001b3a5f294fe
0x00000058690ff088:   000001b3a5f2d48e 000001b3a2871a20
0x00000058690ff098:   000001b3cf8683b0 0000000000000000
0x00000058690ff0a8:   000001b3a5f294fe 0000000000000110
0x00000058690ff0b8:   000001b3a5f2d621 00000058690ff158
0x00000058690ff0c8:   00000058690ff100 00000058690ff198
0x00000058690ff0d8:   000001b3cf8683b0 000001b300001405
0x00000058690ff0e8:   0000000000000000 3ff0000000000000
0x00000058690ff0f8:   000001b3a2871a20 0000000000000110
0x00000058690ff108:   000001b3a5f2d2f6 00000058690ff110
0x00000058690ff118:   000001b3cf8683b0 00000058690ff198 

Instructions: (pc=0x00007ff95c6caf10)
0x00007ff95c6cae10:   33 c0 c3 1b c0 83 d8 ff c3 90 49 c1 e9 02 74 37
0x00007ff95c6cae20:   48 8b 01 48 3b 04 11 75 5b 48 8b 41 08 48 3b 44
0x00007ff95c6cae30:   11 08 75 4c 48 8b 41 10 48 3b 44 11 10 75 3d 48
0x00007ff95c6cae40:   8b 41 18 48 3b 44 11 18 75 2e 48 83 c1 20 49 ff
0x00007ff95c6cae50:   c9 75 cd 49 83 e0 1f 4d 8b c8 49 c1 e9 03 74 9b
0x00007ff95c6cae60:   48 8b 01 48 3b 04 11 75 1b 48 83 c1 08 49 ff c9
0x00007ff95c6cae70:   75 ee 49 83 e0 07 eb 83 48 83 c1 08 48 83 c1 08
0x00007ff95c6cae80:   48 83 c1 08 48 8b 0c 0a 48 0f c8 48 0f c9 48 3b
0x00007ff95c6cae90:   c1 1b c0 83 d8 ff c3 cc cc cc cc cc cc cc cc cc
0x00007ff95c6caea0:   cc cc cc cc cc cc 66 66 0f 1f 84 00 00 00 00 00
0x00007ff95c6caeb0:   57 56 49 8b c3 48 8b f9 49 8b c8 49 8b f2 f3 a4
0x00007ff95c6caec0:   5e 5f c3 cc cc cc cc cc cc 0f 1f 80 00 00 00 00
0x00007ff95c6caed0:   4c 8b d9 4c 8b d2 49 83 f8 10 76 54 49 83 f8 20
0x00007ff95c6caee0:   76 2e 48 2b d1 73 0d 4b 8d 04 10 48 3b c8 0f 82
0x00007ff95c6caef0:   dc 02 00 00 49 81 f8 80 00 00 00 0f 86 0f 02 00
0x00007ff95c6caf00:   00 f6 05 28 7b bf 01 02 0f 84 52 01 00 00 eb a0
0x00007ff95c6caf10:   0f 10 02 42 0f 10 4c 02 f0 0f 11 01 42 0f 11 4c
0x00007ff95c6caf20:   01 f0 48 8b c1 c3 66 66 0f 1f 84 00 00 00 00 00
0x00007ff95c6caf30:   48 8b c1 4c 8d 0d c6 50 d9 fe 43 8b 8c 81 10 fa
0x00007ff95c6caf40:   fc 02 49 03 c9 ff e1 66 0f 1f 84 00 00 00 00 00
0x00007ff95c6caf50:   c3 0f b7 0a 66 89 08 c3 48 8b 0a 48 89 08 c3 0f
0x00007ff95c6caf60:   b7 0a 44 0f b6 42 02 66 89 08 44 88 40 02 c3 0f
0x00007ff95c6caf70:   b6 0a 88 08 c3 f3 0f 6f 02 f3 0f 7f 00 c3 66 90
0x00007ff95c6caf80:   4c 8b 02 0f b7 4a 08 44 0f b6 4a 0a 4c 89 00 66
0x00007ff95c6caf90:   89 48 08 44 88 48 0a c3 8b 0a 89 08 c3 0f 1f 00
0x00007ff95c6cafa0:   8b 0a 44 0f b6 42 04 89 08 44 88 40 04 c3 66 90
0x00007ff95c6cafb0:   8b 0a 44 0f b7 42 04 89 08 66 44 89 40 04 c3 90
0x00007ff95c6cafc0:   8b 0a 44 0f b7 42 04 44 0f b6 4a 06 89 08 66 44
0x00007ff95c6cafd0:   89 40 04 44 88 48 06 c3 4c 8b 02 8b 4a 08 44 0f
0x00007ff95c6cafe0:   b6 4a 0c 4c 89 00 89 48 08 44 88 48 0c c3 66 90
0x00007ff95c6caff0:   4c 8b 02 0f b6 4a 08 4c 89 00 88 48 08 c3 66 90
0x00007ff95c6cb000:   4c 8b 02 0f b7 4a 08 4c 89 00 66 89 48 08 c3 90 


Stack slot to memory mapping:
stack at sp + 0 slots: 0x00007ff95bd7750c nvoglv64.dll
stack at sp + 1 slots: 0x0000000000000110 is an unknown value
stack at sp + 2 slots: {method} {0x000001b3cf8683b8} 'nglDrawElements' '(IIIJ)V' in 'org/lwjgl/opengl/GL11C'
stack at sp + 3 slots: 0x00000058690ff158 is pointing into the stack for thread: 0x000001b3a2871a20
stack at sp + 4 slots: 0x00007ff961d51932 jvm.dll
stack at sp + 5 slots: 0x000000000017555d is an unknown value
stack at sp + 6 slots: 0x000001b3a5f473fb is at code_begin+3963 in 
[CodeBlob (0x000001b3a5f46410)]
Framesize: 0
BufferBlob (0x000001b3a5f46410) used for native signature handlers
stack at sp + 7 slots: 0x000001b3a2871a20 is a thread


---------------  P R O C E S S  ---------------

Threads class SMR info:
_java_thread_list=0x000001b3ce7b5f90, length=15, elements={
0x000001b3a2871a20, 0x000001b3c780d490, 0x000001b3c780e580, 0x000001b3c7864000,
0x000001b3c7866cd0, 0x000001b3c7867d30, 0x000001b3c787e010, 0x000001b3c7881b60,
0x000001b3c7885020, 0x000001b3c788e890, 0x000001b3c79db6e0, 0x000001b3c79f20c0,
0x000001b3c79f9e40, 0x000001b3c7a0b230, 0x000001b3c7f27060
}

Java Threads: ( => current thread )
=>0x000001b3a2871a20 JavaThread "main" [_thread_in_native, id=18436, stack(0x0000005869000000,0x0000005869100000)]
  0x000001b3c780d490 JavaThread "Reference Handler" daemon [_thread_blocked, id=25068, stack(0x0000005869700000,0x0000005869800000)]
  0x000001b3c780e580 JavaThread "Finalizer" daemon [_thread_blocked, id=5008, stack(0x0000005869800000,0x0000005869900000)]
  0x000001b3c7864000 JavaThread "Signal Dispatcher" daemon [_thread_blocked, id=5460, stack(0x0000005869900000,0x0000005869a00000)]
  0x000001b3c7866cd0 JavaThread "Attach Listener" daemon [_thread_blocked, id=23988, stack(0x0000005869a00000,0x0000005869b00000)]
  0x000001b3c7867d30 JavaThread "Service Thread" daemon [_thread_blocked, id=24792, stack(0x0000005869b00000,0x0000005869c00000)]
  0x000001b3c787e010 JavaThread "Monitor Deflation Thread" daemon [_thread_blocked, id=5916, stack(0x0000005869c00000,0x0000005869d00000)]
  0x000001b3c7881b60 JavaThread "C2 CompilerThread0" daemon [_thread_blocked, id=20236, stack(0x0000005869d00000,0x0000005869e00000)]
  0x000001b3c7885020 JavaThread "C1 CompilerThread0" daemon [_thread_blocked, id=24224, stack(0x0000005869e00000,0x0000005869f00000)]
  0x000001b3c788e890 JavaThread "Sweeper thread" daemon [_thread_blocked, id=16068, stack(0x0000005869f00000,0x000000586a000000)]
  0x000001b3c79db6e0 JavaThread "C1 CompilerThread1" daemon [_thread_blocked, id=2736, stack(0x000000586a000000,0x000000586a100000)]
  0x000001b3c79f20c0 JavaThread "C1 CompilerThread2" daemon [_thread_blocked, id=3164, stack(0x000000586a100000,0x000000586a200000)]
  0x000001b3c79f9e40 JavaThread "Notification Thread" daemon [_thread_blocked, id=31152, stack(0x000000586a200000,0x000000586a300000)]
  0x000001b3c7a0b230 JavaThread "Common-Cleaner" daemon [_thread_blocked, id=23408, stack(0x000000586a400000,0x000000586a500000)]
  0x000001b3c7f27060 JavaThread "Java2D Disposer" daemon [_thread_blocked, id=3864, stack(0x000000586ab00000,0x000000586ac00000)]

Other Threads:
  0x000001b3c6fa1e40 VMThread "VM Thread" [stack: 0x0000005869600000,0x0000005869700000] [id=29332]
  0x000001b3c79faf40 WatcherThread [stack: 0x000000586a300000,0x000000586a400000] [id=14576]
  0x000001b3a28d42e0 GCTaskThread "GC Thread#0" [stack: 0x0000005869100000,0x0000005869200000] [id=16772]
  0x000001b3a28e1900 ConcurrentGCThread "G1 Main Marker" [stack: 0x0000005869200000,0x0000005869300000] [id=4808]
  0x000001b3a28e4340 ConcurrentGCThread "G1 Conc#0" [stack: 0x0000005869300000,0x0000005869400000] [id=14128]
  0x000001b3a294e780 ConcurrentGCThread "G1 Refine#0" [stack: 0x0000005869400000,0x0000005869500000] [id=6408]
  0x000001b3c6e55340 ConcurrentGCThread "G1 Service" [stack: 0x0000005869500000,0x0000005869600000] [id=13024]

Threads with active compile tasks:

VM state: not at safepoint (normal execution)

VM Mutex/Monitor currently owned by a thread: None

Heap address: 0x0000000681800000, size: 6120 MB, Compressed Oops mode: Zero based, Oop shift amount: 3

CDS archive(s) not mapped
Compressed class space mapped at: 0x0000000800000000-0x0000000840000000, reserved size: 1073741824
Narrow klass base: 0x0000000800000000, Narrow klass shift: 0, Narrow klass range: 0x40000000

GC Precious Log:
 CPUs: 20 total, 20 available
 Memory: 24477M
 Large Page Support: Disabled
 NUMA Support: Disabled
 Compressed Oops: Enabled (Zero based)
 Heap Region Size: 4M
 Heap Min Capacity: 8M
 Heap Initial Capacity: 384M
 Heap Max Capacity: 6120M
 Pre-touch: Disabled
 Parallel Workers: 15
 Concurrent Workers: 4
 Concurrent Refinement Workers: 15
 Periodic GC: Disabled

Heap:
 garbage-first heap   total 393216K, used 36864K [0x0000000681800000, 0x0000000800000000)
  region size 4096K, 3 young (12288K), 0 survivors (0K)
 Metaspace       used 12140K, committed 12352K, reserved 1064960K
  class space    used 962K, committed 1024K, reserved 1048576K

Heap Regions: E=young(eden), S=young(survivor), O=old, HS=humongous(starts), HC=humongous(continues), CS=collection set, F=free, OA=open archive, CA=closed archive, TAMS=top-at-mark-start (previous, next)
|   0|0x0000000681800000, 0x0000000681c00000, 0x0000000681c00000|100%|HS|  |TAMS 0x0000000681800000, 0x0000000681800000| Complete 
|   1|0x0000000681c00000, 0x0000000682000000, 0x0000000682000000|100%|HS|  |TAMS 0x0000000681c00000, 0x0000000681c00000| Complete 
|   2|0x0000000682000000, 0x0000000682400000, 0x0000000682400000|100%|HC|  |TAMS 0x0000000682000000, 0x0000000682000000| Complete 
|   3|0x0000000682400000, 0x0000000682800000, 0x0000000682800000|100%|HC|  |TAMS 0x0000000682400000, 0x0000000682400000| Complete 
|   4|0x0000000682800000, 0x0000000682c00000, 0x0000000682c00000|100%|HS|  |TAMS 0x0000000682800000, 0x0000000682800000| Complete 
|   5|0x0000000682c00000, 0x0000000683000000, 0x0000000683000000|100%|HC|  |TAMS 0x0000000682c00000, 0x0000000682c00000| Complete 
|   6|0x0000000683000000, 0x0000000683400000, 0x0000000683400000|100%|HC|  |TAMS 0x0000000683000000, 0x0000000683000000| Complete 
|   7|0x0000000683400000, 0x0000000683400000, 0x0000000683800000|  0%| F|  |TAMS 0x0000000683400000, 0x0000000683400000| Untracked 
|   8|0x0000000683800000, 0x0000000683800000, 0x0000000683c00000|  0%| F|  |TAMS 0x0000000683800000, 0x0000000683800000| Untracked 
|   9|0x0000000683c00000, 0x0000000683c00000, 0x0000000684000000|  0%| F|  |TAMS 0x0000000683c00000, 0x0000000683c00000| Untracked 
|  10|0x0000000684000000, 0x0000000684000000, 0x0000000684400000|  0%| F|  |TAMS 0x0000000684000000, 0x0000000684000000| Untracked 
|  11|0x0000000684400000, 0x0000000684400000, 0x0000000684800000|  0%| F|  |TAMS 0x0000000684400000, 0x0000000684400000| Untracked 
|  12|0x0000000684800000, 0x0000000684800000, 0x0000000684c00000|  0%| F|  |TAMS 0x0000000684800000, 0x0000000684800000| Untracked 
|  13|0x0000000684c00000, 0x0000000684c00000, 0x0000000685000000|  0%| F|  |TAMS 0x0000000684c00000, 0x0000000684c00000| Untracked 
|  14|0x0000000685000000, 0x0000000685000000, 0x0000000685400000|  0%| F|  |TAMS 0x0000000685000000, 0x0000000685000000| Untracked 
|  15|0x0000000685400000, 0x0000000685400000, 0x0000000685800000|  0%| F|  |TAMS 0x0000000685400000, 0x0000000685400000| Untracked 
|  16|0x0000000685800000, 0x0000000685800000, 0x0000000685c00000|  0%| F|  |TAMS 0x0000000685800000, 0x0000000685800000| Untracked 
|  17|0x0000000685c00000, 0x0000000685c00000, 0x0000000686000000|  0%| F|  |TAMS 0x0000000685c00000, 0x0000000685c00000| Untracked 
|  18|0x0000000686000000, 0x0000000686000000, 0x0000000686400000|  0%| F|  |TAMS 0x0000000686000000, 0x0000000686000000| Untracked 
|  19|0x0000000686400000, 0x0000000686400000, 0x0000000686800000|  0%| F|  |TAMS 0x0000000686400000, 0x0000000686400000| Untracked 
|  20|0x0000000686800000, 0x0000000686800000, 0x0000000686c00000|  0%| F|  |TAMS 0x0000000686800000, 0x0000000686800000| Untracked 
|  21|0x0000000686c00000, 0x0000000686c00000, 0x0000000687000000|  0%| F|  |TAMS 0x0000000686c00000, 0x0000000686c00000| Untracked 
|  22|0x0000000687000000, 0x0000000687000000, 0x0000000687400000|  0%| F|  |TAMS 0x0000000687000000, 0x0000000687000000| Untracked 
|  23|0x0000000687400000, 0x0000000687400000, 0x0000000687800000|  0%| F|  |TAMS 0x0000000687400000, 0x0000000687400000| Untracked 
|  24|0x0000000687800000, 0x0000000687800000, 0x0000000687c00000|  0%| F|  |TAMS 0x0000000687800000, 0x0000000687800000| Untracked 
|  25|0x0000000687c00000, 0x0000000687c00000, 0x0000000688000000|  0%| F|  |TAMS 0x0000000687c00000, 0x0000000687c00000| Untracked 
|  26|0x0000000688000000, 0x0000000688000000, 0x0000000688400000|  0%| F|  |TAMS 0x0000000688000000, 0x0000000688000000| Untracked 
|  27|0x0000000688400000, 0x0000000688400000, 0x0000000688800000|  0%| F|  |TAMS 0x0000000688400000, 0x0000000688400000| Untracked 
|  28|0x0000000688800000, 0x0000000688800000, 0x0000000688c00000|  0%| F|  |TAMS 0x0000000688800000, 0x0000000688800000| Untracked 
|  29|0x0000000688c00000, 0x0000000688c00000, 0x0000000689000000|  0%| F|  |TAMS 0x0000000688c00000, 0x0000000688c00000| Untracked 
|  30|0x0000000689000000, 0x0000000689000000, 0x0000000689400000|  0%| F|  |TAMS 0x0000000689000000, 0x0000000689000000| Untracked 
|  31|0x0000000689400000, 0x0000000689400000, 0x0000000689800000|  0%| F|  |TAMS 0x0000000689400000, 0x0000000689400000| Untracked 
|  32|0x0000000689800000, 0x0000000689800000, 0x0000000689c00000|  0%| F|  |TAMS 0x0000000689800000, 0x0000000689800000| Untracked 
|  33|0x0000000689c00000, 0x0000000689c00000, 0x000000068a000000|  0%| F|  |TAMS 0x0000000689c00000, 0x0000000689c00000| Untracked 
|  34|0x000000068a000000, 0x000000068a000000, 0x000000068a400000|  0%| F|  |TAMS 0x000000068a000000, 0x000000068a000000| Untracked 
|  35|0x000000068a400000, 0x000000068a400000, 0x000000068a800000|  0%| F|  |TAMS 0x000000068a400000, 0x000000068a400000| Untracked 
|  36|0x000000068a800000, 0x000000068a800000, 0x000000068ac00000|  0%| F|  |TAMS 0x000000068a800000, 0x000000068a800000| Untracked 
|  37|0x000000068ac00000, 0x000000068ac00000, 0x000000068b000000|  0%| F|  |TAMS 0x000000068ac00000, 0x000000068ac00000| Untracked 
|  38|0x000000068b000000, 0x000000068b000000, 0x000000068b400000|  0%| F|  |TAMS 0x000000068b000000, 0x000000068b000000| Untracked 
|  39|0x000000068b400000, 0x000000068b400000, 0x000000068b800000|  0%| F|  |TAMS 0x000000068b400000, 0x000000068b400000| Untracked 
|  40|0x000000068b800000, 0x000000068b800000, 0x000000068bc00000|  0%| F|  |TAMS 0x000000068b800000, 0x000000068b800000| Untracked 
|  41|0x000000068bc00000, 0x000000068bc00000, 0x000000068c000000|  0%| F|  |TAMS 0x000000068bc00000, 0x000000068bc00000| Untracked 
|  42|0x000000068c000000, 0x000000068c000000, 0x000000068c400000|  0%| F|  |TAMS 0x000000068c000000, 0x000000068c000000| Untracked 
|  43|0x000000068c400000, 0x000000068c400000, 0x000000068c800000|  0%| F|  |TAMS 0x000000068c400000, 0x000000068c400000| Untracked 
|  44|0x000000068c800000, 0x000000068c800000, 0x000000068cc00000|  0%| F|  |TAMS 0x000000068c800000, 0x000000068c800000| Untracked 
|  45|0x000000068cc00000, 0x000000068cc00000, 0x000000068d000000|  0%| F|  |TAMS 0x000000068cc00000, 0x000000068cc00000| Untracked 
|  46|0x000000068d000000, 0x000000068d000000, 0x000000068d400000|  0%| F|  |TAMS 0x000000068d000000, 0x000000068d000000| Untracked 
|  47|0x000000068d400000, 0x000000068d400000, 0x000000068d800000|  0%| F|  |TAMS 0x000000068d400000, 0x000000068d400000| Untracked 
|  48|0x000000068d800000, 0x000000068d800000, 0x000000068dc00000|  0%| F|  |TAMS 0x000000068d800000, 0x000000068d800000| Untracked 
|  49|0x000000068dc00000, 0x000000068dc00000, 0x000000068e000000|  0%| F|  |TAMS 0x000000068dc00000, 0x000000068dc00000| Untracked 
|  50|0x000000068e000000, 0x000000068e000000, 0x000000068e400000|  0%| F|  |TAMS 0x000000068e000000, 0x000000068e000000| Untracked 
|  51|0x000000068e400000, 0x000000068e400000, 0x000000068e800000|  0%| F|  |TAMS 0x000000068e400000, 0x000000068e400000| Untracked 
|  52|0x000000068e800000, 0x000000068e800000, 0x000000068ec00000|  0%| F|  |TAMS 0x000000068e800000, 0x000000068e800000| Untracked 
|  53|0x000000068ec00000, 0x000000068ec00000, 0x000000068f000000|  0%| F|  |TAMS 0x000000068ec00000, 0x000000068ec00000| Untracked 
|  54|0x000000068f000000, 0x000000068f000000, 0x000000068f400000|  0%| F|  |TAMS 0x000000068f000000, 0x000000068f000000| Untracked 
|  55|0x000000068f400000, 0x000000068f400000, 0x000000068f800000|  0%| F|  |TAMS 0x000000068f400000, 0x000000068f400000| Untracked 
|  56|0x000000068f800000, 0x000000068f800000, 0x000000068fc00000|  0%| F|  |TAMS 0x000000068f800000, 0x000000068f800000| Untracked 
|  57|0x000000068fc00000, 0x000000068fc00000, 0x0000000690000000|  0%| F|  |TAMS 0x000000068fc00000, 0x000000068fc00000| Untracked 
|  58|0x0000000690000000, 0x0000000690000000, 0x0000000690400000|  0%| F|  |TAMS 0x0000000690000000, 0x0000000690000000| Untracked 
|  59|0x0000000690400000, 0x0000000690400000, 0x0000000690800000|  0%| F|  |TAMS 0x0000000690400000, 0x0000000690400000| Untracked 
|  60|0x0000000690800000, 0x0000000690800000, 0x0000000690c00000|  0%| F|  |TAMS 0x0000000690800000, 0x0000000690800000| Untracked 
|  61|0x0000000690c00000, 0x0000000690c00000, 0x0000000691000000|  0%| F|  |TAMS 0x0000000690c00000, 0x0000000690c00000| Untracked 
|  62|0x0000000691000000, 0x0000000691000000, 0x0000000691400000|  0%| F|  |TAMS 0x0000000691000000, 0x0000000691000000| Untracked 
|  63|0x0000000691400000, 0x0000000691400000, 0x0000000691800000|  0%| F|  |TAMS 0x0000000691400000, 0x0000000691400000| Untracked 
|  64|0x0000000691800000, 0x0000000691800000, 0x0000000691c00000|  0%| F|  |TAMS 0x0000000691800000, 0x0000000691800000| Untracked 
|  65|0x0000000691c00000, 0x0000000691c00000, 0x0000000692000000|  0%| F|  |TAMS 0x0000000691c00000, 0x0000000691c00000| Untracked 
|  66|0x0000000692000000, 0x0000000692000000, 0x0000000692400000|  0%| F|  |TAMS 0x0000000692000000, 0x0000000692000000| Untracked 
|  67|0x0000000692400000, 0x0000000692400000, 0x0000000692800000|  0%| F|  |TAMS 0x0000000692400000, 0x0000000692400000| Untracked 
|  68|0x0000000692800000, 0x0000000692800000, 0x0000000692c00000|  0%| F|  |TAMS 0x0000000692800000, 0x0000000692800000| Untracked 
|  69|0x0000000692c00000, 0x0000000692c00000, 0x0000000693000000|  0%| F|  |TAMS 0x0000000692c00000, 0x0000000692c00000| Untracked 
|  70|0x0000000693000000, 0x0000000693000000, 0x0000000693400000|  0%| F|  |TAMS 0x0000000693000000, 0x0000000693000000| Untracked 
|  71|0x0000000693400000, 0x0000000693400000, 0x0000000693800000|  0%| F|  |TAMS 0x0000000693400000, 0x0000000693400000| Untracked 
|  72|0x0000000693800000, 0x0000000693800000, 0x0000000693c00000|  0%| F|  |TAMS 0x0000000693800000, 0x0000000693800000| Untracked 
|  73|0x0000000693c00000, 0x0000000693c00000, 0x0000000694000000|  0%| F|  |TAMS 0x0000000693c00000, 0x0000000693c00000| Untracked 
|  74|0x0000000694000000, 0x0000000694000000, 0x0000000694400000|  0%| F|  |TAMS 0x0000000694000000, 0x0000000694000000| Untracked 
|  75|0x0000000694400000, 0x0000000694400000, 0x0000000694800000|  0%| F|  |TAMS 0x0000000694400000, 0x0000000694400000| Untracked 
|  76|0x0000000694800000, 0x0000000694800000, 0x0000000694c00000|  0%| F|  |TAMS 0x0000000694800000, 0x0000000694800000| Untracked 
|  77|0x0000000694c00000, 0x0000000694c00000, 0x0000000695000000|  0%| F|  |TAMS 0x0000000694c00000, 0x0000000694c00000| Untracked 
|  78|0x0000000695000000, 0x0000000695000000, 0x0000000695400000|  0%| F|  |TAMS 0x0000000695000000, 0x0000000695000000| Untracked 
|  79|0x0000000695400000, 0x0000000695400000, 0x0000000695800000|  0%| F|  |TAMS 0x0000000695400000, 0x0000000695400000| Untracked 
|  80|0x0000000695800000, 0x0000000695800000, 0x0000000695c00000|  0%| F|  |TAMS 0x0000000695800000, 0x0000000695800000| Untracked 
|  81|0x0000000695c00000, 0x0000000695c00000, 0x0000000696000000|  0%| F|  |TAMS 0x0000000695c00000, 0x0000000695c00000| Untracked 
|  82|0x0000000696000000, 0x0000000696000000, 0x0000000696400000|  0%| F|  |TAMS 0x0000000696000000, 0x0000000696000000| Untracked 
|  83|0x0000000696400000, 0x0000000696400000, 0x0000000696800000|  0%| F|  |TAMS 0x0000000696400000, 0x0000000696400000| Untracked 
|  84|0x0000000696800000, 0x0000000696800000, 0x0000000696c00000|  0%| F|  |TAMS 0x0000000696800000, 0x0000000696800000| Untracked 
|  85|0x0000000696c00000, 0x0000000696c00000, 0x0000000697000000|  0%| F|  |TAMS 0x0000000696c00000, 0x0000000696c00000| Untracked 
|  86|0x0000000697000000, 0x0000000697000000, 0x0000000697400000|  0%| F|  |TAMS 0x0000000697000000, 0x0000000697000000| Untracked 
|  87|0x0000000697400000, 0x0000000697400000, 0x0000000697800000|  0%| F|  |TAMS 0x0000000697400000, 0x0000000697400000| Untracked 
|  88|0x0000000697800000, 0x0000000697800000, 0x0000000697c00000|  0%| F|  |TAMS 0x0000000697800000, 0x0000000697800000| Untracked 
|  89|0x0000000697c00000, 0x0000000697c00000, 0x0000000698000000|  0%| F|  |TAMS 0x0000000697c00000, 0x0000000697c00000| Untracked 
|  90|0x0000000698000000, 0x0000000698000000, 0x0000000698400000|  0%| F|  |TAMS 0x0000000698000000, 0x0000000698000000| Untracked 
|  91|0x0000000698400000, 0x0000000698400000, 0x0000000698800000|  0%| F|  |TAMS 0x0000000698400000, 0x0000000698400000| Untracked 
|  92|0x0000000698800000, 0x0000000698800000, 0x0000000698c00000|  0%| F|  |TAMS 0x0000000698800000, 0x0000000698800000| Untracked 
|  93|0x0000000698c00000, 0x0000000698e789d8, 0x0000000699000000| 61%| E|  |TAMS 0x0000000698c00000, 0x0000000698c00000| Complete 
|  94|0x0000000699000000, 0x0000000699400000, 0x0000000699400000|100%| E|CS|TAMS 0x0000000699000000, 0x0000000699000000| Complete 
|  95|0x0000000699400000, 0x0000000699800000, 0x0000000699800000|100%| E|CS|TAMS 0x0000000699400000, 0x0000000699400000| Complete 

Card table byte_map: [0x000001b3b65c0000,0x000001b3b71c0000] _byte_map_base: 0x000001b3b31b4000

Marking Bits (Prev, Next): (CMBitMap*) 0x000001b3a28d48f0, (CMBitMap*) 0x000001b3a28d4930
 Prev Bits: [0x000001b3b7dc0000, 0x000001b3bdd60000)
 Next Bits: [0x000001b3bdd60000, 0x000001b3c3d00000)

Polling page: 0x000001b3a0850000

Metaspace:

Usage:
  Non-class:     10.92 MB used.
      Class:    962.69 KB used.
       Both:     11.86 MB used.

Virtual space:
  Non-class space:       16.00 MB reserved,      11.06 MB ( 69%) committed,  2 nodes.
      Class space:        1.00 GB reserved,       1.00 MB ( <1%) committed,  1 nodes.
             Both:        1.02 GB reserved,      12.06 MB (  1%) committed. 

Chunk freelists:
   Non-Class:  1005.00 KB
       Class:  3.02 MB
        Both:  4.00 MB

MaxMetaspaceSize: unlimited
CompressedClassSpaceSize: 1.00 GB
Initial GC threshold: 21.00 MB
Current GC threshold: 21.00 MB
CDS: off
MetaspaceReclaimPolicy: balanced
 - commit_granule_bytes: 65536.
 - commit_granule_words: 8192.
 - virtual_space_node_default_size: 1048576.
 - enlarge_chunks_in_place: 1.
 - new_chunks_are_fully_committed: 0.
 - uncommit_free_chunks: 1.
 - use_allocation_guard: 0.
 - handle_deallocations: 1.


Internal statistics:

num_allocs_failed_limit: 0.
num_arena_births: 120.
num_arena_deaths: 0.
num_vsnodes_births: 3.
num_vsnodes_deaths: 0.
num_space_committed: 191.
num_space_uncommitted: 0.
num_chunks_returned_to_freelist: 0.
num_chunks_taken_from_freelist: 233.
num_chunk_merges: 0.
num_chunk_splits: 144.
num_chunks_enlarged: 88.
num_purges: 0.
num_inconsistent_stats: 0.

CodeHeap 'non-profiled nmethods': size=119168Kb used=249Kb max_used=249Kb free=118918Kb
 bounds [0x000001b3adac0000, 0x000001b3add30000, 0x000001b3b4f20000]
CodeHeap 'profiled nmethods': size=119104Kb used=1474Kb max_used=1474Kb free=117629Kb
 bounds [0x000001b3a6670000, 0x000001b3a68e0000, 0x000001b3adac0000]
CodeHeap 'non-nmethods': size=7488Kb used=2689Kb max_used=2705Kb free=4798Kb
 bounds [0x000001b3a5f20000, 0x000001b3a61d0000, 0x000001b3a6670000]
 total_blobs=1873 nmethods=888 adapters=896
 compilation: enabled
              stopped_count=0, restarted_count=0
 full_count=0

Compilation events (20 events):
Event: 0.473 Thread 0x000001b3c79f20c0 nmethod 878 0x000001b3a67d8310 code [0x000001b3a67d8520, 0x000001b3a67d8f38]
Event: 0.473 Thread 0x000001b3c79db6e0 nmethod 877 0x000001b3a67d9210 code [0x000001b3a67d94a0, 0x000001b3a67da648]
Event: 0.473 Thread 0x000001b3c7881b60  880       4       sun.awt.image.ByteInterleavedRaster::setDataElements (116 bytes)
Event: 0.475 Thread 0x000001b3c7881b60 nmethod 880 0x000001b3adafc010 code [0x000001b3adafc1a0, 0x000001b3adafc4b8]
Event: 0.475 Thread 0x000001b3c7881b60  882       4       java.awt.image.IndexColorModel::installpixel (138 bytes)
Event: 0.476 Thread 0x000001b3c7881b60 nmethod 882 0x000001b3adafc710 code [0x000001b3adafc8a0, 0x000001b3adafc998]
Event: 0.476 Thread 0x000001b3c7881b60  881  s    4       java.awt.image.IndexColorModel::getDataElements (683 bytes)
Event: 0.476 Thread 0x000001b3c79db6e0  883 %     3       java.awt.image.BufferedImage::setRGB @ 26 (86 bytes)
Event: 0.476 Thread 0x000001b3c79db6e0 nmethod 883% 0x000001b3a67dab90 code [0x000001b3a67dad60, 0x000001b3a67db398]
Event: 0.476 Thread 0x000001b3c79db6e0  884       3       java.awt.image.BufferedImage::setRGB (86 bytes)
Event: 0.477 Thread 0x000001b3c79db6e0 nmethod 884 0x000001b3a67db610 code [0x000001b3a67db7e0, 0x000001b3a67dbc58]
Event: 0.477 Thread 0x000001b3c7881b60 nmethod 881 0x000001b3adafca90 code [0x000001b3adafcc20, 0x000001b3adafcf98]
Event: 0.477 Thread 0x000001b3c7881b60  885 %     4       java.awt.image.BufferedImage::setRGB @ 26 (86 bytes)
Event: 0.482 Thread 0x000001b3c7881b60 nmethod 885% 0x000001b3adafd210 code [0x000001b3adafd3c0, 0x000001b3adafda88]
Event: 0.529 Thread 0x000001b3c7885020  886 % !   3       robatortas.code.files.models.Loader::loadTexture @ 86 (273 bytes)
Event: 0.530 Thread 0x000001b3c7885020 nmethod 886% 0x000001b3a67dbf10 code [0x000001b3a67dc2a0, 0x000001b3a67dda68]
Event: 0.530 Thread 0x000001b3c7885020  887   !   3       robatortas.code.files.models.Loader::loadTexture (273 bytes)
Event: 0.530 Thread 0x000001b3c7885020 nmethod 887 0x000001b3a67de510 code [0x000001b3a67de8a0, 0x000001b3a67dff68]
Event: 0.530 Thread 0x000001b3c7881b60  888 % !   4       robatortas.code.files.models.Loader::loadTexture @ 86 (273 bytes)
Event: 0.534 Thread 0x000001b3c7881b60 nmethod 888% 0x000001b3adafe010 code [0x000001b3adafe1c0, 0x000001b3adafe598]

GC Heap History (0 events):
No events

Deoptimization events (14 events):
Event: 0.131 Thread 0x000001b3a2871a20 DEOPT PACKING pc=0x000001b3a6689ce7 sp=0x00000058690fc9a0
Event: 0.131 Thread 0x000001b3a2871a20 DEOPT UNPACKING pc=0x000001b3a5f72b43 sp=0x00000058690fbdc0 mode 0
Event: 0.341 Thread 0x000001b3a2871a20 Uncommon trap: trap_request=0xffffff54 fr.pc=0x000001b3adae3660 relative=0x0000000000000060
Event: 0.341 Thread 0x000001b3a2871a20 Uncommon trap: reason=speculate_null_assert action=make_not_entrant pc=0x000001b3adae3660 method=sun.misc.Unsafe.putLong(Ljava/lang/Object;JJ)V @ 7 c2
Event: 0.341 Thread 0x000001b3a2871a20 DEOPT PACKING pc=0x000001b3adae3660 sp=0x00000058690feef0
Event: 0.341 Thread 0x000001b3a2871a20 DEOPT UNPACKING pc=0x000001b3a5f723a3 sp=0x00000058690fee68 mode 2
Event: 0.482 Thread 0x000001b3a2871a20 DEOPT PACKING pc=0x000001b3a67db2b9 sp=0x00000058690ff140
Event: 0.482 Thread 0x000001b3a2871a20 DEOPT UNPACKING pc=0x000001b3a5f72b43 sp=0x00000058690fe660 mode 0
Event: 0.534 Thread 0x000001b3a2871a20 DEOPT PACKING pc=0x000001b3a67dd5a4 sp=0x00000058690ff1a0
Event: 0.534 Thread 0x000001b3a2871a20 DEOPT UNPACKING pc=0x000001b3a5f72b43 sp=0x00000058690fe710 mode 0
Event: 0.535 Thread 0x000001b3a2871a20 Uncommon trap: trap_request=0xffffff45 fr.pc=0x000001b3adafe51c relative=0x000000000000035c
Event: 0.535 Thread 0x000001b3a2871a20 Uncommon trap: reason=unstable_if action=reinterpret pc=0x000001b3adafe51c method=robatortas.code.files.models.Loader.loadTexture(Ljava/lang/String;)I @ 170 c2
Event: 0.535 Thread 0x000001b3a2871a20 DEOPT PACKING pc=0x000001b3adafe51c sp=0x00000058690ff290
Event: 0.535 Thread 0x000001b3a2871a20 DEOPT UNPACKING pc=0x000001b3a5f723a3 sp=0x00000058690ff220 mode 2

Classes unloaded (0 events):
No events

Classes redefined (0 events):
No events

Internal exceptions (20 events):
Event: 0.127 Thread 0x000001b3a2871a20 Exception <a 'sun/nio/fs/WindowsException'{0x00000006997fccc0}> (0x00000006997fccc0) 
thrown [e:\jenkins\tmp\workspace\build\src\src\hotspot\share\prims\jni.cpp, line 516]
Event: 0.127 Thread 0x000001b3a2871a20 Exception <a 'sun/nio/fs/WindowsException'{0x00000006997fd218}> (0x00000006997fd218) 
thrown [e:\jenkins\tmp\workspace\build\src\src\hotspot\share\prims\jni.cpp, line 516]
Event: 0.142 Thread 0x000001b3a2871a20 Exception <a 'sun/nio/fs/WindowsException'{0x00000006990ff148}> (0x00000006990ff148) 
thrown [e:\jenkins\tmp\workspace\build\src\src\hotspot\share\prims\jni.cpp, line 516]
Event: 0.142 Thread 0x000001b3a2871a20 Exception <a 'sun/nio/fs/WindowsException'{0x00000006990ff4b8}> (0x00000006990ff4b8) 
thrown [e:\jenkins\tmp\workspace\build\src\src\hotspot\share\prims\jni.cpp, line 516]
Event: 0.144 Thread 0x000001b3a2871a20 Exception <a 'java/lang/NoSuchMethodError'{0x00000006991329d8}: 'java.lang.Object java.lang.invoke.DirectMethodHandle$Holder.invokeStaticInit(java.lang.Object)'> (0x00000006991329d8) 
thrown [e:\jenkins\tmp\workspace\build\src\src\hotspot\share\interpreter\linkResolver.cpp, line 766]
Event: 0.147 Thread 0x000001b3a2871a20 Exception <a 'java/lang/NoSuchMethodError'{0x000000069914ccd0}: 'int java.lang.invoke.DirectMethodHandle$Holder.invokeStaticInit(java.lang.Object, java.lang.Object, int, long)'> (0x000000069914ccd0) 
thrown [e:\jenkins\tmp\workspace\build\src\src\hotspot\share\interpreter\linkResolver.cpp, line 766]
Event: 0.147 Thread 0x000001b3a2871a20 Exception <a 'java/lang/NoSuchMethodError'{0x0000000699152598}: 'java.lang.Object java.lang.invoke.DirectMethodHandle$Holder.newInvokeSpecial(java.lang.Object, java.lang.Object, int)'> (0x0000000699152598) 
thrown [e:\jenkins\tmp\workspace\build\src\src\hotspot\share\interpreter\linkResolver.cpp, line 766]
Event: 0.148 Thread 0x000001b3a2871a20 Exception <a 'java/lang/NoSuchMethodError'{0x00000006991616d0}: 'int java.lang.invoke.DirectMethodHandle$Holder.invokeStaticInit(java.lang.Object, java.lang.Object, long, long)'> (0x00000006991616d0) 
thrown [e:\jenkins\tmp\workspace\build\src\src\hotspot\share\interpreter\linkResolver.cpp, line 766]
Event: 0.149 Thread 0x000001b3a2871a20 Exception <a 'java/lang/NoSuchMethodError'{0x0000000699167848}: 'java.lang.Object java.lang.invoke.DirectMethodHandle$Holder.newInvokeSpecial(java.lang.Object, java.lang.Object, long)'> (0x0000000699167848) 
thrown [e:\jenkins\tmp\workspace\build\src\src\hotspot\share\interpreter\linkResolver.cpp, line 766]
Event: 0.149 Thread 0x000001b3a2871a20 Exception <a 'java/lang/NoSuchMethodError'{0x000000069916bb38}: 'java.lang.Object java.lang.invoke.Invokers$Holder.linkToTargetMethod(java.lang.Object, long, java.lang.Object)'> (0x000000069916bb38) 
thrown [e:\jenkins\tmp\workspace\build\src\src\hotspot\share\interpreter\linkResolver.cpp, line 766]
Event: 0.149 Thread 0x000001b3a2871a20 Exception <a 'java/lang/NoSuchMethodError'{0x0000000699173250}: 'int java.lang.invoke.DirectMethodHandle$Holder.invokeStaticInit(java.lang.Object, java.lang.Object, java.lang.Object, long)'> (0x0000000699173250) 
thrown [e:\jenkins\tmp\workspace\build\src\src\hotspot\share\interpreter\linkResolver.cpp, line 766]
Event: 0.334 Thread 0x000001b3a2871a20 Exception <a 'sun/nio/fs/WindowsException'{0x0000000699204d48}> (0x0000000699204d48) 
thrown [e:\jenkins\tmp\workspace\build\src\src\hotspot\share\prims\jni.cpp, line 516]
Event: 0.334 Thread 0x000001b3a2871a20 Exception <a 'sun/nio/fs/WindowsException'{0x00000006992050f8}> (0x00000006992050f8) 
thrown [e:\jenkins\tmp\workspace\build\src\src\hotspot\share\prims\jni.cpp, line 516]
Event: 0.337 Thread 0x000001b3a2871a20 Exception <a 'sun/nio/fs/WindowsException'{0x000000069920dba0}> (0x000000069920dba0) 
thrown [e:\jenkins\tmp\workspace\build\src\src\hotspot\share\prims\jni.cpp, line 516]
Event: 0.337 Thread 0x000001b3a2871a20 Exception <a 'sun/nio/fs/WindowsException'{0x000000069920de88}> (0x000000069920de88) 
thrown [e:\jenkins\tmp\workspace\build\src\src\hotspot\share\prims\jni.cpp, line 516]
Event: 0.393 Thread 0x000001b3a2871a20 Exception <a 'java/lang/ClassNotFoundException'{0x0000000698cb76c0}: sun/awt/resources/spi/awtProvider> (0x0000000698cb76c0) 
thrown [e:\jenkins\tmp\workspace\build\src\src\hotspot\share\classfile\systemDictionary.cpp, line 256]
Event: 0.403 Thread 0x000001b3a2871a20 Exception <a 'java/io/FileNotFoundException'{0x0000000698d09718}> (0x0000000698d09718) 
thrown [e:\jenkins\tmp\workspace\build\src\src\hotspot\share\prims\jni.cpp, line 516]
Event: 0.405 Thread 0x000001b3a2871a20 Exception <a 'java/io/FileNotFoundException'{0x0000000698d36660}> (0x0000000698d36660) 
thrown [e:\jenkins\tmp\workspace\build\src\src\hotspot\share\prims\jni.cpp, line 516]
Event: 0.421 Thread 0x000001b3a2871a20 Exception <a 'java/lang/NoSuchMethodError'{0x0000000698daf088}: 'java.lang.Object java.lang.invoke.DirectMethodHandle$Holder.invokeStaticInit(java.lang.Object, int, int, int, int)'> (0x0000000698daf088) 
thrown [e:\jenkins\tmp\workspace\build\src\src\hotspot\share\interpreter\linkResolver.cpp, line 766]
Event: 0.448 Thread 0x000001b3a2871a20 Exception <a 'java/lang/NoSuchMethodError'{0x0000000698e22788}: 'java.lang.Object java.lang.invoke.DirectMethodHandle$Holder.invokeStaticInit(java.lang.Object, java.lang.Object, int, int, int, int)'> (0x0000000698e22788) 
thrown [e:\jenkins\tmp\workspace\build\src\src\hotspot\share\interpreter\linkResolver.cpp, line 766]

VM Operations (8 events):
Event: 0.078 Executing VM operation: HandshakeAllThreads
Event: 0.078 Executing VM operation: HandshakeAllThreads done
Event: 0.385 Executing VM operation: HandshakeAllThreads
Event: 0.385 Executing VM operation: HandshakeAllThreads done
Event: 0.416 Executing VM operation: HandshakeAllThreads
Event: 0.416 Executing VM operation: HandshakeAllThreads done
Event: 0.430 Executing VM operation: HandshakeAllThreads
Event: 0.430 Executing VM operation: HandshakeAllThreads done

Events (20 events):
Event: 0.463 loading class java/awt/Image done
Event: 0.463 loading class java/awt/image/BufferedImage done
Event: 0.463 loading class java/awt/ImageCapabilities
Event: 0.463 loading class java/awt/ImageCapabilities done
Event: 0.463 loading class java/awt/Image$1
Event: 0.463 loading class sun/awt/image/SurfaceManager$ImageAccessor
Event: 0.463 loading class sun/awt/image/SurfaceManager$ImageAccessor done
Event: 0.463 loading class java/awt/Image$1 done
Event: 0.463 loading class sun/awt/image/SurfaceManager
Event: 0.463 loading class sun/awt/image/SurfaceManager done
Event: 0.463 loading class java/awt/image/BufferedImage$1
Event: 0.463 loading class java/awt/image/BufferedImage$1 done
Event: 0.463 loading class sun/awt/image/IntegerComponentRaster
Event: 0.464 loading class sun/awt/image/IntegerComponentRaster done
Event: 0.464 loading class sun/awt/image/BytePackedRaster
Event: 0.464 loading class sun/awt/image/BytePackedRaster done
Event: 0.464 loading class com/sun/imageio/plugins/common/ReaderUtil
Event: 0.464 loading class com/sun/imageio/plugins/common/ReaderUtil done
Event: 0.470 loading class java/io/RandomAccessFile$1
Event: 0.470 loading class java/io/RandomAccessFile$1 done


Dynamic libraries:
0x00007ff6507b0000 - 0x00007ff6507be000 	C:\Users\robat\.p2\pool\plugins\org.eclipse.justj.openjdk.hotspot.jre.full.win32.x86_64_17.0.1.v20211116-1657\jre\bin\javaw.exe
0x00007ff9af110000 - 0x00007ff9af305000 	C:\WINDOWS\SYSTEM32\ntdll.dll
0x00007ff9aed20000 - 0x00007ff9aedde000 	C:\WINDOWS\System32\KERNEL32.DLL
0x00007ff9aca80000 - 0x00007ff9acd48000 	C:\WINDOWS\System32\KERNELBASE.dll
0x00007ff9acec0000 - 0x00007ff9acfc0000 	C:\WINDOWS\System32\ucrtbase.dll
0x00007ff992ab0000 - 0x00007ff992ac8000 	C:\Users\robat\.p2\pool\plugins\org.eclipse.justj.openjdk.hotspot.jre.full.win32.x86_64_17.0.1.v20211116-1657\jre\bin\jli.dll
0x00007ff98ca00000 - 0x00007ff98ca19000 	C:\Users\robat\.p2\pool\plugins\org.eclipse.justj.openjdk.hotspot.jre.full.win32.x86_64_17.0.1.v20211116-1657\jre\bin\VCRUNTIME140.dll
0x00007ff9ae840000 - 0x00007ff9ae9e0000 	C:\WINDOWS\System32\USER32.dll
0x00007ff9ace90000 - 0x00007ff9aceb2000 	C:\WINDOWS\System32\win32u.dll
0x00007ff9ae4e0000 - 0x00007ff9ae50b000 	C:\WINDOWS\System32\GDI32.dll
0x00007ff99e610000 - 0x00007ff99e8aa000 	C:\WINDOWS\WinSxS\amd64_microsoft.windows.common-controls_6595b64144ccf1df_6.0.19041.1110_none_60b5254171f9507e\COMCTL32.dll
0x00007ff9acfc0000 - 0x00007ff9ad0cd000 	C:\WINDOWS\System32\gdi32full.dll
0x00007ff9af030000 - 0x00007ff9af0ce000 	C:\WINDOWS\System32\msvcrt.dll
0x00007ff9acd50000 - 0x00007ff9acded000 	C:\WINDOWS\System32\msvcp_win.dll
0x00007ff9ae510000 - 0x00007ff9ae540000 	C:\WINDOWS\System32\IMM32.DLL
0x00007ff9a95c0000 - 0x00007ff9a95cc000 	C:\Users\robat\.p2\pool\plugins\org.eclipse.justj.openjdk.hotspot.jre.full.win32.x86_64_17.0.1.v20211116-1657\jre\bin\vcruntime140_1.dll
0x00007ff975c80000 - 0x00007ff975d11000 	C:\Users\robat\.p2\pool\plugins\org.eclipse.justj.openjdk.hotspot.jre.full.win32.x86_64_17.0.1.v20211116-1657\jre\bin\msvcp140.dll
0x00007ff9619d0000 - 0x00007ff962616000 	C:\Users\robat\.p2\pool\plugins\org.eclipse.justj.openjdk.hotspot.jre.full.win32.x86_64_17.0.1.v20211116-1657\jre\bin\server\jvm.dll
0x00007ff9ad290000 - 0x00007ff9ad33e000 	C:\WINDOWS\System32\ADVAPI32.dll
0x00007ff9ad340000 - 0x00007ff9ad3dc000 	C:\WINDOWS\System32\sechost.dll
0x00007ff9ad160000 - 0x00007ff9ad285000 	C:\WINDOWS\System32\RPCRT4.dll
0x00007ff9ad5a0000 - 0x00007ff9ad5a8000 	C:\WINDOWS\System32\PSAPI.DLL
0x00007ff994380000 - 0x00007ff994389000 	C:\WINDOWS\SYSTEM32\WSOCK32.dll
0x00007ff99cdc0000 - 0x00007ff99cde7000 	C:\WINDOWS\SYSTEM32\WINMM.dll
0x00007ff9aea40000 - 0x00007ff9aeaab000 	C:\WINDOWS\System32\WS2_32.dll
0x00007ff9a4ac0000 - 0x00007ff9a4aca000 	C:\WINDOWS\SYSTEM32\VERSION.dll
0x00007ff9aa730000 - 0x00007ff9aa742000 	C:\WINDOWS\SYSTEM32\kernel.appcore.dll
0x00007ff9a95b0000 - 0x00007ff9a95ba000 	C:\Users\robat\.p2\pool\plugins\org.eclipse.justj.openjdk.hotspot.jre.full.win32.x86_64_17.0.1.v20211116-1657\jre\bin\jimage.dll
0x00007ff999f00000 - 0x00007ff99a0e4000 	C:\WINDOWS\SYSTEM32\DBGHELP.DLL
0x00007ff98feb0000 - 0x00007ff98fedc000 	C:\WINDOWS\SYSTEM32\dbgcore.DLL
0x00007ff9ad0d0000 - 0x00007ff9ad152000 	C:\WINDOWS\System32\bcryptPrimitives.dll
0x00007ff9a6050000 - 0x00007ff9a6075000 	C:\Users\robat\.p2\pool\plugins\org.eclipse.justj.openjdk.hotspot.jre.full.win32.x86_64_17.0.1.v20211116-1657\jre\bin\java.dll
0x00007ff9a7930000 - 0x00007ff9a7948000 	C:\Users\robat\.p2\pool\plugins\org.eclipse.justj.openjdk.hotspot.jre.full.win32.x86_64_17.0.1.v20211116-1657\jre\bin\zip.dll
0x00007ff9ad910000 - 0x00007ff9ae054000 	C:\WINDOWS\System32\SHELL32.dll
0x00007ff9aa930000 - 0x00007ff9ab0c4000 	C:\WINDOWS\SYSTEM32\windows.storage.dll
0x00007ff9ad5b0000 - 0x00007ff9ad905000 	C:\WINDOWS\System32\combase.dll
0x00007ff9ac270000 - 0x00007ff9ac29e000 	C:\WINDOWS\SYSTEM32\Wldp.dll
0x00007ff9ae730000 - 0x00007ff9ae7dd000 	C:\WINDOWS\System32\SHCORE.dll
0x00007ff9aeef0000 - 0x00007ff9aef45000 	C:\WINDOWS\System32\shlwapi.dll
0x00007ff9ac760000 - 0x00007ff9ac77f000 	C:\WINDOWS\SYSTEM32\profapi.dll
0x00007ff996000000 - 0x00007ff996019000 	C:\Users\robat\.p2\pool\plugins\org.eclipse.justj.openjdk.hotspot.jre.full.win32.x86_64_17.0.1.v20211116-1657\jre\bin\net.dll
0x00007ff9a2110000 - 0x00007ff9a221c000 	C:\WINDOWS\SYSTEM32\WINHTTP.dll
0x00007ff9abfd0000 - 0x00007ff9ac03a000 	C:\WINDOWS\system32\mswsock.dll
0x00007ff995fe0000 - 0x00007ff995ff5000 	C:\Users\robat\.p2\pool\plugins\org.eclipse.justj.openjdk.hotspot.jre.full.win32.x86_64_17.0.1.v20211116-1657\jre\bin\nio.dll
0x00007ff979e60000 - 0x00007ff979ed1000 	C:\Users\robat\AppData\Local\Temp\lwjglrobat\3.3.0-build-21\lwjgl.dll
0x00007ff97a0a0000 - 0x00007ff97a101000 	C:\Users\robat\AppData\Local\Temp\lwjglrobat\3.3.0-build-21\glfw.dll
0x00007ff988f80000 - 0x00007ff988fc5000 	C:\WINDOWS\SYSTEM32\dinput8.dll
0x00007ff973940000 - 0x00007ff973951000 	C:\WINDOWS\SYSTEM32\xinput1_4.dll
0x00007ff9aca30000 - 0x00007ff9aca7e000 	C:\WINDOWS\System32\cfgmgr32.dll
0x00007ff9ac5c0000 - 0x00007ff9ac5f4000 	C:\WINDOWS\SYSTEM32\DEVOBJ.dll
0x00007ff9aa550000 - 0x00007ff9aa57f000 	C:\WINDOWS\SYSTEM32\dwmapi.dll
0x00007ff9a00d0000 - 0x00007ff9a0222000 	C:\WINDOWS\SYSTEM32\inputhost.dll
0x00007ff9ae540000 - 0x00007ff9ae60d000 	C:\WINDOWS\System32\OLEAUT32.dll
0x00007ff9a9160000 - 0x00007ff9a92b4000 	C:\WINDOWS\SYSTEM32\wintypes.dll
0x00007ff9a9e50000 - 0x00007ff9a9f42000 	C:\WINDOWS\SYSTEM32\CoreMessaging.dll
0x00007ff9a7cc0000 - 0x00007ff9a7db6000 	C:\WINDOWS\SYSTEM32\PROPSYS.dll
0x00007ff9a99f0000 - 0x00007ff9a9d4e000 	C:\WINDOWS\SYSTEM32\CoreUIComponents.dll
0x00007ff9ab510000 - 0x00007ff9ab543000 	C:\WINDOWS\SYSTEM32\ntmarta.dll
0x00007ff9aa1b0000 - 0x00007ff9aa24e000 	C:\WINDOWS\system32\uxtheme.dll
0x0000000180000000 - 0x0000000182dd7000 	C:\Program Files (x86)\RivaTuner Statistics Server\RTSSHooks64.dll
0x00007ff9ae060000 - 0x00007ff9ae4d2000 	C:\WINDOWS\System32\SETUPAPI.dll
0x00007ff9acdf0000 - 0x00007ff9ace17000 	C:\WINDOWS\System32\bcrypt.dll
0x00007ff9ae610000 - 0x00007ff9ae726000 	C:\WINDOWS\System32\MSCTF.dll
0x00007ff962980000 - 0x00007ff962aa5000 	C:\WINDOWS\SYSTEM32\opengl32.dll
0x00007ff9910d0000 - 0x00007ff9910fc000 	C:\WINDOWS\SYSTEM32\GLU32.dll
0x00007ff9aef80000 - 0x00007ff9af029000 	C:\WINDOWS\System32\clbcatq.dll
0x00007ff95b460000 - 0x00007ff95e487000 	C:\WINDOWS\System32\DriverStore\FileRepository\nv_dispi.inf_amd64_31a2adf8c49e7799\nvoglv64.dll
0x00007ff9aeb90000 - 0x00007ff9aecba000 	C:\WINDOWS\System32\ole32.dll
0x00007ff9a8110000 - 0x00007ff9a8124000 	C:\WINDOWS\SYSTEM32\WTSAPI32.dll
0x00007ff9ac1e0000 - 0x00007ff9ac1ec000 	C:\WINDOWS\SYSTEM32\CRYPTBASE.DLL
0x00007ff9ac400000 - 0x00007ff9ac412000 	C:\WINDOWS\SYSTEM32\msasn1.dll
0x00007ff9a5130000 - 0x00007ff9a5161000 	C:\WINDOWS\SYSTEM32\cryptnet.dll
0x00007ff9ac8d0000 - 0x00007ff9aca26000 	C:\WINDOWS\System32\CRYPT32.dll
0x00007ff9a31c0000 - 0x00007ff9a330a000 	C:\WINDOWS\SYSTEM32\drvstore.dll
0x00007ff9ace20000 - 0x00007ff9ace89000 	C:\WINDOWS\System32\WINTRUST.dll
0x00007ff9a0f20000 - 0x00007ff9a0f5b000 	C:\WINDOWS\SYSTEM32\dxcore.dll
0x00007ff939b80000 - 0x00007ff939e47000 	C:\WINDOWS\system32\nvspcap64.dll
0x00007ff9abd90000 - 0x00007ff9abddb000 	C:\WINDOWS\SYSTEM32\powrprof.dll
0x00007ff9abc50000 - 0x00007ff9abc62000 	C:\WINDOWS\SYSTEM32\UMPDC.dll
0x00007ff9ab5c0000 - 0x00007ff9ab61a000 	C:\WINDOWS\SYSTEM32\WINSTA.dll
0x00007ff9a0230000 - 0x00007ff9a0329000 	C:\WINDOWS\SYSTEM32\textinputframework.dll
0x00007ff970eb0000 - 0x00007ff970f0d000 	C:\Users\robat\AppData\Local\Temp\lwjglrobat\3.3.0-build-21\lwjgl_opengl.dll
0x00007ff9633e0000 - 0x00007ff96356e000 	C:\Users\robat\.p2\pool\plugins\org.eclipse.justj.openjdk.hotspot.jre.full.win32.x86_64_17.0.1.v20211116-1657\jre\bin\awt.dll
0x00007ff9aa070000 - 0x00007ff9aa100000 	C:\WINDOWS\SYSTEM32\apphelp.dll
0x00007ff9ac1c0000 - 0x00007ff9ac1d8000 	C:\WINDOWS\SYSTEM32\CRYPTSP.dll
0x00007ff9ab8e0000 - 0x00007ff9ab914000 	C:\WINDOWS\system32\rsaenh.dll
0x00007ff9ac720000 - 0x00007ff9ac74e000 	C:\WINDOWS\SYSTEM32\USERENV.dll
0x00007ff9abc70000 - 0x00007ff9abcab000 	C:\WINDOWS\SYSTEM32\IPHLPAPI.DLL
0x00007ff9aef70000 - 0x00007ff9aef78000 	C:\WINDOWS\System32\NSI.dll
0x00007ff9a65e0000 - 0x00007ff9a65f7000 	C:\WINDOWS\SYSTEM32\dhcpcsvc6.DLL
0x00007ff9a6300000 - 0x00007ff9a631d000 	C:\WINDOWS\SYSTEM32\dhcpcsvc.DLL
0x00007ff9abcc0000 - 0x00007ff9abd8b000 	C:\WINDOWS\SYSTEM32\DNSAPI.dll

dbghelp: loaded successfully - version: 4.0.5 - missing functions: none
symbol engine: initialized successfully - sym options: 0x614 - pdb path: .;C:\Users\robat\.p2\pool\plugins\org.eclipse.justj.openjdk.hotspot.jre.full.win32.x86_64_17.0.1.v20211116-1657\jre\bin;C:\WINDOWS\SYSTEM32;C:\WINDOWS\WinSxS\amd64_microsoft.windows.common-controls_6595b64144ccf1df_6.0.19041.1110_none_60b5254171f9507e;C:\Users\robat\.p2\pool\plugins\org.eclipse.justj.openjdk.hotspot.jre.full.win32.x86_64_17.0.1.v20211116-1657\jre\bin\server;C:\Users\robat\AppData\Local\Temp\lwjglrobat\3.3.0-build-21;C:\Program Files (x86)\RivaTuner Statistics Server;C:\WINDOWS\System32\DriverStore\FileRepository\nv_dispi.inf_amd64_31a2adf8c49e7799

VM Arguments:
jvm_args: -Dfile.encoding=Cp1252 -XX:+ShowCodeDetailsInExceptionMessages 
java_command: robatortas.code.files.MainApp
java_class_path (initial): C:\Users\robat\Documents\Programming\Java\General-Workspace\OpenGL3D\bin;C:\Users\robat\Documents\Programming\Java\General-Workspace\OpenGL\lib\lwjgl 3.3.0\lwjgl.jar;C:\Users\robat\Documents\Programming\Java\General-Workspace\OpenGL\lib\lwjgl 3.3.0\lwjgl-glfw.jar;C:\Users\robat\Documents\Programming\Java\General-Workspace\OpenGL\lib\lwjgl 3.3.0\lwjgl-glfw-javadoc.jar;C:\Users\robat\Documents\Programming\Java\General-Workspace\OpenGL\lib\lwjgl 3.3.0\lwjgl-glfw-natives-windows.jar;C:\Users\robat\Documents\Programming\Java\General-Workspace\OpenGL\lib\lwjgl 3.3.0\lwjgl-glfw-sources.jar;C:\Users\robat\Documents\Programming\Java\General-Workspace\OpenGL\lib\lwjgl 3.3.0\lwjgl-javadoc.jar;C:\Users\robat\Documents\Programming\Java\General-Workspace\OpenGL\lib\lwjgl 3.3.0\lwjgl-jawt.jar;C:\Users\robat\Documents\Programming\Java\General-Workspace\OpenGL\lib\lwjgl 3.3.0\lwjgl-jawt-javadoc.jar;C:\Users\robat\Documents\Programming\Java\General-Workspace\OpenGL\lib\lwjgl 3.3.0\lwjgl-jawt-sources.jar;C:\Users\robat\Documents\Programming\Java\General-Workspace\OpenGL\lib\lwjgl 3.3.0\lwjgl-natives-windows.jar;C:\Users\robat\Documents\Programming\Java\General-Workspace\OpenGL\lib\lwjgl 3.3.0\lwjgl-nfd.jar;C:\Users\robat\Documents\Programming\Java\General-Workspace\OpenGL\lib\lwjgl 3.3.0\lwjgl-nfd-javadoc.jar;C:\Users\robat\Documents\Programming\Java\General-Workspace\OpenGL\lib\lwjgl 3.3.0\lwjgl-nfd-natives-windows.jar;C:\Users\robat\Documents\Programming\Java\General-Workspace\OpenGL\lib\lwjgl 3.3.0\lwjgl-nfd-sources.jar;C:\Users\robat\Documents\Programming\Java\General-Workspace\OpenGL\lib\lwjgl 3.3.0\lwjgl-openal.jar;C:\Users\robat\Documents\Programming\Java\General-Workspace\OpenGL\lib\lwjgl 3.3.0\lwjgl-openal-javadoc.jar;C:\Users\robat\Documents\Programming\Java\General-Workspace\OpenGL\lib\lwjgl 3.3.0\lwjgl-openal-natives-windows.jar;C:\Users\robat\Documents\Programming\Java\General-Workspace\OpenGL\lib\lwjgl 3.3.0\lwjgl-openal-sources.jar;C:\Users\
Launcher Type: SUN_STANDARD

[Global flags]
     intx CICompilerCount                          = 12                                        {product} {ergonomic}
     uint ConcGCThreads                            = 4                                         {product} {ergonomic}
     uint G1ConcRefinementThreads                  = 15                                        {product} {ergonomic}
   size_t G1HeapRegionSize                         = 4194304                                   {product} {ergonomic}
    uintx GCDrainStackTargetSize                   = 64                                        {product} {ergonomic}
   size_t InitialHeapSize                          = 402653184                                 {product} {ergonomic}
   size_t MarkStackSize                            = 4194304                                   {product} {ergonomic}
   size_t MaxHeapSize                              = 6417285120                                {product} {ergonomic}
   size_t MaxNewSize                               = 3850371072                                {product} {ergonomic}
   size_t MinHeapDeltaBytes                        = 4194304                                   {product} {ergonomic}
   size_t MinHeapSize                              = 8388608                                   {product} {ergonomic}
    uintx NonNMethodCodeHeapSize                   = 7602480                                {pd product} {ergonomic}
    uintx NonProfiledCodeHeapSize                  = 122027880                              {pd product} {ergonomic}
    uintx ProfiledCodeHeapSize                     = 122027880                              {pd product} {ergonomic}
    uintx ReservedCodeCacheSize                    = 251658240                              {pd product} {ergonomic}
     bool SegmentedCodeCache                       = true                                      {product} {ergonomic}
     bool ShowCodeDetailsInExceptionMessages       = true                                   {manageable} {command line}
   size_t SoftMaxHeapSize                          = 6417285120                             {manageable} {ergonomic}
     bool UseCompressedClassPointers               = true                           {product lp64_product} {ergonomic}
     bool UseCompressedOops                        = true                           {product lp64_product} {ergonomic}
     bool UseG1GC                                  = true                                      {product} {ergonomic}
     bool UseLargePagesIndividualAllocation        = false                                  {pd product} {ergonomic}

Logging:
Log output configuration:
 #0: stdout all=warning uptime,level,tags
 #1: stderr all=off uptime,level,tags

Environment Variables:
PATH=C:/Users/robat/.p2/pool/plugins/org.eclipse.justj.openjdk.hotspot.jre.full.win32.x86_64_17.0.1.v20211116-1657/jre/bin/server;C:/Users/robat/.p2/pool/plugins/org.eclipse.justj.openjdk.hotspot.jre.full.win32.x86_64_17.0.1.v20211116-1657/jre/bin;C:\Program Files (x86)\Razer Chroma SDK\bin;C:\Program Files\Razer Chroma SDK\bin;C:\Program Files (x86)\Razer\ChromaBroadcast\bin;C:\Program Files\Razer\ChromaBroadcast\bin;C:\Program Files (x86)\Common Files\Intel\Shared Libraries\redist\intel64\compiler;C:\Program Files (x86)\Common Files\Oracle\Java\javapath;C:\WINDOWS\system32;C:\WINDOWS;C:\WINDOWS\System32\Wbem;C:\WINDOWS\System32\WindowsPowerShell\v1.0\;C:\WINDOWS\System32\OpenSSH\;C:\Program Files\NVIDIA Corporation\NVIDIA NvDLISR;C:\Program Files\Git\cmd;C:\Program Files\Gource\cmd;C:\Program Files (x86)\NVIDIA Corporation\PhysX\Common;C:\Program Files\dotnet\;C:\Users\robat\AppData\Local\Microsoft\WindowsApps;C:\Users\robat\AppData\Local\Programs\Microsoft VS Code\bin;C:\Users\robat\.dotnet\tools;C:\WINDOWS\system32\config\systemprofile\AppData\Local\Microsoft\WindowsApps;C:\Program Files\nodejs\;C:\Users\robat\AppData\Local\Microsoft\WindowsApps;;C:\Users\robat\AppData\Local\Programs\Microsoft VS Code\bin;C:\Users\robat\.dotnet\tools;C:\Users\robat\AppData\Roaming\npm;C:\WINDOWS\system32;
USERNAME=robat
OS=Windows_NT
PROCESSOR_IDENTIFIER=Intel64 Family 6 Model 165 Stepping 5, GenuineIntel



---------------  S Y S T E M  ---------------

OS:
 Windows 10 , 64 bit Build 19041 (10.0.19041.1503)
OS uptime: 0 days 6:36 hours

CPU: total 20 (initial active 20) (10 cores per cpu, 2 threads per core) family 6 model 165 stepping 5 microcode 0xe2, cx8, cmov, fxsr, ht, mmx, 3dnowpref, sse, sse2, sse3, ssse3, sse4.1, sse4.2, popcnt, lzcnt, tsc, tscinvbit, avx, avx2, aes, erms, clmul, bmi1, bmi2, adx, fma, vzeroupper, clflush, clflushopt

Memory: 4k page, system-wide physical 24477M (15736M free)
TotalPageFile size 29933M (AvailPageFile size 13298M)
current process WorkingSet (physical memory assigned to process): 136M, peak: 137M
current process commit charge ("private bytes"): 614M, peak: 614M

vm_info: OpenJDK 64-Bit Server VM (17.0.1+12) for windows-amd64 JRE (17.0.1+12), built on Oct 20 2021 07:42:55 by "" with MS VC++ 16.7 (VS2019)

END.
