#
# A fatal error has been detected by the Java Runtime Environment:
#
#  EXCEPTION_ACCESS_VIOLATION (0xc0000005) at pc=0x00007ffaf832aebe, pid=7564, tid=14748
#
# JRE version: OpenJDK Runtime Environment Temurin-17.0.1+12 (17.0.1+12) (build 17.0.1+12)
# Java VM: OpenJDK 64-Bit Server VM Temurin-17.0.1+12 (17.0.1+12, mixed mode, tiered, compressed oops, compressed class ptrs, g1 gc, windows-amd64)
# Problematic frame:
# C  [nvoglv64.dll+0x126aebe]
#
# No core dump will be written. Minidumps are not enabled by default on client versions of Windows
#
# If you would like to submit a bug report, please visit:
#   https://github.com/adoptium/adoptium-support/issues
# The crash happened outside the Java Virtual Machine in native code.
# See problematic frame for where to report the bug.
#

---------------  S U M M A R Y ------------

Command Line: -Dfile.encoding=Cp1252 -XX:+ShowCodeDetailsInExceptionMessages robatortas.code.files.MainApp

Host: Intel(R) Core(TM) i9-10900KF CPU @ 3.70GHz, 20 cores, 23G,  Windows 10 , 64 bit Build 19041 (10.0.19041.1503)
Time: Wed Feb  9 21:41:39 2022 Pacific Standard Time (Mexico) elapsed time: 0.440363 seconds (0d 0h 0m 0s)

---------------  T H R E A D  ---------------

Current thread (0x000001f6fce238e0):  JavaThread "main" [_thread_in_native, id=14748, stack(0x00000059c2100000,0x00000059c2200000)]

Stack: [0x00000059c2100000,0x00000059c2200000],  sp=0x00000059c21fef48,  free space=1019k
Native frames: (J=compiled Java code, j=interpreted, Vv=VM code, C=native code)
C  [nvoglv64.dll+0x126aebe]

Java frames: (J=compiled Java code, j=interpreted, Vv=VM code)
j  org.lwjgl.opengl.GL11C.nglTexImage2D(IIIIIIIIJ)V+0
j  org.lwjgl.opengl.GL11C.glTexImage2D(IIIIIIIIJ)V+14
j  org.lwjgl.opengl.GL11.glTexImage2D(IIIIIIIIJ)V+14
j  robatortas.code.files.models.Loader.loadTexture(Ljava/lang/String;)I+228
j  robatortas.code.files.DisplayManager.window()V+251
j  robatortas.code.files.DisplayManager.create()V+1
j  robatortas.code.files.MainApp.main([Ljava/lang/String;)V+13
v  ~StubRoutines::call_stub

siginfo: EXCEPTION_ACCESS_VIOLATION (0xc0000005), reading address 0x0000000000000001


Register to memory mapping:

RIP=0x00007ffaf832aebe nvoglv64.dll
RAX=0x000001f6a84a1154 points into unknown readable memory: 00 00 00 00
RBX=0x000001f6a84a1154 points into unknown readable memory: 00 00 00 00
RCX=262144 is a compressed pointer to class: 0x0000000800040000
RDX=0xfffffe0957b5eead is an unknown value
RSP=0x00000059c21fef48 is pointing into the stack for thread: 0x000001f6fce238e0
RBP=0x0000000000000001 is an unknown value
RSI=0x0000000000000001 is an unknown value
RDI=0x000001f6a84a1154 points into unknown readable memory: 00 00 00 00
R8 =262144 is a compressed pointer to class: 0x0000000800040000
R9 =0x0000000000000008 is an unknown value
R10=0x0000000000000001 is an unknown value
R11=0x000001f6a84a1154 points into unknown readable memory: 00 00 00 00
R12=0x0000000000001401 is an unknown value
R13=0x0000000000001908 is an unknown value
R14=0x0000000000000100 is an unknown value
R15=0x0000000000000de1 is an unknown value


Registers:
RAX=0x000001f6a84a1154, RBX=0x000001f6a84a1154, RCX=0x0000000000040000, RDX=0xfffffe0957b5eead
RSP=0x00000059c21fef48, RBP=0x0000000000000001, RSI=0x0000000000000001, RDI=0x000001f6a84a1154
R8 =0x0000000000040000, R9 =0x0000000000000008, R10=0x0000000000000001, R11=0x000001f6a84a1154
R12=0x0000000000001401, R13=0x0000000000001908, R14=0x0000000000000100, R15=0x0000000000000de1
RIP=0x00007ffaf832aebe, EFLAGS=0x0000000000010202

Top of Stack: (sp=0x00000059c21fef48)
0x00000059c21fef48:   0000000000040000 000001f6a3785080
0x00000059c21fef58:   00007ffaf79fcdaf 0000000000000000
0x00000059c21fef68:   0000000000000000 0000000000000000
0x00000059c21fef78:   00000059c21ff238 0000000000000000
0x00000059c21fef88:   0000000000001908 0000000000001401
0x00000059c21fef98:   0000000000000001 0000000000040000
0x00000059c21fefa8:   0000000000000000 000001f6fce238e0
0x00000059c21fefb8:   00000059c21ff1d8 000001f6a9890840
0x00000059c21fefc8:   0000000000000000 0000000000001908
0x00000059c21fefd8:   0000000000000000 0000000000000de1
0x00000059c21fefe8:   00007ffb21ae601a 0000000000000100
0x00000059c21feff8:   0000006000000000 000001f600001908
0x00000059c21ff008:   00000059c21ff1d8 0000000000000100
0x00000059c21ff018:   000001f600000000 0000000000001908
0x00000059c21ff028:   000001f600001401 0000000000000001
0x00000059c21ff038:   00007ffb0ff81932 000001f6835d94fe 

Instructions: (pc=0x00007ffaf832aebe)
0x00007ffaf832adbe:   cc cc cc cc cc cc cc cc 66 66 0f 1f 84 00 00 00
0x00007ffaf832adce:   00 00 48 2b d1 49 83 f8 08 72 22 f6 c1 07 74 14
0x00007ffaf832adde:   66 90 8a 01 3a 04 11 75 2c 48 ff c1 49 ff c8 f6
0x00007ffaf832adee:   c1 07 75 ee 4d 8b c8 49 c1 e9 03 75 1f 4d 85 c0
0x00007ffaf832adfe:   74 0f 8a 01 3a 04 11 75 0c 48 ff c1 49 ff c8 75
0x00007ffaf832ae0e:   f1 48 33 c0 c3 1b c0 83 d8 ff c3 90 49 c1 e9 02
0x00007ffaf832ae1e:   74 37 48 8b 01 48 3b 04 11 75 5b 48 8b 41 08 48
0x00007ffaf832ae2e:   3b 44 11 08 75 4c 48 8b 41 10 48 3b 44 11 10 75
0x00007ffaf832ae3e:   3d 48 8b 41 18 48 3b 44 11 18 75 2e 48 83 c1 20
0x00007ffaf832ae4e:   49 ff c9 75 cd 49 83 e0 1f 4d 8b c8 49 c1 e9 03
0x00007ffaf832ae5e:   74 9b 48 8b 01 48 3b 04 11 75 1b 48 83 c1 08 49
0x00007ffaf832ae6e:   ff c9 75 ee 49 83 e0 07 eb 83 48 83 c1 08 48 83
0x00007ffaf832ae7e:   c1 08 48 83 c1 08 48 8b 0c 0a 48 0f c8 48 0f c9
0x00007ffaf832ae8e:   48 3b c1 1b c0 83 d8 ff c3 cc cc cc cc cc cc cc
0x00007ffaf832ae9e:   cc cc cc cc cc cc cc cc 66 66 0f 1f 84 00 00 00
0x00007ffaf832aeae:   00 00 57 56 49 8b c3 48 8b f9 49 8b c8 49 8b f2
0x00007ffaf832aebe:   f3 a4 5e 5f c3 cc cc cc cc cc cc 0f 1f 80 00 00
0x00007ffaf832aece:   00 00 4c 8b d9 4c 8b d2 49 83 f8 10 76 54 49 83
0x00007ffaf832aede:   f8 20 76 2e 48 2b d1 73 0d 4b 8d 04 10 48 3b c8
0x00007ffaf832aeee:   0f 82 dc 02 00 00 49 81 f8 80 00 00 00 0f 86 0f
0x00007ffaf832aefe:   02 00 00 f6 05 28 7b bf 01 02 0f 84 52 01 00 00
0x00007ffaf832af0e:   eb a0 0f 10 02 42 0f 10 4c 02 f0 0f 11 01 42 0f
0x00007ffaf832af1e:   11 4c 01 f0 48 8b c1 c3 66 66 0f 1f 84 00 00 00
0x00007ffaf832af2e:   00 00 48 8b c1 4c 8d 0d c6 50 d9 fe 43 8b 8c 81
0x00007ffaf832af3e:   10 fa fc 02 49 03 c9 ff e1 66 0f 1f 84 00 00 00
0x00007ffaf832af4e:   00 00 c3 0f b7 0a 66 89 08 c3 48 8b 0a 48 89 08
0x00007ffaf832af5e:   c3 0f b7 0a 44 0f b6 42 02 66 89 08 44 88 40 02
0x00007ffaf832af6e:   c3 0f b6 0a 88 08 c3 f3 0f 6f 02 f3 0f 7f 00 c3
0x00007ffaf832af7e:   66 90 4c 8b 02 0f b7 4a 08 44 0f b6 4a 0a 4c 89
0x00007ffaf832af8e:   00 66 89 48 08 44 88 48 0a c3 8b 0a 89 08 c3 0f
0x00007ffaf832af9e:   1f 00 8b 0a 44 0f b6 42 04 89 08 44 88 40 04 c3
0x00007ffaf832afae:   66 90 8b 0a 44 0f b7 42 04 89 08 66 44 89 40 04 


Stack slot to memory mapping:
stack at sp + 0 slots: 262144 is a compressed pointer to class: 0x0000000800040000
stack at sp + 1 slots: 0x000001f6a3785080 points into unknown readable memory: 0x0000000000000000 | 00 00 00 00 00 00 00 00
stack at sp + 2 slots: 0x00007ffaf79fcdaf nvoglv64.dll
stack at sp + 3 slots: 0x0 is NULL
stack at sp + 4 slots: 0x0 is NULL
stack at sp + 5 slots: 0x0 is NULL
stack at sp + 6 slots: 0x00000059c21ff238 is pointing into the stack for thread: 0x000001f6fce238e0
stack at sp + 7 slots: 0x0 is NULL


---------------  P R O C E S S  ---------------

Threads class SMR info:
_java_thread_list=0x000001f6a868e430, length=14, elements={
0x000001f6fce238e0, 0x000001f6a203a020, 0x000001f6a20400e0, 0x000001f6a205b1b0,
0x000001f6a205bf70, 0x000001f6a207a800, 0x000001f6a207acd0, 0x000001f6a208b9d0,
0x000001f6a208e2e0, 0x000001f6a209fff0, 0x000001f6a21eb6f0, 0x000001f6a2079e60,
0x000001f6a2079990, 0x000001f6a207c010
}

Java Threads: ( => current thread )
=>0x000001f6fce238e0 JavaThread "main" [_thread_in_native, id=14748, stack(0x00000059c2100000,0x00000059c2200000)]
  0x000001f6a203a020 JavaThread "Reference Handler" daemon [_thread_blocked, id=22940, stack(0x00000059c2800000,0x00000059c2900000)]
  0x000001f6a20400e0 JavaThread "Finalizer" daemon [_thread_blocked, id=11460, stack(0x00000059c2900000,0x00000059c2a00000)]
  0x000001f6a205b1b0 JavaThread "Signal Dispatcher" daemon [_thread_blocked, id=26364, stack(0x00000059c2a00000,0x00000059c2b00000)]
  0x000001f6a205bf70 JavaThread "Attach Listener" daemon [_thread_blocked, id=19964, stack(0x00000059c2b00000,0x00000059c2c00000)]
  0x000001f6a207a800 JavaThread "Service Thread" daemon [_thread_blocked, id=25868, stack(0x00000059c2c00000,0x00000059c2d00000)]
  0x000001f6a207acd0 JavaThread "Monitor Deflation Thread" daemon [_thread_blocked, id=924, stack(0x00000059c2d00000,0x00000059c2e00000)]
  0x000001f6a208b9d0 JavaThread "C2 CompilerThread0" daemon [_thread_blocked, id=6720, stack(0x00000059c2e00000,0x00000059c2f00000)]
  0x000001f6a208e2e0 JavaThread "C1 CompilerThread0" daemon [_thread_blocked, id=23256, stack(0x00000059c2f00000,0x00000059c3000000)]
  0x000001f6a209fff0 JavaThread "Sweeper thread" daemon [_thread_blocked, id=23108, stack(0x00000059c3000000,0x00000059c3100000)]
  0x000001f6a21eb6f0 JavaThread "C1 CompilerThread1" daemon [_thread_blocked, id=26540, stack(0x00000059c3100000,0x00000059c3200000)]
  0x000001f6a2079e60 JavaThread "Notification Thread" daemon [_thread_blocked, id=11508, stack(0x00000059c3200000,0x00000059c3300000)]
  0x000001f6a2079990 JavaThread "Common-Cleaner" daemon [_thread_blocked, id=13376, stack(0x00000059c3400000,0x00000059c3500000)]
  0x000001f6a207c010 JavaThread "Java2D Disposer" daemon [_thread_blocked, id=19644, stack(0x00000059c3b00000,0x00000059c3c00000)]

Other Threads:
  0x000001f6a15e1300 VMThread "VM Thread" [stack: 0x00000059c2700000,0x00000059c2800000] [id=21772]
  0x000001f6fced1700 WatcherThread [stack: 0x00000059c3300000,0x00000059c3400000] [id=352]
  0x000001f6fce83d80 GCTaskThread "GC Thread#0" [stack: 0x00000059c2200000,0x00000059c2300000] [id=8340]
  0x000001f6fce91410 ConcurrentGCThread "G1 Main Marker" [stack: 0x00000059c2300000,0x00000059c2400000] [id=25500]
  0x000001f6fce93e40 ConcurrentGCThread "G1 Conc#0" [stack: 0x00000059c2400000,0x00000059c2500000] [id=3004]
  0x000001f6a1459100 ConcurrentGCThread "G1 Refine#0" [stack: 0x00000059c2500000,0x00000059c2600000] [id=16780]
  0x000001f6a145b940 ConcurrentGCThread "G1 Service" [stack: 0x00000059c2600000,0x00000059c2700000] [id=20100]

Threads with active compile tasks:

VM state: not at safepoint (normal execution)

VM Mutex/Monitor currently owned by a thread: None

Heap address: 0x0000000681800000, size: 6120 MB, Compressed Oops mode: Zero based, Oop shift amount: 3

CDS archive(s) not mapped
Compressed class space mapped at: 0x0000000800000000-0x0000000840000000, reserved size: 1073741824
Narrow klass base: 0x0000000800000000, Narrow klass shift: 0, Narrow klass range: 0x40000000

GC Precious Log:
 CPUs: 20 total, 20 available
 Memory: 24477M
 Large Page Support: Disabled
 NUMA Support: Disabled
 Compressed Oops: Enabled (Zero based)
 Heap Region Size: 4M
 Heap Min Capacity: 8M
 Heap Initial Capacity: 384M
 Heap Max Capacity: 6120M
 Pre-touch: Disabled
 Parallel Workers: 15
 Concurrent Workers: 4
 Concurrent Refinement Workers: 15
 Periodic GC: Disabled

Heap:
 garbage-first heap   total 393216K, used 8192K [0x0000000681800000, 0x0000000800000000)
  region size 4096K, 3 young (12288K), 0 survivors (0K)
 Metaspace       used 12101K, committed 12288K, reserved 1064960K
  class space    used 962K, committed 1024K, reserved 1048576K

Heap Regions: E=young(eden), S=young(survivor), O=old, HS=humongous(starts), HC=humongous(continues), CS=collection set, F=free, OA=open archive, CA=closed archive, TAMS=top-at-mark-start (previous, next)
|   0|0x0000000681800000, 0x0000000681800000, 0x0000000681c00000|  0%| F|  |TAMS 0x0000000681800000, 0x0000000681800000| Untracked 
|   1|0x0000000681c00000, 0x0000000681c00000, 0x0000000682000000|  0%| F|  |TAMS 0x0000000681c00000, 0x0000000681c00000| Untracked 
|   2|0x0000000682000000, 0x0000000682000000, 0x0000000682400000|  0%| F|  |TAMS 0x0000000682000000, 0x0000000682000000| Untracked 
|   3|0x0000000682400000, 0x0000000682400000, 0x0000000682800000|  0%| F|  |TAMS 0x0000000682400000, 0x0000000682400000| Untracked 
|   4|0x0000000682800000, 0x0000000682800000, 0x0000000682c00000|  0%| F|  |TAMS 0x0000000682800000, 0x0000000682800000| Untracked 
|   5|0x0000000682c00000, 0x0000000682c00000, 0x0000000683000000|  0%| F|  |TAMS 0x0000000682c00000, 0x0000000682c00000| Untracked 
|   6|0x0000000683000000, 0x0000000683000000, 0x0000000683400000|  0%| F|  |TAMS 0x0000000683000000, 0x0000000683000000| Untracked 
|   7|0x0000000683400000, 0x0000000683400000, 0x0000000683800000|  0%| F|  |TAMS 0x0000000683400000, 0x0000000683400000| Untracked 
|   8|0x0000000683800000, 0x0000000683800000, 0x0000000683c00000|  0%| F|  |TAMS 0x0000000683800000, 0x0000000683800000| Untracked 
|   9|0x0000000683c00000, 0x0000000683c00000, 0x0000000684000000|  0%| F|  |TAMS 0x0000000683c00000, 0x0000000683c00000| Untracked 
|  10|0x0000000684000000, 0x0000000684000000, 0x0000000684400000|  0%| F|  |TAMS 0x0000000684000000, 0x0000000684000000| Untracked 
|  11|0x0000000684400000, 0x0000000684400000, 0x0000000684800000|  0%| F|  |TAMS 0x0000000684400000, 0x0000000684400000| Untracked 
|  12|0x0000000684800000, 0x0000000684800000, 0x0000000684c00000|  0%| F|  |TAMS 0x0000000684800000, 0x0000000684800000| Untracked 
|  13|0x0000000684c00000, 0x0000000684c00000, 0x0000000685000000|  0%| F|  |TAMS 0x0000000684c00000, 0x0000000684c00000| Untracked 
|  14|0x0000000685000000, 0x0000000685000000, 0x0000000685400000|  0%| F|  |TAMS 0x0000000685000000, 0x0000000685000000| Untracked 
|  15|0x0000000685400000, 0x0000000685400000, 0x0000000685800000|  0%| F|  |TAMS 0x0000000685400000, 0x0000000685400000| Untracked 
|  16|0x0000000685800000, 0x0000000685800000, 0x0000000685c00000|  0%| F|  |TAMS 0x0000000685800000, 0x0000000685800000| Untracked 
|  17|0x0000000685c00000, 0x0000000685c00000, 0x0000000686000000|  0%| F|  |TAMS 0x0000000685c00000, 0x0000000685c00000| Untracked 
|  18|0x0000000686000000, 0x0000000686000000, 0x0000000686400000|  0%| F|  |TAMS 0x0000000686000000, 0x0000000686000000| Untracked 
|  19|0x0000000686400000, 0x0000000686400000, 0x0000000686800000|  0%| F|  |TAMS 0x0000000686400000, 0x0000000686400000| Untracked 
|  20|0x0000000686800000, 0x0000000686800000, 0x0000000686c00000|  0%| F|  |TAMS 0x0000000686800000, 0x0000000686800000| Untracked 
|  21|0x0000000686c00000, 0x0000000686c00000, 0x0000000687000000|  0%| F|  |TAMS 0x0000000686c00000, 0x0000000686c00000| Untracked 
|  22|0x0000000687000000, 0x0000000687000000, 0x0000000687400000|  0%| F|  |TAMS 0x0000000687000000, 0x0000000687000000| Untracked 
|  23|0x0000000687400000, 0x0000000687400000, 0x0000000687800000|  0%| F|  |TAMS 0x0000000687400000, 0x0000000687400000| Untracked 
|  24|0x0000000687800000, 0x0000000687800000, 0x0000000687c00000|  0%| F|  |TAMS 0x0000000687800000, 0x0000000687800000| Untracked 
|  25|0x0000000687c00000, 0x0000000687c00000, 0x0000000688000000|  0%| F|  |TAMS 0x0000000687c00000, 0x0000000687c00000| Untracked 
|  26|0x0000000688000000, 0x0000000688000000, 0x0000000688400000|  0%| F|  |TAMS 0x0000000688000000, 0x0000000688000000| Untracked 
|  27|0x0000000688400000, 0x0000000688400000, 0x0000000688800000|  0%| F|  |TAMS 0x0000000688400000, 0x0000000688400000| Untracked 
|  28|0x0000000688800000, 0x0000000688800000, 0x0000000688c00000|  0%| F|  |TAMS 0x0000000688800000, 0x0000000688800000| Untracked 
|  29|0x0000000688c00000, 0x0000000688c00000, 0x0000000689000000|  0%| F|  |TAMS 0x0000000688c00000, 0x0000000688c00000| Untracked 
|  30|0x0000000689000000, 0x0000000689000000, 0x0000000689400000|  0%| F|  |TAMS 0x0000000689000000, 0x0000000689000000| Untracked 
|  31|0x0000000689400000, 0x0000000689400000, 0x0000000689800000|  0%| F|  |TAMS 0x0000000689400000, 0x0000000689400000| Untracked 
|  32|0x0000000689800000, 0x0000000689800000, 0x0000000689c00000|  0%| F|  |TAMS 0x0000000689800000, 0x0000000689800000| Untracked 
|  33|0x0000000689c00000, 0x0000000689c00000, 0x000000068a000000|  0%| F|  |TAMS 0x0000000689c00000, 0x0000000689c00000| Untracked 
|  34|0x000000068a000000, 0x000000068a000000, 0x000000068a400000|  0%| F|  |TAMS 0x000000068a000000, 0x000000068a000000| Untracked 
|  35|0x000000068a400000, 0x000000068a400000, 0x000000068a800000|  0%| F|  |TAMS 0x000000068a400000, 0x000000068a400000| Untracked 
|  36|0x000000068a800000, 0x000000068a800000, 0x000000068ac00000|  0%| F|  |TAMS 0x000000068a800000, 0x000000068a800000| Untracked 
|  37|0x000000068ac00000, 0x000000068ac00000, 0x000000068b000000|  0%| F|  |TAMS 0x000000068ac00000, 0x000000068ac00000| Untracked 
|  38|0x000000068b000000, 0x000000068b000000, 0x000000068b400000|  0%| F|  |TAMS 0x000000068b000000, 0x000000068b000000| Untracked 
|  39|0x000000068b400000, 0x000000068b400000, 0x000000068b800000|  0%| F|  |TAMS 0x000000068b400000, 0x000000068b400000| Untracked 
|  40|0x000000068b800000, 0x000000068b800000, 0x000000068bc00000|  0%| F|  |TAMS 0x000000068b800000, 0x000000068b800000| Untracked 
|  41|0x000000068bc00000, 0x000000068bc00000, 0x000000068c000000|  0%| F|  |TAMS 0x000000068bc00000, 0x000000068bc00000| Untracked 
|  42|0x000000068c000000, 0x000000068c000000, 0x000000068c400000|  0%| F|  |TAMS 0x000000068c000000, 0x000000068c000000| Untracked 
|  43|0x000000068c400000, 0x000000068c400000, 0x000000068c800000|  0%| F|  |TAMS 0x000000068c400000, 0x000000068c400000| Untracked 
|  44|0x000000068c800000, 0x000000068c800000, 0x000000068cc00000|  0%| F|  |TAMS 0x000000068c800000, 0x000000068c800000| Untracked 
|  45|0x000000068cc00000, 0x000000068cc00000, 0x000000068d000000|  0%| F|  |TAMS 0x000000068cc00000, 0x000000068cc00000| Untracked 
|  46|0x000000068d000000, 0x000000068d000000, 0x000000068d400000|  0%| F|  |TAMS 0x000000068d000000, 0x000000068d000000| Untracked 
|  47|0x000000068d400000, 0x000000068d400000, 0x000000068d800000|  0%| F|  |TAMS 0x000000068d400000, 0x000000068d400000| Untracked 
|  48|0x000000068d800000, 0x000000068d800000, 0x000000068dc00000|  0%| F|  |TAMS 0x000000068d800000, 0x000000068d800000| Untracked 
|  49|0x000000068dc00000, 0x000000068dc00000, 0x000000068e000000|  0%| F|  |TAMS 0x000000068dc00000, 0x000000068dc00000| Untracked 
|  50|0x000000068e000000, 0x000000068e000000, 0x000000068e400000|  0%| F|  |TAMS 0x000000068e000000, 0x000000068e000000| Untracked 
|  51|0x000000068e400000, 0x000000068e400000, 0x000000068e800000|  0%| F|  |TAMS 0x000000068e400000, 0x000000068e400000| Untracked 
|  52|0x000000068e800000, 0x000000068e800000, 0x000000068ec00000|  0%| F|  |TAMS 0x000000068e800000, 0x000000068e800000| Untracked 
|  53|0x000000068ec00000, 0x000000068ec00000, 0x000000068f000000|  0%| F|  |TAMS 0x000000068ec00000, 0x000000068ec00000| Untracked 
|  54|0x000000068f000000, 0x000000068f000000, 0x000000068f400000|  0%| F|  |TAMS 0x000000068f000000, 0x000000068f000000| Untracked 
|  55|0x000000068f400000, 0x000000068f400000, 0x000000068f800000|  0%| F|  |TAMS 0x000000068f400000, 0x000000068f400000| Untracked 
|  56|0x000000068f800000, 0x000000068f800000, 0x000000068fc00000|  0%| F|  |TAMS 0x000000068f800000, 0x000000068f800000| Untracked 
|  57|0x000000068fc00000, 0x000000068fc00000, 0x0000000690000000|  0%| F|  |TAMS 0x000000068fc00000, 0x000000068fc00000| Untracked 
|  58|0x0000000690000000, 0x0000000690000000, 0x0000000690400000|  0%| F|  |TAMS 0x0000000690000000, 0x0000000690000000| Untracked 
|  59|0x0000000690400000, 0x0000000690400000, 0x0000000690800000|  0%| F|  |TAMS 0x0000000690400000, 0x0000000690400000| Untracked 
|  60|0x0000000690800000, 0x0000000690800000, 0x0000000690c00000|  0%| F|  |TAMS 0x0000000690800000, 0x0000000690800000| Untracked 
|  61|0x0000000690c00000, 0x0000000690c00000, 0x0000000691000000|  0%| F|  |TAMS 0x0000000690c00000, 0x0000000690c00000| Untracked 
|  62|0x0000000691000000, 0x0000000691000000, 0x0000000691400000|  0%| F|  |TAMS 0x0000000691000000, 0x0000000691000000| Untracked 
|  63|0x0000000691400000, 0x0000000691400000, 0x0000000691800000|  0%| F|  |TAMS 0x0000000691400000, 0x0000000691400000| Untracked 
|  64|0x0000000691800000, 0x0000000691800000, 0x0000000691c00000|  0%| F|  |TAMS 0x0000000691800000, 0x0000000691800000| Untracked 
|  65|0x0000000691c00000, 0x0000000691c00000, 0x0000000692000000|  0%| F|  |TAMS 0x0000000691c00000, 0x0000000691c00000| Untracked 
|  66|0x0000000692000000, 0x0000000692000000, 0x0000000692400000|  0%| F|  |TAMS 0x0000000692000000, 0x0000000692000000| Untracked 
|  67|0x0000000692400000, 0x0000000692400000, 0x0000000692800000|  0%| F|  |TAMS 0x0000000692400000, 0x0000000692400000| Untracked 
|  68|0x0000000692800000, 0x0000000692800000, 0x0000000692c00000|  0%| F|  |TAMS 0x0000000692800000, 0x0000000692800000| Untracked 
|  69|0x0000000692c00000, 0x0000000692c00000, 0x0000000693000000|  0%| F|  |TAMS 0x0000000692c00000, 0x0000000692c00000| Untracked 
|  70|0x0000000693000000, 0x0000000693000000, 0x0000000693400000|  0%| F|  |TAMS 0x0000000693000000, 0x0000000693000000| Untracked 
|  71|0x0000000693400000, 0x0000000693400000, 0x0000000693800000|  0%| F|  |TAMS 0x0000000693400000, 0x0000000693400000| Untracked 
|  72|0x0000000693800000, 0x0000000693800000, 0x0000000693c00000|  0%| F|  |TAMS 0x0000000693800000, 0x0000000693800000| Untracked 
|  73|0x0000000693c00000, 0x0000000693c00000, 0x0000000694000000|  0%| F|  |TAMS 0x0000000693c00000, 0x0000000693c00000| Untracked 
|  74|0x0000000694000000, 0x0000000694000000, 0x0000000694400000|  0%| F|  |TAMS 0x0000000694000000, 0x0000000694000000| Untracked 
|  75|0x0000000694400000, 0x0000000694400000, 0x0000000694800000|  0%| F|  |TAMS 0x0000000694400000, 0x0000000694400000| Untracked 
|  76|0x0000000694800000, 0x0000000694800000, 0x0000000694c00000|  0%| F|  |TAMS 0x0000000694800000, 0x0000000694800000| Untracked 
|  77|0x0000000694c00000, 0x0000000694c00000, 0x0000000695000000|  0%| F|  |TAMS 0x0000000694c00000, 0x0000000694c00000| Untracked 
|  78|0x0000000695000000, 0x0000000695000000, 0x0000000695400000|  0%| F|  |TAMS 0x0000000695000000, 0x0000000695000000| Untracked 
|  79|0x0000000695400000, 0x0000000695400000, 0x0000000695800000|  0%| F|  |TAMS 0x0000000695400000, 0x0000000695400000| Untracked 
|  80|0x0000000695800000, 0x0000000695800000, 0x0000000695c00000|  0%| F|  |TAMS 0x0000000695800000, 0x0000000695800000| Untracked 
|  81|0x0000000695c00000, 0x0000000695c00000, 0x0000000696000000|  0%| F|  |TAMS 0x0000000695c00000, 0x0000000695c00000| Untracked 
|  82|0x0000000696000000, 0x0000000696000000, 0x0000000696400000|  0%| F|  |TAMS 0x0000000696000000, 0x0000000696000000| Untracked 
|  83|0x0000000696400000, 0x0000000696400000, 0x0000000696800000|  0%| F|  |TAMS 0x0000000696400000, 0x0000000696400000| Untracked 
|  84|0x0000000696800000, 0x0000000696800000, 0x0000000696c00000|  0%| F|  |TAMS 0x0000000696800000, 0x0000000696800000| Untracked 
|  85|0x0000000696c00000, 0x0000000696c00000, 0x0000000697000000|  0%| F|  |TAMS 0x0000000696c00000, 0x0000000696c00000| Untracked 
|  86|0x0000000697000000, 0x0000000697000000, 0x0000000697400000|  0%| F|  |TAMS 0x0000000697000000, 0x0000000697000000| Untracked 
|  87|0x0000000697400000, 0x0000000697400000, 0x0000000697800000|  0%| F|  |TAMS 0x0000000697400000, 0x0000000697400000| Untracked 
|  88|0x0000000697800000, 0x0000000697800000, 0x0000000697c00000|  0%| F|  |TAMS 0x0000000697800000, 0x0000000697800000| Untracked 
|  89|0x0000000697c00000, 0x0000000697c00000, 0x0000000698000000|  0%| F|  |TAMS 0x0000000697c00000, 0x0000000697c00000| Untracked 
|  90|0x0000000698000000, 0x0000000698000000, 0x0000000698400000|  0%| F|  |TAMS 0x0000000698000000, 0x0000000698000000| Untracked 
|  91|0x0000000698400000, 0x0000000698400000, 0x0000000698800000|  0%| F|  |TAMS 0x0000000698400000, 0x0000000698400000| Untracked 
|  92|0x0000000698800000, 0x0000000698800000, 0x0000000698c00000|  0%| F|  |TAMS 0x0000000698800000, 0x0000000698800000| Untracked 
|  93|0x0000000698c00000, 0x0000000698e80d88, 0x0000000699000000| 62%| E|  |TAMS 0x0000000698c00000, 0x0000000698c00000| Complete 
|  94|0x0000000699000000, 0x0000000699400000, 0x0000000699400000|100%| E|CS|TAMS 0x0000000699000000, 0x0000000699000000| Complete 
|  95|0x0000000699400000, 0x0000000699800000, 0x0000000699800000|100%| E|CS|TAMS 0x0000000699400000, 0x0000000699400000| Complete 

Card table byte_map: [0x000001f6fe5a0000,0x000001f6ff1a0000] _byte_map_base: 0x000001f6fb194000

Marking Bits (Prev, Next): (CMBitMap*) 0x000001f6fce84390, (CMBitMap*) 0x000001f6fce843d0
 Prev Bits: [0x000001f6925d0000, 0x000001f698570000)
 Next Bits: [0x000001f698570000, 0x000001f69e510000)

Polling page: 0x000001f6fad60000

Metaspace:

Usage:
  Non-class:     10.88 MB used.
      Class:    962.16 KB used.
       Both:     11.82 MB used.

Virtual space:
  Non-class space:       16.00 MB reserved,      11.00 MB ( 69%) committed,  2 nodes.
      Class space:        1.00 GB reserved,       1.00 MB ( <1%) committed,  1 nodes.
             Both:        1.02 GB reserved,      12.00 MB (  1%) committed. 

Chunk freelists:
   Non-Class:  1021.00 KB
       Class:  3.02 MB
        Both:  4.02 MB

MaxMetaspaceSize: unlimited
CompressedClassSpaceSize: 1.00 GB
Initial GC threshold: 21.00 MB
Current GC threshold: 21.00 MB
CDS: off
MetaspaceReclaimPolicy: balanced
 - commit_granule_bytes: 65536.
 - commit_granule_words: 8192.
 - virtual_space_node_default_size: 1048576.
 - enlarge_chunks_in_place: 1.
 - new_chunks_are_fully_committed: 0.
 - uncommit_free_chunks: 1.
 - use_allocation_guard: 0.
 - handle_deallocations: 1.


Internal statistics:

num_allocs_failed_limit: 0.
num_arena_births: 120.
num_arena_deaths: 0.
num_vsnodes_births: 3.
num_vsnodes_deaths: 0.
num_space_committed: 190.
num_space_uncommitted: 0.
num_chunks_returned_to_freelist: 0.
num_chunks_taken_from_freelist: 232.
num_chunk_merges: 0.
num_chunk_splits: 144.
num_chunks_enlarged: 88.
num_purges: 0.
num_inconsistent_stats: 0.

CodeHeap 'non-profiled nmethods': size=119168Kb used=243Kb max_used=243Kb free=118924Kb
 bounds [0x000001f68b170000, 0x000001f68b3e0000, 0x000001f6925d0000]
CodeHeap 'profiled nmethods': size=119104Kb used=1395Kb max_used=1395Kb free=117708Kb
 bounds [0x000001f683d20000, 0x000001f683f90000, 0x000001f68b170000]
CodeHeap 'non-nmethods': size=7488Kb used=2126Kb max_used=2141Kb free=5361Kb
 bounds [0x000001f6835d0000, 0x000001f683840000, 0x000001f683d20000]
 total_blobs=1842 nmethods=858 adapters=896
 compilation: enabled
              stopped_count=0, restarted_count=0
 full_count=0

Compilation events (20 events):
Event: 0.431 Thread 0x000001f6a21eb6f0 nmethod 847 0x000001f683e76510 code [0x000001f683e766e0, 0x000001f683e76b58]
Event: 0.431 Thread 0x000001f6a208e2e0 nmethod 849 0x000001f683e76d10 code [0x000001f683e76ea0, 0x000001f683e77038]
Event: 0.431 Thread 0x000001f6a21eb6f0  853       3       sun.awt.image.ByteInterleavedRaster::setDataElements (116 bytes)
Event: 0.431 Thread 0x000001f6a208e2e0  851  s    3       java.awt.image.IndexColorModel::getDataElements (683 bytes)
Event: 0.431 Thread 0x000001f6a21eb6f0 nmethod 853 0x000001f683e77110 code [0x000001f683e77300, 0x000001f683e77928]
Event: 0.431 Thread 0x000001f6a21eb6f0  850       3       sun.java2d.StateTrackableDelegate::markDirty (6 bytes)
Event: 0.431 Thread 0x000001f6a21eb6f0 nmethod 850 0x000001f683e77b90 code [0x000001f683e77d20, 0x000001f683e77e58]
Event: 0.431 Thread 0x000001f6a21eb6f0  852       3       java.awt.image.IndexColorModel::installpixel (138 bytes)
Event: 0.431 Thread 0x000001f6a21eb6f0 nmethod 852 0x000001f683e77f10 code [0x000001f683e78120, 0x000001f683e78b38]
Event: 0.432 Thread 0x000001f6a208e2e0 nmethod 851 0x000001f683e78e10 code [0x000001f683e790a0, 0x000001f683e7a248]
Event: 0.432 Thread 0x000001f6a208b9d0  854       4       sun.awt.image.ByteInterleavedRaster::setDataElements (116 bytes)
Event: 0.434 Thread 0x000001f6a208b9d0 nmethod 854 0x000001f68b1abd90 code [0x000001f68b1abf20, 0x000001f68b1ac238]
Event: 0.434 Thread 0x000001f6a208b9d0  855  s    4       java.awt.image.IndexColorModel::getDataElements (683 bytes)
Event: 0.434 Thread 0x000001f6a21eb6f0  857 %     3       java.awt.image.BufferedImage::setRGB @ 26 (86 bytes)
Event: 0.435 Thread 0x000001f6a21eb6f0 nmethod 857% 0x000001f683e7a790 code [0x000001f683e7a960, 0x000001f683e7af98]
Event: 0.435 Thread 0x000001f6a208b9d0 nmethod 855 0x000001f68b1ac490 code [0x000001f68b1ac620, 0x000001f68b1ac998]
Event: 0.435 Thread 0x000001f6a208b9d0  856       4       java.awt.image.IndexColorModel::installpixel (138 bytes)
Event: 0.435 Thread 0x000001f6a208b9d0 nmethod 856 0x000001f68b1acc10 code [0x000001f68b1acda0, 0x000001f68b1ace98]
Event: 0.437 Thread 0x000001f6a208e2e0  858 % !   3       robatortas.code.files.models.Loader::loadTexture @ 86 (270 bytes)
Event: 0.437 Thread 0x000001f6a208e2e0 nmethod 858% 0x000001f683e7b210 code [0x000001f683e7b520, 0x000001f683e7c638]

GC Heap History (0 events):
No events

Deoptimization events (6 events):
Event: 0.130 Thread 0x000001f6fce238e0 DEOPT PACKING pc=0x000001f683d39de7 sp=0x00000059c21fca70
Event: 0.130 Thread 0x000001f6fce238e0 DEOPT UNPACKING pc=0x000001f683622b43 sp=0x00000059c21fbe90 mode 0
Event: 0.311 Thread 0x000001f6fce238e0 Uncommon trap: trap_request=0xffffff54 fr.pc=0x000001f68b1930e0 relative=0x0000000000000060
Event: 0.311 Thread 0x000001f6fce238e0 Uncommon trap: reason=speculate_null_assert action=make_not_entrant pc=0x000001f68b1930e0 method=sun.misc.Unsafe.putLong(Ljava/lang/Object;JJ)V @ 7 c2
Event: 0.311 Thread 0x000001f6fce238e0 DEOPT PACKING pc=0x000001f68b1930e0 sp=0x00000059c21fefc0
Event: 0.311 Thread 0x000001f6fce238e0 DEOPT UNPACKING pc=0x000001f6836223a3 sp=0x00000059c21fef38 mode 2

Classes unloaded (0 events):
No events

Classes redefined (0 events):
No events

Internal exceptions (20 events):
Event: 0.125 Thread 0x000001f6fce238e0 Exception <a 'sun/nio/fs/WindowsException'{0x0000000699795f40}> (0x0000000699795f40) 
thrown [e:\jenkins\tmp\workspace\build\src\src\hotspot\share\prims\jni.cpp, line 516]
Event: 0.125 Thread 0x000001f6fce238e0 Exception <a 'sun/nio/fs/WindowsException'{0x0000000699796498}> (0x0000000699796498) 
thrown [e:\jenkins\tmp\workspace\build\src\src\hotspot\share\prims\jni.cpp, line 516]
Event: 0.140 Thread 0x000001f6fce238e0 Exception <a 'sun/nio/fs/WindowsException'{0x0000000699094ab0}> (0x0000000699094ab0) 
thrown [e:\jenkins\tmp\workspace\build\src\src\hotspot\share\prims\jni.cpp, line 516]
Event: 0.140 Thread 0x000001f6fce238e0 Exception <a 'sun/nio/fs/WindowsException'{0x0000000699094e20}> (0x0000000699094e20) 
thrown [e:\jenkins\tmp\workspace\build\src\src\hotspot\share\prims\jni.cpp, line 516]
Event: 0.143 Thread 0x000001f6fce238e0 Exception <a 'java/lang/NoSuchMethodError'{0x00000006990c8340}: 'java.lang.Object java.lang.invoke.DirectMethodHandle$Holder.invokeStaticInit(java.lang.Object)'> (0x00000006990c8340) 
thrown [e:\jenkins\tmp\workspace\build\src\src\hotspot\share\interpreter\linkResolver.cpp, line 766]
Event: 0.145 Thread 0x000001f6fce238e0 Exception <a 'java/lang/NoSuchMethodError'{0x00000006990e3638}: 'int java.lang.invoke.DirectMethodHandle$Holder.invokeStaticInit(java.lang.Object, java.lang.Object, int, long)'> (0x00000006990e3638) 
thrown [e:\jenkins\tmp\workspace\build\src\src\hotspot\share\interpreter\linkResolver.cpp, line 766]
Event: 0.146 Thread 0x000001f6fce238e0 Exception <a 'java/lang/NoSuchMethodError'{0x00000006990e8f00}: 'java.lang.Object java.lang.invoke.DirectMethodHandle$Holder.newInvokeSpecial(java.lang.Object, java.lang.Object, int)'> (0x00000006990e8f00) 
thrown [e:\jenkins\tmp\workspace\build\src\src\hotspot\share\interpreter\linkResolver.cpp, line 766]
Event: 0.147 Thread 0x000001f6fce238e0 Exception <a 'java/lang/NoSuchMethodError'{0x00000006990f8038}: 'int java.lang.invoke.DirectMethodHandle$Holder.invokeStaticInit(java.lang.Object, java.lang.Object, long, long)'> (0x00000006990f8038) 
thrown [e:\jenkins\tmp\workspace\build\src\src\hotspot\share\interpreter\linkResolver.cpp, line 766]
Event: 0.147 Thread 0x000001f6fce238e0 Exception <a 'java/lang/NoSuchMethodError'{0x00000006990fe1b0}: 'java.lang.Object java.lang.invoke.DirectMethodHandle$Holder.newInvokeSpecial(java.lang.Object, java.lang.Object, long)'> (0x00000006990fe1b0) 
thrown [e:\jenkins\tmp\workspace\build\src\src\hotspot\share\interpreter\linkResolver.cpp, line 766]
Event: 0.147 Thread 0x000001f6fce238e0 Exception <a 'java/lang/NoSuchMethodError'{0x00000006991024a0}: 'java.lang.Object java.lang.invoke.Invokers$Holder.linkToTargetMethod(java.lang.Object, long, java.lang.Object)'> (0x00000006991024a0) 
thrown [e:\jenkins\tmp\workspace\build\src\src\hotspot\share\interpreter\linkResolver.cpp, line 766]
Event: 0.148 Thread 0x000001f6fce238e0 Exception <a 'java/lang/NoSuchMethodError'{0x0000000699109bb8}: 'int java.lang.invoke.DirectMethodHandle$Holder.invokeStaticInit(java.lang.Object, java.lang.Object, java.lang.Object, long)'> (0x0000000699109bb8) 
thrown [e:\jenkins\tmp\workspace\build\src\src\hotspot\share\interpreter\linkResolver.cpp, line 766]
Event: 0.304 Thread 0x000001f6fce238e0 Exception <a 'sun/nio/fs/WindowsException'{0x0000000699199d20}> (0x0000000699199d20) 
thrown [e:\jenkins\tmp\workspace\build\src\src\hotspot\share\prims\jni.cpp, line 516]
Event: 0.304 Thread 0x000001f6fce238e0 Exception <a 'sun/nio/fs/WindowsException'{0x000000069919a0d0}> (0x000000069919a0d0) 
thrown [e:\jenkins\tmp\workspace\build\src\src\hotspot\share\prims\jni.cpp, line 516]
Event: 0.306 Thread 0x000001f6fce238e0 Exception <a 'sun/nio/fs/WindowsException'{0x00000006991a2b78}> (0x00000006991a2b78) 
thrown [e:\jenkins\tmp\workspace\build\src\src\hotspot\share\prims\jni.cpp, line 516]
Event: 0.306 Thread 0x000001f6fce238e0 Exception <a 'sun/nio/fs/WindowsException'{0x00000006991a2e60}> (0x00000006991a2e60) 
thrown [e:\jenkins\tmp\workspace\build\src\src\hotspot\share\prims\jni.cpp, line 516]
Event: 0.362 Thread 0x000001f6fce238e0 Exception <a 'java/lang/ClassNotFoundException'{0x0000000698c4d3a0}: sun/awt/resources/spi/awtProvider> (0x0000000698c4d3a0) 
thrown [e:\jenkins\tmp\workspace\build\src\src\hotspot\share\classfile\systemDictionary.cpp, line 256]
Event: 0.372 Thread 0x000001f6fce238e0 Exception <a 'java/io/FileNotFoundException'{0x0000000698c9f2d0}> (0x0000000698c9f2d0) 
thrown [e:\jenkins\tmp\workspace\build\src\src\hotspot\share\prims\jni.cpp, line 516]
Event: 0.374 Thread 0x000001f6fce238e0 Exception <a 'java/io/FileNotFoundException'{0x0000000698ccc218}> (0x0000000698ccc218) 
thrown [e:\jenkins\tmp\workspace\build\src\src\hotspot\share\prims\jni.cpp, line 516]
Event: 0.390 Thread 0x000001f6fce238e0 Exception <a 'java/lang/NoSuchMethodError'{0x0000000698d44c28}: 'java.lang.Object java.lang.invoke.DirectMethodHandle$Holder.invokeStaticInit(java.lang.Object, int, int, int, int)'> (0x0000000698d44c28) 
thrown [e:\jenkins\tmp\workspace\build\src\src\hotspot\share\interpreter\linkResolver.cpp, line 766]
Event: 0.416 Thread 0x000001f6fce238e0 Exception <a 'java/lang/NoSuchMethodError'{0x0000000698d9d6a8}: 'java.lang.Object java.lang.invoke.DirectMethodHandle$Holder.invokeStaticInit(java.lang.Object, java.lang.Object, int, int, int, int)'> (0x0000000698d9d6a8) 
thrown [e:\jenkins\tmp\workspace\build\src\src\hotspot\share\interpreter\linkResolver.cpp, line 766]

VM Operations (8 events):
Event: 0.075 Executing VM operation: HandshakeAllThreads
Event: 0.075 Executing VM operation: HandshakeAllThreads done
Event: 0.355 Executing VM operation: HandshakeAllThreads
Event: 0.355 Executing VM operation: HandshakeAllThreads done
Event: 0.384 Executing VM operation: HandshakeAllThreads
Event: 0.384 Executing VM operation: HandshakeAllThreads done
Event: 0.399 Executing VM operation: HandshakeAllThreads
Event: 0.399 Executing VM operation: HandshakeAllThreads done

Events (20 events):
Event: 0.429 loading class java/awt/Image done
Event: 0.429 loading class java/awt/image/BufferedImage done
Event: 0.429 loading class java/awt/ImageCapabilities
Event: 0.429 loading class java/awt/ImageCapabilities done
Event: 0.429 loading class java/awt/Image$1
Event: 0.429 loading class sun/awt/image/SurfaceManager$ImageAccessor
Event: 0.429 loading class sun/awt/image/SurfaceManager$ImageAccessor done
Event: 0.429 loading class java/awt/Image$1 done
Event: 0.429 loading class sun/awt/image/SurfaceManager
Event: 0.429 loading class sun/awt/image/SurfaceManager done
Event: 0.429 loading class java/awt/image/BufferedImage$1
Event: 0.429 loading class java/awt/image/BufferedImage$1 done
Event: 0.429 loading class sun/awt/image/IntegerComponentRaster
Event: 0.430 loading class sun/awt/image/IntegerComponentRaster done
Event: 0.430 loading class sun/awt/image/BytePackedRaster
Event: 0.430 loading class sun/awt/image/BytePackedRaster done
Event: 0.430 loading class com/sun/imageio/plugins/common/ReaderUtil
Event: 0.430 loading class com/sun/imageio/plugins/common/ReaderUtil done
Event: 0.430 loading class java/io/RandomAccessFile$1
Event: 0.430 loading class java/io/RandomAccessFile$1 done


Dynamic libraries:
0x00007ff7b7aa0000 - 0x00007ff7b7aae000 	C:\Users\robat\.p2\pool\plugins\org.eclipse.justj.openjdk.hotspot.jre.full.win32.x86_64_17.0.1.v20211116-1657\jre\bin\javaw.exe
0x00007ffb3da70000 - 0x00007ffb3dc65000 	C:\WINDOWS\SYSTEM32\ntdll.dll
0x00007ffb3d250000 - 0x00007ffb3d30e000 	C:\WINDOWS\System32\KERNEL32.DLL
0x00007ffb3b490000 - 0x00007ffb3b758000 	C:\WINDOWS\System32\KERNELBASE.dll
0x00007ffb3b2f0000 - 0x00007ffb3b3f0000 	C:\WINDOWS\System32\ucrtbase.dll
0x00007ffb35c50000 - 0x00007ffb35c68000 	C:\Users\robat\.p2\pool\plugins\org.eclipse.justj.openjdk.hotspot.jre.full.win32.x86_64_17.0.1.v20211116-1657\jre\bin\jli.dll
0x00007ffb349c0000 - 0x00007ffb349d9000 	C:\Users\robat\.p2\pool\plugins\org.eclipse.justj.openjdk.hotspot.jre.full.win32.x86_64_17.0.1.v20211116-1657\jre\bin\VCRUNTIME140.dll
0x00007ffb3c8d0000 - 0x00007ffb3ca70000 	C:\WINDOWS\System32\USER32.dll
0x00007ffb3b3f0000 - 0x00007ffb3b412000 	C:\WINDOWS\System32\win32u.dll
0x00007ffb27ff0000 - 0x00007ffb2828a000 	C:\WINDOWS\WinSxS\amd64_microsoft.windows.common-controls_6595b64144ccf1df_6.0.19041.1110_none_60b5254171f9507e\COMCTL32.dll
0x00007ffb3cc20000 - 0x00007ffb3cc4b000 	C:\WINDOWS\System32\GDI32.dll
0x00007ffb3b760000 - 0x00007ffb3b86d000 	C:\WINDOWS\System32\gdi32full.dll
0x00007ffb3c070000 - 0x00007ffb3c10e000 	C:\WINDOWS\System32\msvcrt.dll
0x00007ffb3b8c0000 - 0x00007ffb3b95d000 	C:\WINDOWS\System32\msvcp_win.dll
0x00007ffb3d5c0000 - 0x00007ffb3d5f0000 	C:\WINDOWS\System32\IMM32.DLL
0x00007ffb36dc0000 - 0x00007ffb36dcc000 	C:\Users\robat\.p2\pool\plugins\org.eclipse.justj.openjdk.hotspot.jre.full.win32.x86_64_17.0.1.v20211116-1657\jre\bin\vcruntime140_1.dll
0x00007ffb31730000 - 0x00007ffb317c1000 	C:\Users\robat\.p2\pool\plugins\org.eclipse.justj.openjdk.hotspot.jre.full.win32.x86_64_17.0.1.v20211116-1657\jre\bin\msvcp140.dll
0x00007ffb0fc00000 - 0x00007ffb10846000 	C:\Users\robat\.p2\pool\plugins\org.eclipse.justj.openjdk.hotspot.jre.full.win32.x86_64_17.0.1.v20211116-1657\jre\bin\server\jvm.dll
0x00007ffb3d1a0000 - 0x00007ffb3d24e000 	C:\WINDOWS\System32\ADVAPI32.dll
0x00007ffb3d310000 - 0x00007ffb3d3ac000 	C:\WINDOWS\System32\sechost.dll
0x00007ffb3d740000 - 0x00007ffb3d865000 	C:\WINDOWS\System32\RPCRT4.dll
0x00007ffb3d3b0000 - 0x00007ffb3d3b8000 	C:\WINDOWS\System32\PSAPI.DLL
0x00007ffb36e30000 - 0x00007ffb36e39000 	C:\WINDOWS\SYSTEM32\WSOCK32.dll
0x00007ffb2f7a0000 - 0x00007ffb2f7c7000 	C:\WINDOWS\SYSTEM32\WINMM.dll
0x00007ffb34510000 - 0x00007ffb3451a000 	C:\WINDOWS\SYSTEM32\VERSION.dll
0x00007ffb3c860000 - 0x00007ffb3c8cb000 	C:\WINDOWS\System32\WS2_32.dll
0x00007ffb39090000 - 0x00007ffb390a2000 	C:\WINDOWS\SYSTEM32\kernel.appcore.dll
0x00007ffb36d10000 - 0x00007ffb36d1a000 	C:\Users\robat\.p2\pool\plugins\org.eclipse.justj.openjdk.hotspot.jre.full.win32.x86_64_17.0.1.v20211116-1657\jre\bin\jimage.dll
0x00007ffb2dc20000 - 0x00007ffb2de04000 	C:\WINDOWS\SYSTEM32\DBGHELP.DLL
0x00007ffb275b0000 - 0x00007ffb275dc000 	C:\WINDOWS\SYSTEM32\dbgcore.DLL
0x00007ffb3b260000 - 0x00007ffb3b2e2000 	C:\WINDOWS\System32\bcryptPrimitives.dll
0x00007ffb35df0000 - 0x00007ffb35e15000 	C:\Users\robat\.p2\pool\plugins\org.eclipse.justj.openjdk.hotspot.jre.full.win32.x86_64_17.0.1.v20211116-1657\jre\bin\java.dll
0x00007ffb356b0000 - 0x00007ffb356c8000 	C:\Users\robat\.p2\pool\plugins\org.eclipse.justj.openjdk.hotspot.jre.full.win32.x86_64_17.0.1.v20211116-1657\jre\bin\zip.dll
0x00007ffb3c110000 - 0x00007ffb3c854000 	C:\WINDOWS\System32\SHELL32.dll
0x00007ffb39290000 - 0x00007ffb39a24000 	C:\WINDOWS\SYSTEM32\windows.storage.dll
0x00007ffb3bb50000 - 0x00007ffb3bea5000 	C:\WINDOWS\System32\combase.dll
0x00007ffb3abd0000 - 0x00007ffb3abfe000 	C:\WINDOWS\SYSTEM32\Wldp.dll
0x00007ffb3d980000 - 0x00007ffb3da2d000 	C:\WINDOWS\System32\SHCORE.dll
0x00007ffb3d920000 - 0x00007ffb3d975000 	C:\WINDOWS\System32\shlwapi.dll
0x00007ffb3b0c0000 - 0x00007ffb3b0df000 	C:\WINDOWS\SYSTEM32\profapi.dll
0x00007ffb355b0000 - 0x00007ffb355c9000 	C:\Users\robat\.p2\pool\plugins\org.eclipse.justj.openjdk.hotspot.jre.full.win32.x86_64_17.0.1.v20211116-1657\jre\bin\net.dll
0x00007ffb33020000 - 0x00007ffb3312c000 	C:\WINDOWS\SYSTEM32\WINHTTP.dll
0x00007ffb3a930000 - 0x00007ffb3a99a000 	C:\WINDOWS\system32\mswsock.dll
0x00007ffb352f0000 - 0x00007ffb35305000 	C:\Users\robat\.p2\pool\plugins\org.eclipse.justj.openjdk.hotspot.jre.full.win32.x86_64_17.0.1.v20211116-1657\jre\bin\nio.dll
0x00007ffb2ccb0000 - 0x00007ffb2cd21000 	C:\Users\robat\AppData\Local\Temp\lwjglrobat\3.3.0-build-21\lwjgl.dll
0x00007ffb30b90000 - 0x00007ffb30bf1000 	C:\Users\robat\AppData\Local\Temp\lwjglrobat\3.3.0-build-21\glfw.dll
0x00007ffb31630000 - 0x00007ffb31675000 	C:\WINDOWS\SYSTEM32\dinput8.dll
0x00007ffb2bbc0000 - 0x00007ffb2bbd1000 	C:\WINDOWS\SYSTEM32\xinput1_4.dll
0x00007ffb3b870000 - 0x00007ffb3b8be000 	C:\WINDOWS\System32\cfgmgr32.dll
0x00007ffb3af20000 - 0x00007ffb3af54000 	C:\WINDOWS\SYSTEM32\DEVOBJ.dll
0x00007ffb38eb0000 - 0x00007ffb38edf000 	C:\WINDOWS\SYSTEM32\dwmapi.dll
0x00007ffb1e880000 - 0x00007ffb1e9d2000 	C:\WINDOWS\SYSTEM32\inputhost.dll
0x00007ffb3bfa0000 - 0x00007ffb3c06d000 	C:\WINDOWS\System32\OLEAUT32.dll
0x00007ffb37c80000 - 0x00007ffb37dd4000 	C:\WINDOWS\SYSTEM32\wintypes.dll
0x00007ffb386b0000 - 0x00007ffb387a2000 	C:\WINDOWS\SYSTEM32\CoreMessaging.dll
0x00007ffb36aa0000 - 0x00007ffb36b96000 	C:\WINDOWS\SYSTEM32\PROPSYS.dll
0x00007ffb38350000 - 0x00007ffb386ae000 	C:\WINDOWS\SYSTEM32\CoreUIComponents.dll
0x00007ffb39e70000 - 0x00007ffb39ea3000 	C:\WINDOWS\SYSTEM32\ntmarta.dll
0x00007ffb38b90000 - 0x00007ffb38c2e000 	C:\WINDOWS\system32\uxtheme.dll
0x00007ffb3d4a0000 - 0x00007ffb3d5b6000 	C:\WINDOWS\System32\MSCTF.dll
0x00007ffb21ac0000 - 0x00007ffb21be5000 	C:\WINDOWS\SYSTEM32\opengl32.dll
0x00007ffb32d30000 - 0x00007ffb32d5c000 	C:\WINDOWS\SYSTEM32\GLU32.dll
0x00007ffb3d870000 - 0x00007ffb3d919000 	C:\WINDOWS\System32\clbcatq.dll
0x00007ffaf70c0000 - 0x00007ffafa0e7000 	C:\WINDOWS\System32\DriverStore\FileRepository\nv_dispi.inf_amd64_31a2adf8c49e7799\nvoglv64.dll
0x00007ffb3cc60000 - 0x00007ffb3d0d2000 	C:\WINDOWS\System32\SETUPAPI.dll
0x00007ffb3b230000 - 0x00007ffb3b257000 	C:\WINDOWS\System32\bcrypt.dll
0x00007ffb3d5f0000 - 0x00007ffb3d71a000 	C:\WINDOWS\System32\ole32.dll
0x00007ffb36e90000 - 0x00007ffb36ea4000 	C:\WINDOWS\SYSTEM32\WTSAPI32.dll
0x00007ffb3ab20000 - 0x00007ffb3ab2c000 	C:\WINDOWS\SYSTEM32\CRYPTBASE.DLL
0x00007ffb3ad60000 - 0x00007ffb3ad72000 	C:\WINDOWS\SYSTEM32\msasn1.dll
0x00007ffb33200000 - 0x00007ffb33231000 	C:\WINDOWS\SYSTEM32\cryptnet.dll
0x00007ffb3b960000 - 0x00007ffb3bab6000 	C:\WINDOWS\System32\CRYPT32.dll
0x00007ffb31d10000 - 0x00007ffb31e5a000 	C:\WINDOWS\SYSTEM32\drvstore.dll
0x00007ffb3b420000 - 0x00007ffb3b489000 	C:\WINDOWS\System32\WINTRUST.dll
0x00007ffb300a0000 - 0x00007ffb300db000 	C:\WINDOWS\SYSTEM32\dxcore.dll
0x00007ffb1d330000 - 0x00007ffb1d5f7000 	C:\WINDOWS\system32\nvspcap64.dll
0x00007ffb3a6f0000 - 0x00007ffb3a73b000 	C:\WINDOWS\SYSTEM32\powrprof.dll
0x00007ffb3a5b0000 - 0x00007ffb3a5c2000 	C:\WINDOWS\SYSTEM32\UMPDC.dll
0x00007ffb39ee0000 - 0x00007ffb39f3a000 	C:\WINDOWS\SYSTEM32\WINSTA.dll
0x00007ffb1faf0000 - 0x00007ffb1fbe9000 	C:\WINDOWS\SYSTEM32\textinputframework.dll
0x00007ffb236d0000 - 0x00007ffb2372d000 	C:\Users\robat\AppData\Local\Temp\lwjglrobat\3.3.0-build-21\lwjgl_opengl.dll
0x00007ffb1eb00000 - 0x00007ffb1ec8e000 	C:\Users\robat\.p2\pool\plugins\org.eclipse.justj.openjdk.hotspot.jre.full.win32.x86_64_17.0.1.v20211116-1657\jre\bin\awt.dll
0x00007ffb389d0000 - 0x00007ffb38a60000 	C:\WINDOWS\SYSTEM32\apphelp.dll
0x00007ffb3ab30000 - 0x00007ffb3ab48000 	C:\WINDOWS\SYSTEM32\CRYPTSP.dll
0x00007ffb3a240000 - 0x00007ffb3a274000 	C:\WINDOWS\system32\rsaenh.dll
0x00007ffb3b040000 - 0x00007ffb3b06e000 	C:\WINDOWS\SYSTEM32\USERENV.dll
0x00007ffb3a5d0000 - 0x00007ffb3a60b000 	C:\WINDOWS\SYSTEM32\IPHLPAPI.DLL
0x00007ffb3beb0000 - 0x00007ffb3beb8000 	C:\WINDOWS\System32\NSI.dll
0x00007ffb35050000 - 0x00007ffb35067000 	C:\WINDOWS\SYSTEM32\dhcpcsvc6.DLL
0x00007ffb34ec0000 - 0x00007ffb34edd000 	C:\WINDOWS\SYSTEM32\dhcpcsvc.DLL
0x00007ffb3a620000 - 0x00007ffb3a6eb000 	C:\WINDOWS\SYSTEM32\DNSAPI.dll

dbghelp: loaded successfully - version: 4.0.5 - missing functions: none
symbol engine: initialized successfully - sym options: 0x614 - pdb path: .;C:\Users\robat\.p2\pool\plugins\org.eclipse.justj.openjdk.hotspot.jre.full.win32.x86_64_17.0.1.v20211116-1657\jre\bin;C:\WINDOWS\SYSTEM32;C:\WINDOWS\WinSxS\amd64_microsoft.windows.common-controls_6595b64144ccf1df_6.0.19041.1110_none_60b5254171f9507e;C:\Users\robat\.p2\pool\plugins\org.eclipse.justj.openjdk.hotspot.jre.full.win32.x86_64_17.0.1.v20211116-1657\jre\bin\server;C:\Users\robat\AppData\Local\Temp\lwjglrobat\3.3.0-build-21;C:\WINDOWS\System32\DriverStore\FileRepository\nv_dispi.inf_amd64_31a2adf8c49e7799

VM Arguments:
jvm_args: -Dfile.encoding=Cp1252 -XX:+ShowCodeDetailsInExceptionMessages 
java_command: robatortas.code.files.MainApp
java_class_path (initial): C:\Users\robat\Documents\Programming\Java\General-Workspace\OpenGL3D\bin;C:\Users\robat\Documents\Programming\Java\General-Workspace\OpenGL\lib\lwjgl 3.3.0\lwjgl.jar;C:\Users\robat\Documents\Programming\Java\General-Workspace\OpenGL\lib\lwjgl 3.3.0\lwjgl-glfw.jar;C:\Users\robat\Documents\Programming\Java\General-Workspace\OpenGL\lib\lwjgl 3.3.0\lwjgl-glfw-javadoc.jar;C:\Users\robat\Documents\Programming\Java\General-Workspace\OpenGL\lib\lwjgl 3.3.0\lwjgl-glfw-natives-windows.jar;C:\Users\robat\Documents\Programming\Java\General-Workspace\OpenGL\lib\lwjgl 3.3.0\lwjgl-glfw-sources.jar;C:\Users\robat\Documents\Programming\Java\General-Workspace\OpenGL\lib\lwjgl 3.3.0\lwjgl-javadoc.jar;C:\Users\robat\Documents\Programming\Java\General-Workspace\OpenGL\lib\lwjgl 3.3.0\lwjgl-jawt.jar;C:\Users\robat\Documents\Programming\Java\General-Workspace\OpenGL\lib\lwjgl 3.3.0\lwjgl-jawt-javadoc.jar;C:\Users\robat\Documents\Programming\Java\General-Workspace\OpenGL\lib\lwjgl 3.3.0\lwjgl-jawt-sources.jar;C:\Users\robat\Documents\Programming\Java\General-Workspace\OpenGL\lib\lwjgl 3.3.0\lwjgl-natives-windows.jar;C:\Users\robat\Documents\Programming\Java\General-Workspace\OpenGL\lib\lwjgl 3.3.0\lwjgl-nfd.jar;C:\Users\robat\Documents\Programming\Java\General-Workspace\OpenGL\lib\lwjgl 3.3.0\lwjgl-nfd-javadoc.jar;C:\Users\robat\Documents\Programming\Java\General-Workspace\OpenGL\lib\lwjgl 3.3.0\lwjgl-nfd-natives-windows.jar;C:\Users\robat\Documents\Programming\Java\General-Workspace\OpenGL\lib\lwjgl 3.3.0\lwjgl-nfd-sources.jar;C:\Users\robat\Documents\Programming\Java\General-Workspace\OpenGL\lib\lwjgl 3.3.0\lwjgl-openal.jar;C:\Users\robat\Documents\Programming\Java\General-Workspace\OpenGL\lib\lwjgl 3.3.0\lwjgl-openal-javadoc.jar;C:\Users\robat\Documents\Programming\Java\General-Workspace\OpenGL\lib\lwjgl 3.3.0\lwjgl-openal-natives-windows.jar;C:\Users\robat\Documents\Programming\Java\General-Workspace\OpenGL\lib\lwjgl 3.3.0\lwjgl-openal-sources.jar;C:\Users\
Launcher Type: SUN_STANDARD

[Global flags]
     intx CICompilerCount                          = 12                                        {product} {ergonomic}
     uint ConcGCThreads                            = 4                                         {product} {ergonomic}
     uint G1ConcRefinementThreads                  = 15                                        {product} {ergonomic}
   size_t G1HeapRegionSize                         = 4194304                                   {product} {ergonomic}
    uintx GCDrainStackTargetSize                   = 64                                        {product} {ergonomic}
   size_t InitialHeapSize                          = 402653184                                 {product} {ergonomic}
   size_t MarkStackSize                            = 4194304                                   {product} {ergonomic}
   size_t MaxHeapSize                              = 6417285120                                {product} {ergonomic}
   size_t MaxNewSize                               = 3850371072                                {product} {ergonomic}
   size_t MinHeapDeltaBytes                        = 4194304                                   {product} {ergonomic}
   size_t MinHeapSize                              = 8388608                                   {product} {ergonomic}
    uintx NonNMethodCodeHeapSize                   = 7602480                                {pd product} {ergonomic}
    uintx NonProfiledCodeHeapSize                  = 122027880                              {pd product} {ergonomic}
    uintx ProfiledCodeHeapSize                     = 122027880                              {pd product} {ergonomic}
    uintx ReservedCodeCacheSize                    = 251658240                              {pd product} {ergonomic}
     bool SegmentedCodeCache                       = true                                      {product} {ergonomic}
     bool ShowCodeDetailsInExceptionMessages       = true                                   {manageable} {command line}
   size_t SoftMaxHeapSize                          = 6417285120                             {manageable} {ergonomic}
     bool UseCompressedClassPointers               = true                           {product lp64_product} {ergonomic}
     bool UseCompressedOops                        = true                           {product lp64_product} {ergonomic}
     bool UseG1GC                                  = true                                      {product} {ergonomic}
     bool UseLargePagesIndividualAllocation        = false                                  {pd product} {ergonomic}

Logging:
Log output configuration:
 #0: stdout all=warning uptime,level,tags
 #1: stderr all=off uptime,level,tags

Environment Variables:
PATH=C:/Users/robat/.p2/pool/plugins/org.eclipse.justj.openjdk.hotspot.jre.full.win32.x86_64_17.0.1.v20211116-1657/jre/bin/server;C:/Users/robat/.p2/pool/plugins/org.eclipse.justj.openjdk.hotspot.jre.full.win32.x86_64_17.0.1.v20211116-1657/jre/bin;C:\Program Files (x86)\Razer Chroma SDK\bin;C:\Program Files\Razer Chroma SDK\bin;C:\Program Files (x86)\Razer\ChromaBroadcast\bin;C:\Program Files\Razer\ChromaBroadcast\bin;C:\Program Files (x86)\Common Files\Intel\Shared Libraries\redist\intel64\compiler;C:\Program Files (x86)\Common Files\Oracle\Java\javapath;C:\WINDOWS\system32;C:\WINDOWS;C:\WINDOWS\System32\Wbem;C:\WINDOWS\System32\WindowsPowerShell\v1.0\;C:\WINDOWS\System32\OpenSSH\;C:\Program Files\NVIDIA Corporation\NVIDIA NvDLISR;C:\Program Files\Git\cmd;C:\Program Files\Gource\cmd;C:\Program Files (x86)\NVIDIA Corporation\PhysX\Common;C:\Program Files\dotnet\;C:\Users\robat\AppData\Local\Microsoft\WindowsApps;C:\Users\robat\AppData\Local\Programs\Microsoft VS Code\bin;C:\Users\robat\.dotnet\tools;C:\WINDOWS\system32\config\systemprofile\AppData\Local\Microsoft\WindowsApps;C:\Program Files\nodejs\;C:\Users\robat\AppData\Local\Microsoft\WindowsApps;;C:\Users\robat\AppData\Local\Programs\Microsoft VS Code\bin;C:\Users\robat\.dotnet\tools;C:\Users\robat\AppData\Roaming\npm;C:\Users\robat\Desktop;
USERNAME=robat
OS=Windows_NT
PROCESSOR_IDENTIFIER=Intel64 Family 6 Model 165 Stepping 5, GenuineIntel



---------------  S Y S T E M  ---------------

OS:
 Windows 10 , 64 bit Build 19041 (10.0.19041.1503)
OS uptime: 0 days 2:35 hours

CPU: total 20 (initial active 20) (10 cores per cpu, 2 threads per core) family 6 model 165 stepping 5 microcode 0xe2, cx8, cmov, fxsr, ht, mmx, 3dnowpref, sse, sse2, sse3, ssse3, sse4.1, sse4.2, popcnt, lzcnt, tsc, tscinvbit, avx, avx2, aes, erms, clmul, bmi1, bmi2, adx, fma, vzeroupper, clflush, clflushopt

Memory: 4k page, system-wide physical 24477M (15384M free)
TotalPageFile size 28061M (AvailPageFile size 16162M)
current process WorkingSet (physical memory assigned to process): 91M, peak: 91M
current process commit charge ("private bytes"): 534M, peak: 534M

vm_info: OpenJDK 64-Bit Server VM (17.0.1+12) for windows-amd64 JRE (17.0.1+12), built on Oct 20 2021 07:42:55 by "" with MS VC++ 16.7 (VS2019)

END.
