#
# A fatal error has been detected by the Java Runtime Environment:
#
#  EXCEPTION_ACCESS_VIOLATION (0xc0000005) at pc=0x00007ff95c118be9, pid=32204, tid=26420
#
# JRE version: OpenJDK Runtime Environment Temurin-17.0.1+12 (17.0.1+12) (build 17.0.1+12)
# Java VM: OpenJDK 64-Bit Server VM Temurin-17.0.1+12 (17.0.1+12, mixed mode, tiered, compressed oops, compressed class ptrs, g1 gc, windows-amd64)
# Problematic frame:
# C  [nvoglv64.dll+0xcb8be9]
#
# No core dump will be written. Minidumps are not enabled by default on client versions of Windows
#
# If you would like to submit a bug report, please visit:
#   https://github.com/adoptium/adoptium-support/issues
# The crash happened outside the Java Virtual Machine in native code.
# See problematic frame for where to report the bug.
#

---------------  S U M M A R Y ------------

Command Line: -Dfile.encoding=Cp1252 -XX:+ShowCodeDetailsInExceptionMessages robatortas.code.files.MainApp

Host: Intel(R) Core(TM) i9-10900KF CPU @ 3.70GHz, 20 cores, 23G,  Windows 10 , 64 bit Build 19041 (10.0.19041.1503)
Time: Sat Feb 12 20:13:53 2022 Pacific Standard Time (Mexico) elapsed time: 0.486555 seconds (0d 0h 0m 0s)

---------------  T H R E A D  ---------------

Current thread (0x0000015dc3353320):  JavaThread "main" [_thread_in_native, id=26420, stack(0x0000000536300000,0x0000000536400000)]

Stack: [0x0000000536300000,0x0000000536400000],  sp=0x00000005363ff000,  free space=1020k
Native frames: (J=compiled Java code, j=interpreted, Vv=VM code, C=native code)
C  [nvoglv64.dll+0xcb8be9]

Java frames: (J=compiled Java code, j=interpreted, Vv=VM code)
j  org.lwjgl.opengl.GL11C.nglDrawElements(IIIJ)V+0
j  org.lwjgl.opengl.GL11C.glDrawElements(IIIJ)V+4
j  org.lwjgl.opengl.GL11.glDrawElements(IIIJ)V+4
j  robatortas.code.files.Renderer.render(Lrobatortas/code/files/models/TexturedModel;)V+40
j  robatortas.code.files.DisplayManager.window()V+325
j  robatortas.code.files.DisplayManager.create()V+1
j  robatortas.code.files.MainApp.main([Ljava/lang/String;)V+13
v  ~StubRoutines::call_stub

siginfo: EXCEPTION_ACCESS_VIOLATION (0xc0000005), reading address 0x0000000000000014


Register to memory mapping:

RIP=0x00007ff95c118be9 nvoglv64.dll
RAX=0x00000007edc29f97 is an unallocated location in the heap
RBX=0x0000000000000001 is an unknown value
RCX=0x0 is NULL
RDX=0x0000004f499a3bec is an unknown value
RSP=0x00000005363ff000 is pointing into the stack for thread: 0x0000015dc3353320
RBP=0x0000000000000006 is an unknown value
RSI=0x0000000000000006 is an unknown value
RDI=0x0000000000001405 is an unknown value
R8 =0x00000000000003a2 is an unknown value
R9 =0x0 is NULL
R10=0x00000000546c6148 is an unknown value
R11=0x0000000c913f99fd is an unknown value
R12=0x0000000000000004 is an unknown value
R13=0x0000015de9b4c080 points into unknown readable memory: 0x0000000000000000 | 00 00 00 00 00 00 00 00
R14=0x0 is NULL
R15=0x0000015de9b4ce48 points into unknown readable memory: 0x0000000000000004 | 04 00 00 00 00 00 00 00


Registers:
RAX=0x00000007edc29f97, RBX=0x0000000000000001, RCX=0x0000000000000000, RDX=0x0000004f499a3bec
RSP=0x00000005363ff000, RBP=0x0000000000000006, RSI=0x0000000000000006, RDI=0x0000000000001405
R8 =0x00000000000003a2, R9 =0x0000000000000000, R10=0x00000000546c6148, R11=0x0000000c913f99fd
R12=0x0000000000000004, R13=0x0000015de9b4c080, R14=0x0000000000000000, R15=0x0000015de9b4ce48
RIP=0x00007ff95c118be9, EFLAGS=0x0000000000010246

Top of Stack: (sp=0x00000005363ff000)
0x00000005363ff000:   0000000000000001 0000015dc3353300
0x00000005363ff010:   0000000000000000 00000000000000b8
0x00000005363ff020:   0000000000000000 0000000000000000
0x00000005363ff030:   0000000000000000 0000000000000000
0x00000005363ff040:   0000000000000000 0000000000000000
0x00000005363ff050:   0000015de9b4ce48 0000015de8628510
0x00000005363ff060:   0000015d0000000e 000000000017555d
0x00000005363ff070:   0000015defc68860 0000000000000000
0x00000005363ff080:   00000005363ff228 0000000000001405
0x00000005363ff090:   0000000000000004 0000015de9b4c080
0x00000005363ff0a0:   0000000000000006 00000005363ff1e8
0x00000005363ff0b0:   0000000000000000 00007ff95bd775d6
0x00000005363ff0c0:   0000000000000110 0000015d00000004
0x00000005363ff0d0:   0000000500000000 00007ff900000000
0x00000005363ff0e0:   0000000000000018 0000015d00001405
0x00000005363ff0f0:   0000000000000000 0000015d00000000 

Instructions: (pc=0x00007ff95c118be9)
0x00007ff95c118ae9:   57 48 83 ec 78 4c 8b b9 f8 02 00 00 4c 8b e9 48
0x00007ff95c118af9:   63 ac 24 e0 00 00 00 44 8b c2 8b bc 24 e8 00 00
0x00007ff95c118b09:   00 8b d5 4c 8b b4 24 f0 00 00 00 8b cf 45 8b 57
0x00007ff95c118b19:   14 41 8b 47 18 41 f7 d2 45 23 57 0c 41 0b c2 d1
0x00007ff95c118b29:   e9 83 e1 03 4c 89 7c 24 50 d3 e2 f7 d0 41 23 47
0x00007ff95c118b39:   10 41 80 7f 1e 00 89 94 24 e0 00 00 00 0f 85 64
0x00007ff95c118b49:   08 00 00 41 80 bd 4c ec 55 00 00 0f 85 56 08 00
0x00007ff95c118b59:   00 85 ed 0f 8e 4e 08 00 00 41 83 f8 0e 0f 87 44
0x00007ff95c118b69:   08 00 00 41 3b 95 68 ee 55 00 0f 8f 37 08 00 00
0x00007ff95c118b79:   41 83 7f 08 00 0f 85 2c 08 00 00 41 80 7f 1d 00
0x00007ff95c118b89:   0f 85 21 08 00 00 41 80 7f 1c 00 0f 85 16 08 00
0x00007ff95c118b99:   00 41 80 bd 55 38 55 00 00 0f 85 08 08 00 00 41
0x00007ff95c118ba9:   80 bd 5c 38 55 00 00 0f 85 fa 07 00 00 a9 00 00
0x00007ff95c118bb9:   03 00 0f 85 ef 07 00 00 44 0b d0 45 85 57 20 0f
0x00007ff95c118bc9:   85 e2 07 00 00 bb 01 00 00 00 49 8d 8d c0 ef 55
0x00007ff95c118bd9:   00 8b d3 e8 1f 46 e7 ff 81 ff 05 14 00 00 75 18
0x00007ff95c118be9:   41 8b 44 ae fc 4c 8d 65 ff 41 8b 0e 8b f8 3b c8
0x00007ff95c118bf9:   0f 47 f9 0f 42 c1 eb 5b 81 ff 03 14 00 00 75 24
0x00007ff95c118c09:   41 0f b7 4c 6e fe 4c 8d 65 ff 41 0f b7 16 0f b7
0x00007ff95c118c19:   c1 66 3b d1 66 0f 47 c2 66 0f 42 ca 0f b7 f8 0f
0x00007ff95c118c29:   b7 c1 eb 2f 81 ff 01 14 00 00 0f 85 77 07 00 00
0x00007ff95c118c39:   42 0f b6 54 35 ff 4c 8d 65 ff 45 0f b6 06 8b ca
0x00007ff95c118c49:   44 3a c2 41 0f 47 c8 0f b6 f9 8b ca 41 0f 42 c8
0x00007ff95c118c59:   0f b6 c1 49 8b cf 8d 75 ff 2b f8 e8 47 0b 00 00
0x00007ff95c118c69:   45 8b 57 78 41 8b c2 0f af c7 44 89 94 24 c0 00
0x00007ff95c118c79:   00 00 41 3b 85 6c ee 55 00 0f 8f 21 07 00 00 8b
0x00007ff95c118c89:   84 24 e8 00 00 00 0f 29 74 24 60 3d 05 14 00 00
0x00007ff95c118c99:   0f 85 f6 00 00 00 45 8b 3e 41 8b ff 49 8d 56 04
0x00007ff95c118ca9:   3b eb 0f 8e 70 03 00 00 83 fe 08 0f 82 b1 00 00
0x00007ff95c118cb9:   00 83 3d 2f 29 07 02 02 0f 8c a4 00 00 00 81 e6
0x00007ff95c118cc9:   07 00 00 80 7d 07 ff ce 83 ce f8 ff c6 66 41 0f
0x00007ff95c118cd9:   6e cf 8b c5 66 0f 70 c9 00 2b c6 66 0f 6f d9 66 


Stack slot to memory mapping:
stack at sp + 0 slots: 0x0000000000000001 is an unknown value
stack at sp + 1 slots: 0x0000015dc3353300 points into unknown readable memory: 0x0000000000000000 | 00 00 00 00 00 00 00 00
stack at sp + 2 slots: 0x0 is NULL
stack at sp + 3 slots: 0x00000000000000b8 is an unknown value
stack at sp + 4 slots: 0x0 is NULL
stack at sp + 5 slots: 0x0 is NULL
stack at sp + 6 slots: 0x0 is NULL
stack at sp + 7 slots: 0x0 is NULL


---------------  P R O C E S S  ---------------

Threads class SMR info:
_java_thread_list=0x0000015dee9d0160, length=16, elements={
0x0000015dc3353320, 0x0000015de8407be0, 0x0000015de8408cd0, 0x0000015de8478e50,
0x0000015de8453790, 0x0000015de846ca90, 0x0000015de846f0a0, 0x0000015de8485c40,
0x0000015de848a580, 0x0000015de8492a80, 0x0000015de85d8a40, 0x0000015de85e32c0,
0x0000015de861ca20, 0x0000015de861dd60, 0x0000015de861e700, 0x0000015deeaae800
}

Java Threads: ( => current thread )
=>0x0000015dc3353320 JavaThread "main" [_thread_in_native, id=26420, stack(0x0000000536300000,0x0000000536400000)]
  0x0000015de8407be0 JavaThread "Reference Handler" daemon [_thread_blocked, id=5420, stack(0x0000000536a00000,0x0000000536b00000)]
  0x0000015de8408cd0 JavaThread "Finalizer" daemon [_thread_blocked, id=29020, stack(0x0000000536b00000,0x0000000536c00000)]
  0x0000015de8478e50 JavaThread "Signal Dispatcher" daemon [_thread_blocked, id=24184, stack(0x0000000536c00000,0x0000000536d00000)]
  0x0000015de8453790 JavaThread "Attach Listener" daemon [_thread_blocked, id=2356, stack(0x0000000536d00000,0x0000000536e00000)]
  0x0000015de846ca90 JavaThread "Service Thread" daemon [_thread_blocked, id=29904, stack(0x0000000536e00000,0x0000000536f00000)]
  0x0000015de846f0a0 JavaThread "Monitor Deflation Thread" daemon [_thread_blocked, id=7976, stack(0x0000000536f00000,0x0000000537000000)]
  0x0000015de8485c40 JavaThread "C2 CompilerThread0" daemon [_thread_blocked, id=9120, stack(0x0000000537000000,0x0000000537100000)]
  0x0000015de848a580 JavaThread "C1 CompilerThread0" daemon [_thread_blocked, id=22336, stack(0x0000000537100000,0x0000000537200000)]
  0x0000015de8492a80 JavaThread "Sweeper thread" daemon [_thread_blocked, id=16504, stack(0x0000000537200000,0x0000000537300000)]
  0x0000015de85d8a40 JavaThread "C1 CompilerThread1" daemon [_thread_blocked, id=20340, stack(0x0000000537300000,0x0000000537400000)]
  0x0000015de85e32c0 JavaThread "C1 CompilerThread2" daemon [_thread_blocked, id=24196, stack(0x0000000537400000,0x0000000537500000)]
  0x0000015de861ca20 JavaThread "Notification Thread" daemon [_thread_blocked, id=28856, stack(0x0000000537500000,0x0000000537600000)]
  0x0000015de861dd60 JavaThread "Common-Cleaner" daemon [_thread_blocked, id=18740, stack(0x0000000537700000,0x0000000537800000)]
  0x0000015de861e700 JavaThread "Java2D Disposer" daemon [_thread_blocked, id=17596, stack(0x0000000537e00000,0x0000000537f00000)]
  0x0000015deeaae800 JavaThread "C2 CompilerThread1" daemon [_thread_blocked, id=28996, stack(0x0000000537f00000,0x0000000538000000)]

Other Threads:
  0x0000015de7a9d620 VMThread "VM Thread" [stack: 0x0000000536900000,0x0000000536a00000] [id=21820]
  0x0000015dc34043e0 WatcherThread [stack: 0x0000000537600000,0x0000000537700000] [id=3748]
  0x0000015dc33b3740 GCTaskThread "GC Thread#0" [stack: 0x0000000536400000,0x0000000536500000] [id=18272]
  0x0000015dc33c0d60 ConcurrentGCThread "G1 Main Marker" [stack: 0x0000000536500000,0x0000000536600000] [id=13260]
  0x0000015dc33c3790 ConcurrentGCThread "G1 Conc#0" [stack: 0x0000000536600000,0x0000000536700000] [id=29032]
  0x0000015dc342ea80 ConcurrentGCThread "G1 Refine#0" [stack: 0x0000000536700000,0x0000000536800000] [id=25164]
  0x0000015de7909650 ConcurrentGCThread "G1 Service" [stack: 0x0000000536800000,0x0000000536900000] [id=26296]

Threads with active compile tasks:

VM state: not at safepoint (normal execution)

VM Mutex/Monitor currently owned by a thread: None

Heap address: 0x0000000681800000, size: 6120 MB, Compressed Oops mode: Zero based, Oop shift amount: 3

CDS archive(s) not mapped
Compressed class space mapped at: 0x0000000800000000-0x0000000840000000, reserved size: 1073741824
Narrow klass base: 0x0000000800000000, Narrow klass shift: 0, Narrow klass range: 0x40000000

GC Precious Log:
 CPUs: 20 total, 20 available
 Memory: 24477M
 Large Page Support: Disabled
 NUMA Support: Disabled
 Compressed Oops: Enabled (Zero based)
 Heap Region Size: 4M
 Heap Min Capacity: 8M
 Heap Initial Capacity: 384M
 Heap Max Capacity: 6120M
 Pre-touch: Disabled
 Parallel Workers: 15
 Concurrent Workers: 4
 Concurrent Refinement Workers: 15
 Periodic GC: Disabled

Heap:
 garbage-first heap   total 393216K, used 8192K [0x0000000681800000, 0x0000000800000000)
  region size 4096K, 3 young (12288K), 0 survivors (0K)
 Metaspace       used 12140K, committed 12352K, reserved 1064960K
  class space    used 964K, committed 1024K, reserved 1048576K

Heap Regions: E=young(eden), S=young(survivor), O=old, HS=humongous(starts), HC=humongous(continues), CS=collection set, F=free, OA=open archive, CA=closed archive, TAMS=top-at-mark-start (previous, next)
|   0|0x0000000681800000, 0x0000000681800000, 0x0000000681c00000|  0%| F|  |TAMS 0x0000000681800000, 0x0000000681800000| Untracked 
|   1|0x0000000681c00000, 0x0000000681c00000, 0x0000000682000000|  0%| F|  |TAMS 0x0000000681c00000, 0x0000000681c00000| Untracked 
|   2|0x0000000682000000, 0x0000000682000000, 0x0000000682400000|  0%| F|  |TAMS 0x0000000682000000, 0x0000000682000000| Untracked 
|   3|0x0000000682400000, 0x0000000682400000, 0x0000000682800000|  0%| F|  |TAMS 0x0000000682400000, 0x0000000682400000| Untracked 
|   4|0x0000000682800000, 0x0000000682800000, 0x0000000682c00000|  0%| F|  |TAMS 0x0000000682800000, 0x0000000682800000| Untracked 
|   5|0x0000000682c00000, 0x0000000682c00000, 0x0000000683000000|  0%| F|  |TAMS 0x0000000682c00000, 0x0000000682c00000| Untracked 
|   6|0x0000000683000000, 0x0000000683000000, 0x0000000683400000|  0%| F|  |TAMS 0x0000000683000000, 0x0000000683000000| Untracked 
|   7|0x0000000683400000, 0x0000000683400000, 0x0000000683800000|  0%| F|  |TAMS 0x0000000683400000, 0x0000000683400000| Untracked 
|   8|0x0000000683800000, 0x0000000683800000, 0x0000000683c00000|  0%| F|  |TAMS 0x0000000683800000, 0x0000000683800000| Untracked 
|   9|0x0000000683c00000, 0x0000000683c00000, 0x0000000684000000|  0%| F|  |TAMS 0x0000000683c00000, 0x0000000683c00000| Untracked 
|  10|0x0000000684000000, 0x0000000684000000, 0x0000000684400000|  0%| F|  |TAMS 0x0000000684000000, 0x0000000684000000| Untracked 
|  11|0x0000000684400000, 0x0000000684400000, 0x0000000684800000|  0%| F|  |TAMS 0x0000000684400000, 0x0000000684400000| Untracked 
|  12|0x0000000684800000, 0x0000000684800000, 0x0000000684c00000|  0%| F|  |TAMS 0x0000000684800000, 0x0000000684800000| Untracked 
|  13|0x0000000684c00000, 0x0000000684c00000, 0x0000000685000000|  0%| F|  |TAMS 0x0000000684c00000, 0x0000000684c00000| Untracked 
|  14|0x0000000685000000, 0x0000000685000000, 0x0000000685400000|  0%| F|  |TAMS 0x0000000685000000, 0x0000000685000000| Untracked 
|  15|0x0000000685400000, 0x0000000685400000, 0x0000000685800000|  0%| F|  |TAMS 0x0000000685400000, 0x0000000685400000| Untracked 
|  16|0x0000000685800000, 0x0000000685800000, 0x0000000685c00000|  0%| F|  |TAMS 0x0000000685800000, 0x0000000685800000| Untracked 
|  17|0x0000000685c00000, 0x0000000685c00000, 0x0000000686000000|  0%| F|  |TAMS 0x0000000685c00000, 0x0000000685c00000| Untracked 
|  18|0x0000000686000000, 0x0000000686000000, 0x0000000686400000|  0%| F|  |TAMS 0x0000000686000000, 0x0000000686000000| Untracked 
|  19|0x0000000686400000, 0x0000000686400000, 0x0000000686800000|  0%| F|  |TAMS 0x0000000686400000, 0x0000000686400000| Untracked 
|  20|0x0000000686800000, 0x0000000686800000, 0x0000000686c00000|  0%| F|  |TAMS 0x0000000686800000, 0x0000000686800000| Untracked 
|  21|0x0000000686c00000, 0x0000000686c00000, 0x0000000687000000|  0%| F|  |TAMS 0x0000000686c00000, 0x0000000686c00000| Untracked 
|  22|0x0000000687000000, 0x0000000687000000, 0x0000000687400000|  0%| F|  |TAMS 0x0000000687000000, 0x0000000687000000| Untracked 
|  23|0x0000000687400000, 0x0000000687400000, 0x0000000687800000|  0%| F|  |TAMS 0x0000000687400000, 0x0000000687400000| Untracked 
|  24|0x0000000687800000, 0x0000000687800000, 0x0000000687c00000|  0%| F|  |TAMS 0x0000000687800000, 0x0000000687800000| Untracked 
|  25|0x0000000687c00000, 0x0000000687c00000, 0x0000000688000000|  0%| F|  |TAMS 0x0000000687c00000, 0x0000000687c00000| Untracked 
|  26|0x0000000688000000, 0x0000000688000000, 0x0000000688400000|  0%| F|  |TAMS 0x0000000688000000, 0x0000000688000000| Untracked 
|  27|0x0000000688400000, 0x0000000688400000, 0x0000000688800000|  0%| F|  |TAMS 0x0000000688400000, 0x0000000688400000| Untracked 
|  28|0x0000000688800000, 0x0000000688800000, 0x0000000688c00000|  0%| F|  |TAMS 0x0000000688800000, 0x0000000688800000| Untracked 
|  29|0x0000000688c00000, 0x0000000688c00000, 0x0000000689000000|  0%| F|  |TAMS 0x0000000688c00000, 0x0000000688c00000| Untracked 
|  30|0x0000000689000000, 0x0000000689000000, 0x0000000689400000|  0%| F|  |TAMS 0x0000000689000000, 0x0000000689000000| Untracked 
|  31|0x0000000689400000, 0x0000000689400000, 0x0000000689800000|  0%| F|  |TAMS 0x0000000689400000, 0x0000000689400000| Untracked 
|  32|0x0000000689800000, 0x0000000689800000, 0x0000000689c00000|  0%| F|  |TAMS 0x0000000689800000, 0x0000000689800000| Untracked 
|  33|0x0000000689c00000, 0x0000000689c00000, 0x000000068a000000|  0%| F|  |TAMS 0x0000000689c00000, 0x0000000689c00000| Untracked 
|  34|0x000000068a000000, 0x000000068a000000, 0x000000068a400000|  0%| F|  |TAMS 0x000000068a000000, 0x000000068a000000| Untracked 
|  35|0x000000068a400000, 0x000000068a400000, 0x000000068a800000|  0%| F|  |TAMS 0x000000068a400000, 0x000000068a400000| Untracked 
|  36|0x000000068a800000, 0x000000068a800000, 0x000000068ac00000|  0%| F|  |TAMS 0x000000068a800000, 0x000000068a800000| Untracked 
|  37|0x000000068ac00000, 0x000000068ac00000, 0x000000068b000000|  0%| F|  |TAMS 0x000000068ac00000, 0x000000068ac00000| Untracked 
|  38|0x000000068b000000, 0x000000068b000000, 0x000000068b400000|  0%| F|  |TAMS 0x000000068b000000, 0x000000068b000000| Untracked 
|  39|0x000000068b400000, 0x000000068b400000, 0x000000068b800000|  0%| F|  |TAMS 0x000000068b400000, 0x000000068b400000| Untracked 
|  40|0x000000068b800000, 0x000000068b800000, 0x000000068bc00000|  0%| F|  |TAMS 0x000000068b800000, 0x000000068b800000| Untracked 
|  41|0x000000068bc00000, 0x000000068bc00000, 0x000000068c000000|  0%| F|  |TAMS 0x000000068bc00000, 0x000000068bc00000| Untracked 
|  42|0x000000068c000000, 0x000000068c000000, 0x000000068c400000|  0%| F|  |TAMS 0x000000068c000000, 0x000000068c000000| Untracked 
|  43|0x000000068c400000, 0x000000068c400000, 0x000000068c800000|  0%| F|  |TAMS 0x000000068c400000, 0x000000068c400000| Untracked 
|  44|0x000000068c800000, 0x000000068c800000, 0x000000068cc00000|  0%| F|  |TAMS 0x000000068c800000, 0x000000068c800000| Untracked 
|  45|0x000000068cc00000, 0x000000068cc00000, 0x000000068d000000|  0%| F|  |TAMS 0x000000068cc00000, 0x000000068cc00000| Untracked 
|  46|0x000000068d000000, 0x000000068d000000, 0x000000068d400000|  0%| F|  |TAMS 0x000000068d000000, 0x000000068d000000| Untracked 
|  47|0x000000068d400000, 0x000000068d400000, 0x000000068d800000|  0%| F|  |TAMS 0x000000068d400000, 0x000000068d400000| Untracked 
|  48|0x000000068d800000, 0x000000068d800000, 0x000000068dc00000|  0%| F|  |TAMS 0x000000068d800000, 0x000000068d800000| Untracked 
|  49|0x000000068dc00000, 0x000000068dc00000, 0x000000068e000000|  0%| F|  |TAMS 0x000000068dc00000, 0x000000068dc00000| Untracked 
|  50|0x000000068e000000, 0x000000068e000000, 0x000000068e400000|  0%| F|  |TAMS 0x000000068e000000, 0x000000068e000000| Untracked 
|  51|0x000000068e400000, 0x000000068e400000, 0x000000068e800000|  0%| F|  |TAMS 0x000000068e400000, 0x000000068e400000| Untracked 
|  52|0x000000068e800000, 0x000000068e800000, 0x000000068ec00000|  0%| F|  |TAMS 0x000000068e800000, 0x000000068e800000| Untracked 
|  53|0x000000068ec00000, 0x000000068ec00000, 0x000000068f000000|  0%| F|  |TAMS 0x000000068ec00000, 0x000000068ec00000| Untracked 
|  54|0x000000068f000000, 0x000000068f000000, 0x000000068f400000|  0%| F|  |TAMS 0x000000068f000000, 0x000000068f000000| Untracked 
|  55|0x000000068f400000, 0x000000068f400000, 0x000000068f800000|  0%| F|  |TAMS 0x000000068f400000, 0x000000068f400000| Untracked 
|  56|0x000000068f800000, 0x000000068f800000, 0x000000068fc00000|  0%| F|  |TAMS 0x000000068f800000, 0x000000068f800000| Untracked 
|  57|0x000000068fc00000, 0x000000068fc00000, 0x0000000690000000|  0%| F|  |TAMS 0x000000068fc00000, 0x000000068fc00000| Untracked 
|  58|0x0000000690000000, 0x0000000690000000, 0x0000000690400000|  0%| F|  |TAMS 0x0000000690000000, 0x0000000690000000| Untracked 
|  59|0x0000000690400000, 0x0000000690400000, 0x0000000690800000|  0%| F|  |TAMS 0x0000000690400000, 0x0000000690400000| Untracked 
|  60|0x0000000690800000, 0x0000000690800000, 0x0000000690c00000|  0%| F|  |TAMS 0x0000000690800000, 0x0000000690800000| Untracked 
|  61|0x0000000690c00000, 0x0000000690c00000, 0x0000000691000000|  0%| F|  |TAMS 0x0000000690c00000, 0x0000000690c00000| Untracked 
|  62|0x0000000691000000, 0x0000000691000000, 0x0000000691400000|  0%| F|  |TAMS 0x0000000691000000, 0x0000000691000000| Untracked 
|  63|0x0000000691400000, 0x0000000691400000, 0x0000000691800000|  0%| F|  |TAMS 0x0000000691400000, 0x0000000691400000| Untracked 
|  64|0x0000000691800000, 0x0000000691800000, 0x0000000691c00000|  0%| F|  |TAMS 0x0000000691800000, 0x0000000691800000| Untracked 
|  65|0x0000000691c00000, 0x0000000691c00000, 0x0000000692000000|  0%| F|  |TAMS 0x0000000691c00000, 0x0000000691c00000| Untracked 
|  66|0x0000000692000000, 0x0000000692000000, 0x0000000692400000|  0%| F|  |TAMS 0x0000000692000000, 0x0000000692000000| Untracked 
|  67|0x0000000692400000, 0x0000000692400000, 0x0000000692800000|  0%| F|  |TAMS 0x0000000692400000, 0x0000000692400000| Untracked 
|  68|0x0000000692800000, 0x0000000692800000, 0x0000000692c00000|  0%| F|  |TAMS 0x0000000692800000, 0x0000000692800000| Untracked 
|  69|0x0000000692c00000, 0x0000000692c00000, 0x0000000693000000|  0%| F|  |TAMS 0x0000000692c00000, 0x0000000692c00000| Untracked 
|  70|0x0000000693000000, 0x0000000693000000, 0x0000000693400000|  0%| F|  |TAMS 0x0000000693000000, 0x0000000693000000| Untracked 
|  71|0x0000000693400000, 0x0000000693400000, 0x0000000693800000|  0%| F|  |TAMS 0x0000000693400000, 0x0000000693400000| Untracked 
|  72|0x0000000693800000, 0x0000000693800000, 0x0000000693c00000|  0%| F|  |TAMS 0x0000000693800000, 0x0000000693800000| Untracked 
|  73|0x0000000693c00000, 0x0000000693c00000, 0x0000000694000000|  0%| F|  |TAMS 0x0000000693c00000, 0x0000000693c00000| Untracked 
|  74|0x0000000694000000, 0x0000000694000000, 0x0000000694400000|  0%| F|  |TAMS 0x0000000694000000, 0x0000000694000000| Untracked 
|  75|0x0000000694400000, 0x0000000694400000, 0x0000000694800000|  0%| F|  |TAMS 0x0000000694400000, 0x0000000694400000| Untracked 
|  76|0x0000000694800000, 0x0000000694800000, 0x0000000694c00000|  0%| F|  |TAMS 0x0000000694800000, 0x0000000694800000| Untracked 
|  77|0x0000000694c00000, 0x0000000694c00000, 0x0000000695000000|  0%| F|  |TAMS 0x0000000694c00000, 0x0000000694c00000| Untracked 
|  78|0x0000000695000000, 0x0000000695000000, 0x0000000695400000|  0%| F|  |TAMS 0x0000000695000000, 0x0000000695000000| Untracked 
|  79|0x0000000695400000, 0x0000000695400000, 0x0000000695800000|  0%| F|  |TAMS 0x0000000695400000, 0x0000000695400000| Untracked 
|  80|0x0000000695800000, 0x0000000695800000, 0x0000000695c00000|  0%| F|  |TAMS 0x0000000695800000, 0x0000000695800000| Untracked 
|  81|0x0000000695c00000, 0x0000000695c00000, 0x0000000696000000|  0%| F|  |TAMS 0x0000000695c00000, 0x0000000695c00000| Untracked 
|  82|0x0000000696000000, 0x0000000696000000, 0x0000000696400000|  0%| F|  |TAMS 0x0000000696000000, 0x0000000696000000| Untracked 
|  83|0x0000000696400000, 0x0000000696400000, 0x0000000696800000|  0%| F|  |TAMS 0x0000000696400000, 0x0000000696400000| Untracked 
|  84|0x0000000696800000, 0x0000000696800000, 0x0000000696c00000|  0%| F|  |TAMS 0x0000000696800000, 0x0000000696800000| Untracked 
|  85|0x0000000696c00000, 0x0000000696c00000, 0x0000000697000000|  0%| F|  |TAMS 0x0000000696c00000, 0x0000000696c00000| Untracked 
|  86|0x0000000697000000, 0x0000000697000000, 0x0000000697400000|  0%| F|  |TAMS 0x0000000697000000, 0x0000000697000000| Untracked 
|  87|0x0000000697400000, 0x0000000697400000, 0x0000000697800000|  0%| F|  |TAMS 0x0000000697400000, 0x0000000697400000| Untracked 
|  88|0x0000000697800000, 0x0000000697800000, 0x0000000697c00000|  0%| F|  |TAMS 0x0000000697800000, 0x0000000697800000| Untracked 
|  89|0x0000000697c00000, 0x0000000697c00000, 0x0000000698000000|  0%| F|  |TAMS 0x0000000697c00000, 0x0000000697c00000| Untracked 
|  90|0x0000000698000000, 0x0000000698000000, 0x0000000698400000|  0%| F|  |TAMS 0x0000000698000000, 0x0000000698000000| Untracked 
|  91|0x0000000698400000, 0x0000000698400000, 0x0000000698800000|  0%| F|  |TAMS 0x0000000698400000, 0x0000000698400000| Untracked 
|  92|0x0000000698800000, 0x0000000698800000, 0x0000000698c00000|  0%| F|  |TAMS 0x0000000698800000, 0x0000000698800000| Untracked 
|  93|0x0000000698c00000, 0x0000000698ef1e48, 0x0000000699000000| 73%| E|  |TAMS 0x0000000698c00000, 0x0000000698c00000| Complete 
|  94|0x0000000699000000, 0x0000000699400000, 0x0000000699400000|100%| E|CS|TAMS 0x0000000699000000, 0x0000000699000000| Complete 
|  95|0x0000000699400000, 0x0000000699800000, 0x0000000699800000|100%| E|CS|TAMS 0x0000000699400000, 0x0000000699400000| Complete 

Card table byte_map: [0x0000015dd70a0000,0x0000015dd7ca0000] _byte_map_base: 0x0000015dd3c94000

Marking Bits (Prev, Next): (CMBitMap*) 0x0000015dc33b3d50, (CMBitMap*) 0x0000015dc33b3d90
 Prev Bits: [0x0000015dd88a0000, 0x0000015dde840000)
 Next Bits: [0x0000015dde840000, 0x0000015de47e0000)

Polling page: 0x0000015dc10c0000

Metaspace:

Usage:
  Non-class:     10.91 MB used.
      Class:    964.23 KB used.
       Both:     11.86 MB used.

Virtual space:
  Non-class space:       16.00 MB reserved,      11.06 MB ( 69%) committed,  2 nodes.
      Class space:        1.00 GB reserved,       1.00 MB ( <1%) committed,  1 nodes.
             Both:        1.02 GB reserved,      12.06 MB (  1%) committed. 

Chunk freelists:
   Non-Class:  1005.00 KB
       Class:  3.02 MB
        Both:  4.00 MB

MaxMetaspaceSize: unlimited
CompressedClassSpaceSize: 1.00 GB
Initial GC threshold: 21.00 MB
Current GC threshold: 21.00 MB
CDS: off
MetaspaceReclaimPolicy: balanced
 - commit_granule_bytes: 65536.
 - commit_granule_words: 8192.
 - virtual_space_node_default_size: 1048576.
 - enlarge_chunks_in_place: 1.
 - new_chunks_are_fully_committed: 0.
 - uncommit_free_chunks: 1.
 - use_allocation_guard: 0.
 - handle_deallocations: 1.


Internal statistics:

num_allocs_failed_limit: 0.
num_arena_births: 120.
num_arena_deaths: 0.
num_vsnodes_births: 3.
num_vsnodes_deaths: 0.
num_space_committed: 191.
num_space_uncommitted: 0.
num_chunks_returned_to_freelist: 0.
num_chunks_taken_from_freelist: 237.
num_chunk_merges: 0.
num_chunk_splits: 143.
num_chunks_enlarged: 87.
num_purges: 0.
num_inconsistent_stats: 0.

CodeHeap 'non-profiled nmethods': size=119168Kb used=250Kb max_used=250Kb free=118918Kb
 bounds [0x0000015dce5a0000, 0x0000015dce810000, 0x0000015dd5a00000]
CodeHeap 'profiled nmethods': size=119104Kb used=1409Kb max_used=1409Kb free=117694Kb
 bounds [0x0000015dc7150000, 0x0000015dc73c0000, 0x0000015dce5a0000]
CodeHeap 'non-nmethods': size=7488Kb used=2690Kb max_used=2705Kb free=4797Kb
 bounds [0x0000015dc6a00000, 0x0000015dc6cb0000, 0x0000015dc7150000]
 total_blobs=1866 nmethods=881 adapters=896
 compilation: enabled
              stopped_count=0, restarted_count=0
 full_count=0

Compilation events (20 events):
Event: 0.476 Thread 0x0000015de8485c40  873       4       java.awt.image.IndexColorModel::getBlue (16 bytes)
Event: 0.476 Thread 0x0000015de85e32c0 nmethod 869 0x0000015dc72aa910 code [0x0000015dc72aab20, 0x0000015dc72ab388]
Event: 0.476 Thread 0x0000015de848a580 nmethod 871 0x0000015dc72ab710 code [0x0000015dc72ab920, 0x0000015dc72ac188]
Event: 0.476 Thread 0x0000015de8485c40 nmethod 873 0x0000015dce5dc710 code [0x0000015dce5dc880, 0x0000015dce5dc938]
Event: 0.476 Thread 0x0000015de8485c40  874       4       sun.awt.image.ByteInterleavedRaster::getDataElements (129 bytes)
Event: 0.478 Thread 0x0000015de8485c40 nmethod 874 0x0000015dce5dca10 code [0x0000015dce5dcba0, 0x0000015dce5dce38]
Event: 0.478 Thread 0x0000015de8485c40  875       4       java.awt.image.ColorModel::getAlpha (139 bytes)
Event: 0.478 Thread 0x0000015deeaae800  876       4       java.awt.image.ColorModel::getRGB (35 bytes)
Event: 0.478 Thread 0x0000015de8485c40 nmethod 875 0x0000015dce5dd010 code [0x0000015dce5dd1a0, 0x0000015dce5dd2f8]
Event: 0.478 Thread 0x0000015de8485c40  878       4       java.awt.image.ColorModel::getGreen (139 bytes)
Event: 0.479 Thread 0x0000015de8485c40 nmethod 878 0x0000015dce5dd490 code [0x0000015dce5dd620, 0x0000015dce5dd778]
Event: 0.479 Thread 0x0000015de8485c40  877       4       java.awt.image.ColorModel::getRed (139 bytes)
Event: 0.479 Thread 0x0000015deeaae800 nmethod 876 0x0000015dce5dd910 code [0x0000015dce5ddaa0, 0x0000015dce5ddc78]
Event: 0.479 Thread 0x0000015deeaae800  879       4       java.awt.image.ColorModel::getBlue (139 bytes)
Event: 0.479 Thread 0x0000015de8485c40 nmethod 877 0x0000015dce5ddf10 code [0x0000015dce5de0a0, 0x0000015dce5de1f8]
Event: 0.479 Thread 0x0000015de85d8a40  880 %     3       java.awt.image.BufferedImage::getRGB @ 160 (218 bytes)
Event: 0.479 Thread 0x0000015deeaae800 nmethod 879 0x0000015dce5de390 code [0x0000015dce5de520, 0x0000015dce5de678]
Event: 0.480 Thread 0x0000015de85d8a40 nmethod 880% 0x0000015dc72ac510 code [0x0000015dc72ac760, 0x0000015dc72ad9c8]
Event: 0.482 Thread 0x0000015de85d8a40  881 % !   3       robatortas.code.files.models.Loader::loadTexture @ 87 (276 bytes)
Event: 0.483 Thread 0x0000015de85d8a40 nmethod 881% 0x0000015dc72adf10 code [0x0000015dc72ae2a0, 0x0000015dc72afa88]

GC Heap History (0 events):
No events

Deoptimization events (6 events):
Event: 0.133 Thread 0x0000015dc3353320 DEOPT PACKING pc=0x0000015dc7169de7 sp=0x00000005363fcfc0
Event: 0.133 Thread 0x0000015dc3353320 DEOPT UNPACKING pc=0x0000015dc6a52b43 sp=0x00000005363fc3e0 mode 0
Event: 0.350 Thread 0x0000015dc3353320 Uncommon trap: trap_request=0xffffff54 fr.pc=0x0000015dce5c2760 relative=0x0000000000000060
Event: 0.350 Thread 0x0000015dc3353320 Uncommon trap: reason=speculate_null_assert action=make_not_entrant pc=0x0000015dce5c2760 method=sun.misc.Unsafe.putLong(Ljava/lang/Object;JJ)V @ 7 c2
Event: 0.350 Thread 0x0000015dc3353320 DEOPT PACKING pc=0x0000015dce5c2760 sp=0x00000005363fef40
Event: 0.350 Thread 0x0000015dc3353320 DEOPT UNPACKING pc=0x0000015dc6a523a3 sp=0x00000005363feeb8 mode 2

Classes unloaded (0 events):
No events

Classes redefined (0 events):
No events

Internal exceptions (20 events):
Event: 0.128 Thread 0x0000015dc3353320 Exception <a 'sun/nio/fs/WindowsException'{0x00000006997980b0}> (0x00000006997980b0) 
thrown [e:\jenkins\tmp\workspace\build\src\src\hotspot\share\prims\jni.cpp, line 516]
Event: 0.128 Thread 0x0000015dc3353320 Exception <a 'sun/nio/fs/WindowsException'{0x0000000699798608}> (0x0000000699798608) 
thrown [e:\jenkins\tmp\workspace\build\src\src\hotspot\share\prims\jni.cpp, line 516]
Event: 0.143 Thread 0x0000015dc3353320 Exception <a 'sun/nio/fs/WindowsException'{0x00000006990fccb8}> (0x00000006990fccb8) 
thrown [e:\jenkins\tmp\workspace\build\src\src\hotspot\share\prims\jni.cpp, line 516]
Event: 0.144 Thread 0x0000015dc3353320 Exception <a 'sun/nio/fs/WindowsException'{0x00000006990fd028}> (0x00000006990fd028) 
thrown [e:\jenkins\tmp\workspace\build\src\src\hotspot\share\prims\jni.cpp, line 516]
Event: 0.146 Thread 0x0000015dc3353320 Exception <a 'java/lang/NoSuchMethodError'{0x0000000699130548}: 'java.lang.Object java.lang.invoke.DirectMethodHandle$Holder.invokeStaticInit(java.lang.Object)'> (0x0000000699130548) 
thrown [e:\jenkins\tmp\workspace\build\src\src\hotspot\share\interpreter\linkResolver.cpp, line 766]
Event: 0.149 Thread 0x0000015dc3353320 Exception <a 'java/lang/NoSuchMethodError'{0x000000069914a4b8}: 'int java.lang.invoke.DirectMethodHandle$Holder.invokeStaticInit(java.lang.Object, java.lang.Object, int, long)'> (0x000000069914a4b8) 
thrown [e:\jenkins\tmp\workspace\build\src\src\hotspot\share\interpreter\linkResolver.cpp, line 766]
Event: 0.149 Thread 0x0000015dc3353320 Exception <a 'java/lang/NoSuchMethodError'{0x000000069914fd80}: 'java.lang.Object java.lang.invoke.DirectMethodHandle$Holder.newInvokeSpecial(java.lang.Object, java.lang.Object, int)'> (0x000000069914fd80) 
thrown [e:\jenkins\tmp\workspace\build\src\src\hotspot\share\interpreter\linkResolver.cpp, line 766]
Event: 0.150 Thread 0x0000015dc3353320 Exception <a 'java/lang/NoSuchMethodError'{0x000000069915ede0}: 'int java.lang.invoke.DirectMethodHandle$Holder.invokeStaticInit(java.lang.Object, java.lang.Object, long, long)'> (0x000000069915ede0) 
thrown [e:\jenkins\tmp\workspace\build\src\src\hotspot\share\interpreter\linkResolver.cpp, line 766]
Event: 0.151 Thread 0x0000015dc3353320 Exception <a 'java/lang/NoSuchMethodError'{0x0000000699164f58}: 'java.lang.Object java.lang.invoke.DirectMethodHandle$Holder.newInvokeSpecial(java.lang.Object, java.lang.Object, long)'> (0x0000000699164f58) 
thrown [e:\jenkins\tmp\workspace\build\src\src\hotspot\share\interpreter\linkResolver.cpp, line 766]
Event: 0.151 Thread 0x0000015dc3353320 Exception <a 'java/lang/NoSuchMethodError'{0x0000000699169248}: 'java.lang.Object java.lang.invoke.Invokers$Holder.linkToTargetMethod(java.lang.Object, long, java.lang.Object)'> (0x0000000699169248) 
thrown [e:\jenkins\tmp\workspace\build\src\src\hotspot\share\interpreter\linkResolver.cpp, line 766]
Event: 0.151 Thread 0x0000015dc3353320 Exception <a 'java/lang/NoSuchMethodError'{0x0000000699170960}: 'int java.lang.invoke.DirectMethodHandle$Holder.invokeStaticInit(java.lang.Object, java.lang.Object, java.lang.Object, long)'> (0x0000000699170960) 
thrown [e:\jenkins\tmp\workspace\build\src\src\hotspot\share\interpreter\linkResolver.cpp, line 766]
Event: 0.345 Thread 0x0000015dc3353320 Exception <a 'sun/nio/fs/WindowsException'{0x0000000699200c50}> (0x0000000699200c50) 
thrown [e:\jenkins\tmp\workspace\build\src\src\hotspot\share\prims\jni.cpp, line 516]
Event: 0.345 Thread 0x0000015dc3353320 Exception <a 'sun/nio/fs/WindowsException'{0x0000000699201000}> (0x0000000699201000) 
thrown [e:\jenkins\tmp\workspace\build\src\src\hotspot\share\prims\jni.cpp, line 516]
Event: 0.347 Thread 0x0000015dc3353320 Exception <a 'sun/nio/fs/WindowsException'{0x0000000699209cf8}> (0x0000000699209cf8) 
thrown [e:\jenkins\tmp\workspace\build\src\src\hotspot\share\prims\jni.cpp, line 516]
Event: 0.347 Thread 0x0000015dc3353320 Exception <a 'sun/nio/fs/WindowsException'{0x0000000699209fe0}> (0x0000000699209fe0) 
thrown [e:\jenkins\tmp\workspace\build\src\src\hotspot\share\prims\jni.cpp, line 516]
Event: 0.404 Thread 0x0000015dc3353320 Exception <a 'java/lang/ClassNotFoundException'{0x0000000698cb4b48}: sun/awt/resources/spi/awtProvider> (0x0000000698cb4b48) 
thrown [e:\jenkins\tmp\workspace\build\src\src\hotspot\share\classfile\systemDictionary.cpp, line 256]
Event: 0.414 Thread 0x0000015dc3353320 Exception <a 'java/io/FileNotFoundException'{0x0000000698d06980}> (0x0000000698d06980) 
thrown [e:\jenkins\tmp\workspace\build\src\src\hotspot\share\prims\jni.cpp, line 516]
Event: 0.417 Thread 0x0000015dc3353320 Exception <a 'java/io/FileNotFoundException'{0x0000000698d338c8}> (0x0000000698d338c8) 
thrown [e:\jenkins\tmp\workspace\build\src\src\hotspot\share\prims\jni.cpp, line 516]
Event: 0.433 Thread 0x0000015dc3353320 Exception <a 'java/lang/NoSuchMethodError'{0x0000000698dac190}: 'java.lang.Object java.lang.invoke.DirectMethodHandle$Holder.invokeStaticInit(java.lang.Object, int, int, int, int)'> (0x0000000698dac190) 
thrown [e:\jenkins\tmp\workspace\build\src\src\hotspot\share\interpreter\linkResolver.cpp, line 766]
Event: 0.460 Thread 0x0000015dc3353320 Exception <a 'java/lang/NoSuchMethodError'{0x0000000698e1b308}: 'java.lang.Object java.lang.invoke.DirectMethodHandle$Holder.invokeStaticInit(java.lang.Object, java.lang.Object, int, int, int, int)'> (0x0000000698e1b308) 
thrown [e:\jenkins\tmp\workspace\build\src\src\hotspot\share\interpreter\linkResolver.cpp, line 766]

VM Operations (8 events):
Event: 0.078 Executing VM operation: HandshakeAllThreads
Event: 0.078 Executing VM operation: HandshakeAllThreads done
Event: 0.397 Executing VM operation: HandshakeAllThreads
Event: 0.397 Executing VM operation: HandshakeAllThreads done
Event: 0.427 Executing VM operation: HandshakeAllThreads
Event: 0.427 Executing VM operation: HandshakeAllThreads done
Event: 0.442 Executing VM operation: HandshakeAllThreads
Event: 0.442 Executing VM operation: HandshakeAllThreads done

Events (20 events):
Event: 0.474 loading class java/awt/image/BufferedImage done
Event: 0.474 loading class java/awt/ImageCapabilities
Event: 0.474 loading class java/awt/ImageCapabilities done
Event: 0.474 loading class java/awt/Image$1
Event: 0.474 loading class sun/awt/image/SurfaceManager$ImageAccessor
Event: 0.474 loading class sun/awt/image/SurfaceManager$ImageAccessor done
Event: 0.474 loading class java/awt/Image$1 done
Event: 0.474 loading class sun/awt/image/SurfaceManager
Event: 0.474 loading class sun/awt/image/SurfaceManager done
Event: 0.474 loading class java/awt/image/BufferedImage$1
Event: 0.474 loading class java/awt/image/BufferedImage$1 done
Event: 0.474 loading class sun/awt/image/IntegerComponentRaster
Event: 0.474 loading class sun/awt/image/IntegerComponentRaster done
Event: 0.474 loading class sun/awt/image/BytePackedRaster
Event: 0.474 loading class sun/awt/image/BytePackedRaster done
Event: 0.474 loading class com/sun/imageio/plugins/common/ReaderUtil
Event: 0.474 loading class com/sun/imageio/plugins/common/ReaderUtil done
Event: 0.475 loading class java/io/RandomAccessFile$1
Event: 0.475 loading class java/io/RandomAccessFile$1 done
Event: 0.478 Thread 0x0000015deeaae800 Thread added: 0x0000015deeaae800


Dynamic libraries:
0x00007ff6507b0000 - 0x00007ff6507be000 	C:\Users\robat\.p2\pool\plugins\org.eclipse.justj.openjdk.hotspot.jre.full.win32.x86_64_17.0.1.v20211116-1657\jre\bin\javaw.exe
0x00007ff9af110000 - 0x00007ff9af305000 	C:\WINDOWS\SYSTEM32\ntdll.dll
0x00007ff9aed20000 - 0x00007ff9aedde000 	C:\WINDOWS\System32\KERNEL32.DLL
0x00007ff9aca80000 - 0x00007ff9acd48000 	C:\WINDOWS\System32\KERNELBASE.dll
0x00007ff9acec0000 - 0x00007ff9acfc0000 	C:\WINDOWS\System32\ucrtbase.dll
0x00007ff991250000 - 0x00007ff991268000 	C:\Users\robat\.p2\pool\plugins\org.eclipse.justj.openjdk.hotspot.jre.full.win32.x86_64_17.0.1.v20211116-1657\jre\bin\jli.dll
0x00007ff9910e0000 - 0x00007ff9910f9000 	C:\Users\robat\.p2\pool\plugins\org.eclipse.justj.openjdk.hotspot.jre.full.win32.x86_64_17.0.1.v20211116-1657\jre\bin\VCRUNTIME140.dll
0x00007ff9ae840000 - 0x00007ff9ae9e0000 	C:\WINDOWS\System32\USER32.dll
0x00007ff9ace90000 - 0x00007ff9aceb2000 	C:\WINDOWS\System32\win32u.dll
0x00007ff9ae4e0000 - 0x00007ff9ae50b000 	C:\WINDOWS\System32\GDI32.dll
0x00007ff99e610000 - 0x00007ff99e8aa000 	C:\WINDOWS\WinSxS\amd64_microsoft.windows.common-controls_6595b64144ccf1df_6.0.19041.1110_none_60b5254171f9507e\COMCTL32.dll
0x00007ff9acfc0000 - 0x00007ff9ad0cd000 	C:\WINDOWS\System32\gdi32full.dll
0x00007ff9af030000 - 0x00007ff9af0ce000 	C:\WINDOWS\System32\msvcrt.dll
0x00007ff9acd50000 - 0x00007ff9acded000 	C:\WINDOWS\System32\msvcp_win.dll
0x00007ff9ae510000 - 0x00007ff9ae540000 	C:\WINDOWS\System32\IMM32.DLL
0x00007ff9a75b0000 - 0x00007ff9a75bc000 	C:\Users\robat\.p2\pool\plugins\org.eclipse.justj.openjdk.hotspot.jre.full.win32.x86_64_17.0.1.v20211116-1657\jre\bin\vcruntime140_1.dll
0x00007ff975c80000 - 0x00007ff975d11000 	C:\Users\robat\.p2\pool\plugins\org.eclipse.justj.openjdk.hotspot.jre.full.win32.x86_64_17.0.1.v20211116-1657\jre\bin\msvcp140.dll
0x00007ff9619d0000 - 0x00007ff962616000 	C:\Users\robat\.p2\pool\plugins\org.eclipse.justj.openjdk.hotspot.jre.full.win32.x86_64_17.0.1.v20211116-1657\jre\bin\server\jvm.dll
0x00007ff9ad290000 - 0x00007ff9ad33e000 	C:\WINDOWS\System32\ADVAPI32.dll
0x00007ff9ad340000 - 0x00007ff9ad3dc000 	C:\WINDOWS\System32\sechost.dll
0x00007ff9ad160000 - 0x00007ff9ad285000 	C:\WINDOWS\System32\RPCRT4.dll
0x00007ff9ad5a0000 - 0x00007ff9ad5a8000 	C:\WINDOWS\System32\PSAPI.DLL
0x00007ff994380000 - 0x00007ff994389000 	C:\WINDOWS\SYSTEM32\WSOCK32.dll
0x00007ff99cdc0000 - 0x00007ff99cde7000 	C:\WINDOWS\SYSTEM32\WINMM.dll
0x00007ff9aea40000 - 0x00007ff9aeaab000 	C:\WINDOWS\System32\WS2_32.dll
0x00007ff9a4ac0000 - 0x00007ff9a4aca000 	C:\WINDOWS\SYSTEM32\VERSION.dll
0x00007ff9aa730000 - 0x00007ff9aa742000 	C:\WINDOWS\SYSTEM32\kernel.appcore.dll
0x00007ff9a95c0000 - 0x00007ff9a95ca000 	C:\Users\robat\.p2\pool\plugins\org.eclipse.justj.openjdk.hotspot.jre.full.win32.x86_64_17.0.1.v20211116-1657\jre\bin\jimage.dll
0x00007ff999f00000 - 0x00007ff99a0e4000 	C:\WINDOWS\SYSTEM32\DBGHELP.DLL
0x00007ff98feb0000 - 0x00007ff98fedc000 	C:\WINDOWS\SYSTEM32\dbgcore.DLL
0x00007ff9ad0d0000 - 0x00007ff9ad152000 	C:\WINDOWS\System32\bcryptPrimitives.dll
0x00007ff9a94d0000 - 0x00007ff9a94f5000 	C:\Users\robat\.p2\pool\plugins\org.eclipse.justj.openjdk.hotspot.jre.full.win32.x86_64_17.0.1.v20211116-1657\jre\bin\java.dll
0x00007ff9a7930000 - 0x00007ff9a7948000 	C:\Users\robat\.p2\pool\plugins\org.eclipse.justj.openjdk.hotspot.jre.full.win32.x86_64_17.0.1.v20211116-1657\jre\bin\zip.dll
0x00007ff9ad910000 - 0x00007ff9ae054000 	C:\WINDOWS\System32\SHELL32.dll
0x00007ff9aa930000 - 0x00007ff9ab0c4000 	C:\WINDOWS\SYSTEM32\windows.storage.dll
0x00007ff9ad5b0000 - 0x00007ff9ad905000 	C:\WINDOWS\System32\combase.dll
0x00007ff9ac270000 - 0x00007ff9ac29e000 	C:\WINDOWS\SYSTEM32\Wldp.dll
0x00007ff9ae730000 - 0x00007ff9ae7dd000 	C:\WINDOWS\System32\SHCORE.dll
0x00007ff9aeef0000 - 0x00007ff9aef45000 	C:\WINDOWS\System32\shlwapi.dll
0x00007ff9ac760000 - 0x00007ff9ac77f000 	C:\WINDOWS\SYSTEM32\profapi.dll
0x00007ff9a6060000 - 0x00007ff9a6079000 	C:\Users\robat\.p2\pool\plugins\org.eclipse.justj.openjdk.hotspot.jre.full.win32.x86_64_17.0.1.v20211116-1657\jre\bin\net.dll
0x00007ff9a2110000 - 0x00007ff9a221c000 	C:\WINDOWS\SYSTEM32\WINHTTP.dll
0x00007ff9abfd0000 - 0x00007ff9ac03a000 	C:\WINDOWS\system32\mswsock.dll
0x00007ff9a20c0000 - 0x00007ff9a20d5000 	C:\Users\robat\.p2\pool\plugins\org.eclipse.justj.openjdk.hotspot.jre.full.win32.x86_64_17.0.1.v20211116-1657\jre\bin\nio.dll
0x00007ff989020000 - 0x00007ff989091000 	C:\Users\robat\AppData\Local\Temp\lwjglrobat\3.3.0-build-21\lwjgl.dll
0x00007ff97a0a0000 - 0x00007ff97a101000 	C:\Users\robat\AppData\Local\Temp\lwjglrobat\3.3.0-build-21\glfw.dll
0x00007ff988f80000 - 0x00007ff988fc5000 	C:\WINDOWS\SYSTEM32\dinput8.dll
0x00007ff973940000 - 0x00007ff973951000 	C:\WINDOWS\SYSTEM32\xinput1_4.dll
0x00007ff9aca30000 - 0x00007ff9aca7e000 	C:\WINDOWS\System32\cfgmgr32.dll
0x00007ff9ac5c0000 - 0x00007ff9ac5f4000 	C:\WINDOWS\SYSTEM32\DEVOBJ.dll
0x00007ff9aa550000 - 0x00007ff9aa57f000 	C:\WINDOWS\SYSTEM32\dwmapi.dll
0x00007ff9a00d0000 - 0x00007ff9a0222000 	C:\WINDOWS\SYSTEM32\inputhost.dll
0x00007ff9ae540000 - 0x00007ff9ae60d000 	C:\WINDOWS\System32\OLEAUT32.dll
0x00007ff9a9e50000 - 0x00007ff9a9f42000 	C:\WINDOWS\SYSTEM32\CoreMessaging.dll
0x00007ff9a9160000 - 0x00007ff9a92b4000 	C:\WINDOWS\SYSTEM32\wintypes.dll
0x00007ff9a7cc0000 - 0x00007ff9a7db6000 	C:\WINDOWS\SYSTEM32\PROPSYS.dll
0x00007ff9a99f0000 - 0x00007ff9a9d4e000 	C:\WINDOWS\SYSTEM32\CoreUIComponents.dll
0x00007ff9ab510000 - 0x00007ff9ab543000 	C:\WINDOWS\SYSTEM32\ntmarta.dll
0x00007ff9aa1b0000 - 0x00007ff9aa24e000 	C:\WINDOWS\system32\uxtheme.dll
0x00007ff9ae610000 - 0x00007ff9ae726000 	C:\WINDOWS\System32\MSCTF.dll
0x00007ff962b70000 - 0x00007ff962c95000 	C:\WINDOWS\SYSTEM32\opengl32.dll
0x00007ff992ae0000 - 0x00007ff992b0c000 	C:\WINDOWS\SYSTEM32\GLU32.dll
0x00007ff9aef80000 - 0x00007ff9af029000 	C:\WINDOWS\System32\clbcatq.dll
0x00007ff95b460000 - 0x00007ff95e487000 	C:\WINDOWS\System32\DriverStore\FileRepository\nv_dispi.inf_amd64_31a2adf8c49e7799\nvoglv64.dll
0x00007ff9ae060000 - 0x00007ff9ae4d2000 	C:\WINDOWS\System32\SETUPAPI.dll
0x00007ff9acdf0000 - 0x00007ff9ace17000 	C:\WINDOWS\System32\bcrypt.dll
0x00007ff9aeb90000 - 0x00007ff9aecba000 	C:\WINDOWS\System32\ole32.dll
0x00007ff9a8110000 - 0x00007ff9a8124000 	C:\WINDOWS\SYSTEM32\WTSAPI32.dll
0x00007ff9ac1e0000 - 0x00007ff9ac1ec000 	C:\WINDOWS\SYSTEM32\CRYPTBASE.DLL
0x00007ff9ac400000 - 0x00007ff9ac412000 	C:\WINDOWS\SYSTEM32\msasn1.dll
0x00007ff9a5130000 - 0x00007ff9a5161000 	C:\WINDOWS\SYSTEM32\cryptnet.dll
0x00007ff9ac8d0000 - 0x00007ff9aca26000 	C:\WINDOWS\System32\CRYPT32.dll
0x00007ff9a31c0000 - 0x00007ff9a330a000 	C:\WINDOWS\SYSTEM32\drvstore.dll
0x00007ff9ace20000 - 0x00007ff9ace89000 	C:\WINDOWS\System32\WINTRUST.dll
0x00007ff9a0f20000 - 0x00007ff9a0f5b000 	C:\WINDOWS\SYSTEM32\dxcore.dll
0x00007ff939b80000 - 0x00007ff939e47000 	C:\WINDOWS\system32\nvspcap64.dll
0x00007ff9abd90000 - 0x00007ff9abddb000 	C:\WINDOWS\SYSTEM32\powrprof.dll
0x00007ff9abc50000 - 0x00007ff9abc62000 	C:\WINDOWS\SYSTEM32\UMPDC.dll
0x00007ff9ab5c0000 - 0x00007ff9ab61a000 	C:\WINDOWS\SYSTEM32\WINSTA.dll
0x00007ff9a0230000 - 0x00007ff9a0329000 	C:\WINDOWS\SYSTEM32\textinputframework.dll
0x00007ff9813a0000 - 0x00007ff9813fd000 	C:\Users\robat\AppData\Local\Temp\lwjglrobat\3.3.0-build-21\lwjgl_opengl.dll
0x00007ff963010000 - 0x00007ff96319e000 	C:\Users\robat\.p2\pool\plugins\org.eclipse.justj.openjdk.hotspot.jre.full.win32.x86_64_17.0.1.v20211116-1657\jre\bin\awt.dll
0x00007ff9aa070000 - 0x00007ff9aa100000 	C:\WINDOWS\SYSTEM32\apphelp.dll
0x00007ff9ac1c0000 - 0x00007ff9ac1d8000 	C:\WINDOWS\SYSTEM32\CRYPTSP.dll
0x00007ff9ab8e0000 - 0x00007ff9ab914000 	C:\WINDOWS\system32\rsaenh.dll
0x00007ff9ac720000 - 0x00007ff9ac74e000 	C:\WINDOWS\SYSTEM32\USERENV.dll
0x00007ff9abc70000 - 0x00007ff9abcab000 	C:\WINDOWS\SYSTEM32\IPHLPAPI.DLL
0x00007ff9aef70000 - 0x00007ff9aef78000 	C:\WINDOWS\System32\NSI.dll
0x00007ff9a65e0000 - 0x00007ff9a65f7000 	C:\WINDOWS\SYSTEM32\dhcpcsvc6.DLL
0x00007ff9a6300000 - 0x00007ff9a631d000 	C:\WINDOWS\SYSTEM32\dhcpcsvc.DLL
0x00007ff9abcc0000 - 0x00007ff9abd8b000 	C:\WINDOWS\SYSTEM32\DNSAPI.dll

dbghelp: loaded successfully - version: 4.0.5 - missing functions: none
symbol engine: initialized successfully - sym options: 0x614 - pdb path: .;C:\Users\robat\.p2\pool\plugins\org.eclipse.justj.openjdk.hotspot.jre.full.win32.x86_64_17.0.1.v20211116-1657\jre\bin;C:\WINDOWS\SYSTEM32;C:\WINDOWS\WinSxS\amd64_microsoft.windows.common-controls_6595b64144ccf1df_6.0.19041.1110_none_60b5254171f9507e;C:\Users\robat\.p2\pool\plugins\org.eclipse.justj.openjdk.hotspot.jre.full.win32.x86_64_17.0.1.v20211116-1657\jre\bin\server;C:\Users\robat\AppData\Local\Temp\lwjglrobat\3.3.0-build-21;C:\WINDOWS\System32\DriverStore\FileRepository\nv_dispi.inf_amd64_31a2adf8c49e7799

VM Arguments:
jvm_args: -Dfile.encoding=Cp1252 -XX:+ShowCodeDetailsInExceptionMessages 
java_command: robatortas.code.files.MainApp
java_class_path (initial): C:\Users\robat\Documents\Programming\Java\General-Workspace\OpenGL3D\bin;C:\Users\robat\Documents\Programming\Java\General-Workspace\OpenGL\lib\lwjgl 3.3.0\lwjgl.jar;C:\Users\robat\Documents\Programming\Java\General-Workspace\OpenGL\lib\lwjgl 3.3.0\lwjgl-glfw.jar;C:\Users\robat\Documents\Programming\Java\General-Workspace\OpenGL\lib\lwjgl 3.3.0\lwjgl-glfw-javadoc.jar;C:\Users\robat\Documents\Programming\Java\General-Workspace\OpenGL\lib\lwjgl 3.3.0\lwjgl-glfw-natives-windows.jar;C:\Users\robat\Documents\Programming\Java\General-Workspace\OpenGL\lib\lwjgl 3.3.0\lwjgl-glfw-sources.jar;C:\Users\robat\Documents\Programming\Java\General-Workspace\OpenGL\lib\lwjgl 3.3.0\lwjgl-javadoc.jar;C:\Users\robat\Documents\Programming\Java\General-Workspace\OpenGL\lib\lwjgl 3.3.0\lwjgl-jawt.jar;C:\Users\robat\Documents\Programming\Java\General-Workspace\OpenGL\lib\lwjgl 3.3.0\lwjgl-jawt-javadoc.jar;C:\Users\robat\Documents\Programming\Java\General-Workspace\OpenGL\lib\lwjgl 3.3.0\lwjgl-jawt-sources.jar;C:\Users\robat\Documents\Programming\Java\General-Workspace\OpenGL\lib\lwjgl 3.3.0\lwjgl-natives-windows.jar;C:\Users\robat\Documents\Programming\Java\General-Workspace\OpenGL\lib\lwjgl 3.3.0\lwjgl-nfd.jar;C:\Users\robat\Documents\Programming\Java\General-Workspace\OpenGL\lib\lwjgl 3.3.0\lwjgl-nfd-javadoc.jar;C:\Users\robat\Documents\Programming\Java\General-Workspace\OpenGL\lib\lwjgl 3.3.0\lwjgl-nfd-natives-windows.jar;C:\Users\robat\Documents\Programming\Java\General-Workspace\OpenGL\lib\lwjgl 3.3.0\lwjgl-nfd-sources.jar;C:\Users\robat\Documents\Programming\Java\General-Workspace\OpenGL\lib\lwjgl 3.3.0\lwjgl-openal.jar;C:\Users\robat\Documents\Programming\Java\General-Workspace\OpenGL\lib\lwjgl 3.3.0\lwjgl-openal-javadoc.jar;C:\Users\robat\Documents\Programming\Java\General-Workspace\OpenGL\lib\lwjgl 3.3.0\lwjgl-openal-natives-windows.jar;C:\Users\robat\Documents\Programming\Java\General-Workspace\OpenGL\lib\lwjgl 3.3.0\lwjgl-openal-sources.jar;C:\Users\
Launcher Type: SUN_STANDARD

[Global flags]
     intx CICompilerCount                          = 12                                        {product} {ergonomic}
     uint ConcGCThreads                            = 4                                         {product} {ergonomic}
     uint G1ConcRefinementThreads                  = 15                                        {product} {ergonomic}
   size_t G1HeapRegionSize                         = 4194304                                   {product} {ergonomic}
    uintx GCDrainStackTargetSize                   = 64                                        {product} {ergonomic}
   size_t InitialHeapSize                          = 402653184                                 {product} {ergonomic}
   size_t MarkStackSize                            = 4194304                                   {product} {ergonomic}
   size_t MaxHeapSize                              = 6417285120                                {product} {ergonomic}
   size_t MaxNewSize                               = 3850371072                                {product} {ergonomic}
   size_t MinHeapDeltaBytes                        = 4194304                                   {product} {ergonomic}
   size_t MinHeapSize                              = 8388608                                   {product} {ergonomic}
    uintx NonNMethodCodeHeapSize                   = 7602480                                {pd product} {ergonomic}
    uintx NonProfiledCodeHeapSize                  = 122027880                              {pd product} {ergonomic}
    uintx ProfiledCodeHeapSize                     = 122027880                              {pd product} {ergonomic}
    uintx ReservedCodeCacheSize                    = 251658240                              {pd product} {ergonomic}
     bool SegmentedCodeCache                       = true                                      {product} {ergonomic}
     bool ShowCodeDetailsInExceptionMessages       = true                                   {manageable} {command line}
   size_t SoftMaxHeapSize                          = 6417285120                             {manageable} {ergonomic}
     bool UseCompressedClassPointers               = true                           {product lp64_product} {ergonomic}
     bool UseCompressedOops                        = true                           {product lp64_product} {ergonomic}
     bool UseG1GC                                  = true                                      {product} {ergonomic}
     bool UseLargePagesIndividualAllocation        = false                                  {pd product} {ergonomic}

Logging:
Log output configuration:
 #0: stdout all=warning uptime,level,tags
 #1: stderr all=off uptime,level,tags

Environment Variables:
PATH=C:/Users/robat/.p2/pool/plugins/org.eclipse.justj.openjdk.hotspot.jre.full.win32.x86_64_17.0.1.v20211116-1657/jre/bin/server;C:/Users/robat/.p2/pool/plugins/org.eclipse.justj.openjdk.hotspot.jre.full.win32.x86_64_17.0.1.v20211116-1657/jre/bin;C:\Program Files (x86)\Razer Chroma SDK\bin;C:\Program Files\Razer Chroma SDK\bin;C:\Program Files (x86)\Razer\ChromaBroadcast\bin;C:\Program Files\Razer\ChromaBroadcast\bin;C:\Program Files (x86)\Common Files\Intel\Shared Libraries\redist\intel64\compiler;C:\Program Files (x86)\Common Files\Oracle\Java\javapath;C:\WINDOWS\system32;C:\WINDOWS;C:\WINDOWS\System32\Wbem;C:\WINDOWS\System32\WindowsPowerShell\v1.0\;C:\WINDOWS\System32\OpenSSH\;C:\Program Files\NVIDIA Corporation\NVIDIA NvDLISR;C:\Program Files\Git\cmd;C:\Program Files\Gource\cmd;C:\Program Files (x86)\NVIDIA Corporation\PhysX\Common;C:\Program Files\dotnet\;C:\Users\robat\AppData\Local\Microsoft\WindowsApps;C:\Users\robat\AppData\Local\Programs\Microsoft VS Code\bin;C:\Users\robat\.dotnet\tools;C:\WINDOWS\system32\config\systemprofile\AppData\Local\Microsoft\WindowsApps;C:\Program Files\nodejs\;C:\Users\robat\AppData\Local\Microsoft\WindowsApps;;C:\Users\robat\AppData\Local\Programs\Microsoft VS Code\bin;C:\Users\robat\.dotnet\tools;C:\Users\robat\AppData\Roaming\npm;C:\WINDOWS\system32;
USERNAME=robat
OS=Windows_NT
PROCESSOR_IDENTIFIER=Intel64 Family 6 Model 165 Stepping 5, GenuineIntel



---------------  S Y S T E M  ---------------

OS:
 Windows 10 , 64 bit Build 19041 (10.0.19041.1503)
OS uptime: 0 days 9:27 hours

CPU: total 20 (initial active 20) (10 cores per cpu, 2 threads per core) family 6 model 165 stepping 5 microcode 0xe2, cx8, cmov, fxsr, ht, mmx, 3dnowpref, sse, sse2, sse3, ssse3, sse4.1, sse4.2, popcnt, lzcnt, tsc, tscinvbit, avx, avx2, aes, erms, clmul, bmi1, bmi2, adx, fma, vzeroupper, clflush, clflushopt

Memory: 4k page, system-wide physical 24477M (16343M free)
TotalPageFile size 29388M (AvailPageFile size 14660M)
current process WorkingSet (physical memory assigned to process): 92M, peak: 92M
current process commit charge ("private bytes"): 535M, peak: 535M

vm_info: OpenJDK 64-Bit Server VM (17.0.1+12) for windows-amd64 JRE (17.0.1+12), built on Oct 20 2021 07:42:55 by "" with MS VC++ 16.7 (VS2019)

END.
